Command line:
   fsm_convol_isim_beh.exe
     -simmode  gui
     -simrunnum  0
     -socket  51629

Thu Nov 14 10:46:26 2024


 Elaboration Time: 0.015625 sec

 Current Memory Usage: 5150.82 Meg

 Total Signals          : 10
 Total Nets             : 13
 Total Signal Drivers   : 7
 Total Blocks           : 4
 Total Primitive Blocks : 4
 Total Processes        : 1
 Total Traceable Variables  : 10
 Total Scalar Nets and Variables : 391
Total Line Count : 41
Total Line Count : 41

 Total Simulation Time: 0.078125 sec

 Current Memory Usage: 5150.82 Meg

Thu Nov 14 10:46:54 2024

