ISim log file
Running: C:\Users\Usuario_UMA\Desktop\ssee_convol_p1\bloque_convol_bloque_convol_sch_tb_isim_beh.exe -intstyle ise -gui -tclbatch isim.cmd -wdb C:/Users/Usuario_UMA/Desktop/ssee_convol_p1/bloque_convol_bloque_convol_sch_tb_isim_beh.wdb 
ISim P.20131013 (signature 0x7708f090)
WARNING: A WEBPACK license was found.
WARNING: Please use Xilinx License Configuration Manager to check out a full ISim license.
WARNING: ISim will run in Lite mode. Please refer to the ISim documentation for more information on the differences between the Lite and the Full version.
This is a Lite version of ISim.
Time resolution is 1 ps
# onerror resume
# wave add /
# run 1000 ns
Simulator is doing circuit initialization process.
at 0 ps, Instance /bloque_convol_bloque_convol_sch_tb/UUT/XLXI_3/XLXI_4/ : Warning: There is an 'U'|'X'|'W'|'Z'|'-' in an arithmetic operand, the result will be 'X'(es).
Finished circuit initialization process.
at 4 ns(1), Instance /bloque_convol_bloque_convol_sch_tb/UUT/XLXI_36/XLXI_5/U0/native_mem_module/mem_module/ : Warning: CONV_INTEGER: There is an 'U'|'X'|'W'|'Z'|'-' in an arithmetic operand, and it has been converted to 0.
at 14 ns(1), Instance /bloque_convol_bloque_convol_sch_tb/UUT/XLXI_36/XLXI_5/U0/native_mem_module/mem_module/ : Warning: CONV_INTEGER: There is an 'U'|'X'|'W'|'Z'|'-' in an arithmetic operand, and it has been converted to 0.
at 24 ns(1), Instance /bloque_convol_bloque_convol_sch_tb/UUT/XLXI_36/XLXI_5/U0/native_mem_module/mem_module/ : Warning: CONV_INTEGER: There is an 'U'|'X'|'W'|'Z'|'-' in an arithmetic operand, and it has been converted to 0.
at 34 ns(1), Instance /bloque_convol_bloque_convol_sch_tb/UUT/XLXI_36/XLXI_5/U0/native_mem_module/mem_module/ : Warning: CONV_INTEGER: There is an 'U'|'X'|'W'|'Z'|'-' in an arithmetic operand, and it has been converted to 0.
at 44 ns(1), Instance /bloque_convol_bloque_convol_sch_tb/UUT/XLXI_36/XLXI_5/U0/native_mem_module/mem_module/ : Warning: CONV_INTEGER: There is an 'U'|'X'|'W'|'Z'|'-' in an arithmetic operand, and it has been converted to 0.
at 54 ns(1), Instance /bloque_convol_bloque_convol_sch_tb/UUT/XLXI_36/XLXI_5/U0/native_mem_module/mem_module/ : Warning: CONV_INTEGER: There is an 'U'|'X'|'W'|'Z'|'-' in an arithmetic operand, and it has been converted to 0.
at 64 ns(1), Instance /bloque_convol_bloque_convol_sch_tb/UUT/XLXI_36/XLXI_5/U0/native_mem_module/mem_module/ : Warning: CONV_INTEGER: There is an 'U'|'X'|'W'|'Z'|'-' in an arithmetic operand, and it has been converted to 0.
at 74 ns(1), Instance /bloque_convol_bloque_convol_sch_tb/UUT/XLXI_36/XLXI_5/U0/native_mem_module/mem_module/ : Warning: CONV_INTEGER: There is an 'U'|'X'|'W'|'Z'|'-' in an arithmetic operand, and it has been converted to 0.
at 84 ns(1), Instance /bloque_convol_bloque_convol_sch_tb/UUT/XLXI_36/XLXI_5/U0/native_mem_module/mem_module/ : Warning: CONV_INTEGER: There is an 'U'|'X'|'W'|'Z'|'-' in an arithmetic operand, and it has been converted to 0.
at 94 ns(1), Instance /bloque_convol_bloque_convol_sch_tb/UUT/XLXI_36/XLXI_5/U0/native_mem_module/mem_module/ : Warning: CONV_INTEGER: There is an 'U'|'X'|'W'|'Z'|'-' in an arithmetic operand, and it has been converted to 0.
at 104 ns(1), Instance /bloque_convol_bloque_convol_sch_tb/UUT/XLXI_36/XLXI_5/U0/native_mem_module/mem_module/ : Warning: CONV_INTEGER: There is an 'U'|'X'|'W'|'Z'|'-' in an arithmetic operand, and it has been converted to 0.
at 114 ns(1), Instance /bloque_convol_bloque_convol_sch_tb/UUT/XLXI_36/XLXI_5/U0/native_mem_module/mem_module/ : Warning: CONV_INTEGER: There is an 'U'|'X'|'W'|'Z'|'-' in an arithmetic operand, and it has been converted to 0.
at 124 ns(1), Instance /bloque_convol_bloque_convol_sch_tb/UUT/XLXI_36/XLXI_5/U0/native_mem_module/mem_module/ : Warning: CONV_INTEGER: There is an 'U'|'X'|'W'|'Z'|'-' in an arithmetic operand, and it has been converted to 0.
at 134 ns(1), Instance /bloque_convol_bloque_convol_sch_tb/UUT/XLXI_36/XLXI_5/U0/native_mem_module/mem_module/ : Warning: CONV_INTEGER: There is an 'U'|'X'|'W'|'Z'|'-' in an arithmetic operand, and it has been converted to 0.
at 144 ns(1), Instance /bloque_convol_bloque_convol_sch_tb/UUT/XLXI_36/XLXI_5/U0/native_mem_module/mem_module/ : Warning: CONV_INTEGER: There is an 'U'|'X'|'W'|'Z'|'-' in an arithmetic operand, and it has been converted to 0.
at 154 ns(1), Instance /bloque_convol_bloque_convol_sch_tb/UUT/XLXI_36/XLXI_5/U0/native_mem_module/mem_module/ : Warning: CONV_INTEGER: There is an 'U'|'X'|'W'|'Z'|'-' in an arithmetic operand, and it has been converted to 0.
at 164 ns(1), Instance /bloque_convol_bloque_convol_sch_tb/UUT/XLXI_36/XLXI_5/U0/native_mem_module/mem_module/ : Warning: CONV_INTEGER: There is an 'U'|'X'|'W'|'Z'|'-' in an arithmetic operand, and it has been converted to 0.
at 174 ns(1), Instance /bloque_convol_bloque_convol_sch_tb/UUT/XLXI_36/XLXI_5/U0/native_mem_module/mem_module/ : Warning: CONV_INTEGER: There is an 'U'|'X'|'W'|'Z'|'-' in an arithmetic operand, and it has been converted to 0.
at 184 ns(1), Instance /bloque_convol_bloque_convol_sch_tb/UUT/XLXI_36/XLXI_5/U0/native_mem_module/mem_module/ : Warning: CONV_INTEGER: There is an 'U'|'X'|'W'|'Z'|'-' in an arithmetic operand, and it has been converted to 0.
at 194 ns(1), Instance /bloque_convol_bloque_convol_sch_tb/UUT/XLXI_36/XLXI_5/U0/native_mem_module/mem_module/ : Warning: CONV_INTEGER: There is an 'U'|'X'|'W'|'Z'|'-' in an arithmetic operand, and it has been converted to 0.
at 204 ns(1), Instance /bloque_convol_bloque_convol_sch_tb/UUT/XLXI_36/XLXI_5/U0/native_mem_module/mem_module/ : Warning: CONV_INTEGER: There is an 'U'|'X'|'W'|'Z'|'-' in an arithmetic operand, and it has been converted to 0.
at 214 ns(1), Instance /bloque_convol_bloque_convol_sch_tb/UUT/XLXI_36/XLXI_5/U0/native_mem_module/mem_module/ : Warning: CONV_INTEGER: There is an 'U'|'X'|'W'|'Z'|'-' in an arithmetic operand, and it has been converted to 0.
at 224 ns(1), Instance /bloque_convol_bloque_convol_sch_tb/UUT/XLXI_36/XLXI_5/U0/native_mem_module/mem_module/ : Warning: CONV_INTEGER: There is an 'U'|'X'|'W'|'Z'|'-' in an arithmetic operand, and it has been converted to 0.
at 234 ns(1), Instance /bloque_convol_bloque_convol_sch_tb/UUT/XLXI_36/XLXI_5/U0/native_mem_module/mem_module/ : Warning: CONV_INTEGER: There is an 'U'|'X'|'W'|'Z'|'-' in an arithmetic operand, and it has been converted to 0.
at 244 ns(1), Instance /bloque_convol_bloque_convol_sch_tb/UUT/XLXI_36/XLXI_5/U0/native_mem_module/mem_module/ : Warning: CONV_INTEGER: There is an 'U'|'X'|'W'|'Z'|'-' in an arithmetic operand, and it has been converted to 0.
at 254 ns(1), Instance /bloque_convol_bloque_convol_sch_tb/UUT/XLXI_36/XLXI_5/U0/native_mem_module/mem_module/ : Warning: CONV_INTEGER: There is an 'U'|'X'|'W'|'Z'|'-' in an arithmetic operand, and it has been converted to 0.
at 264 ns(1), Instance /bloque_convol_bloque_convol_sch_tb/UUT/XLXI_36/XLXI_5/U0/native_mem_module/mem_module/ : Warning: CONV_INTEGER: There is an 'U'|'X'|'W'|'Z'|'-' in an arithmetic operand, and it has been converted to 0.
at 274 ns(1), Instance /bloque_convol_bloque_convol_sch_tb/UUT/XLXI_36/XLXI_5/U0/native_mem_module/mem_module/ : Warning: CONV_INTEGER: There is an 'U'|'X'|'W'|'Z'|'-' in an arithmetic operand, and it has been converted to 0.
at 284 ns(1), Instance /bloque_convol_bloque_convol_sch_tb/UUT/XLXI_36/XLXI_5/U0/native_mem_module/mem_module/ : Warning: CONV_INTEGER: There is an 'U'|'X'|'W'|'Z'|'-' in an arithmetic operand, and it has been converted to 0.
at 294 ns(1), Instance /bloque_convol_bloque_convol_sch_tb/UUT/XLXI_36/XLXI_5/U0/native_mem_module/mem_module/ : Warning: CONV_INTEGER: There is an 'U'|'X'|'W'|'Z'|'-' in an arithmetic operand, and it has been converted to 0.
at 304 ns(1), Instance /bloque_convol_bloque_convol_sch_tb/UUT/XLXI_36/XLXI_5/U0/native_mem_module/mem_module/ : Warning: CONV_INTEGER: There is an 'U'|'X'|'W'|'Z'|'-' in an arithmetic operand, and it has been converted to 0.
at 314 ns(1), Instance /bloque_convol_bloque_convol_sch_tb/UUT/XLXI_36/XLXI_5/U0/native_mem_module/mem_module/ : Warning: CONV_INTEGER: There is an 'U'|'X'|'W'|'Z'|'-' in an arithmetic operand, and it has been converted to 0.
at 324 ns(1), Instance /bloque_convol_bloque_convol_sch_tb/UUT/XLXI_36/XLXI_5/U0/native_mem_module/mem_module/ : Warning: CONV_INTEGER: There is an 'U'|'X'|'W'|'Z'|'-' in an arithmetic operand, and it has been converted to 0.
at 334 ns(1), Instance /bloque_convol_bloque_convol_sch_tb/UUT/XLXI_36/XLXI_5/U0/native_mem_module/mem_module/ : Warning: CONV_INTEGER: There is an 'U'|'X'|'W'|'Z'|'-' in an arithmetic operand, and it has been converted to 0.
at 344 ns(1), Instance /bloque_convol_bloque_convol_sch_tb/UUT/XLXI_36/XLXI_5/U0/native_mem_module/mem_module/ : Warning: CONV_INTEGER: There is an 'U'|'X'|'W'|'Z'|'-' in an arithmetic operand, and it has been converted to 0.
at 354 ns(1), Instance /bloque_convol_bloque_convol_sch_tb/UUT/XLXI_36/XLXI_5/U0/native_mem_module/mem_module/ : Warning: CONV_INTEGER: There is an 'U'|'X'|'W'|'Z'|'-' in an arithmetic operand, and it has been converted to 0.
at 364 ns(1), Instance /bloque_convol_bloque_convol_sch_tb/UUT/XLXI_36/XLXI_5/U0/native_mem_module/mem_module/ : Warning: CONV_INTEGER: There is an 'U'|'X'|'W'|'Z'|'-' in an arithmetic operand, and it has been converted to 0.
at 374 ns(1), Instance /bloque_convol_bloque_convol_sch_tb/UUT/XLXI_36/XLXI_5/U0/native_mem_module/mem_module/ : Warning: CONV_INTEGER: There is an 'U'|'X'|'W'|'Z'|'-' in an arithmetic operand, and it has been converted to 0.
at 384 ns(1), Instance /bloque_convol_bloque_convol_sch_tb/UUT/XLXI_36/XLXI_5/U0/native_mem_module/mem_module/ : Warning: CONV_INTEGER: There is an 'U'|'X'|'W'|'Z'|'-' in an arithmetic operand, and it has been converted to 0.
at 394 ns(1), Instance /bloque_convol_bloque_convol_sch_tb/UUT/XLXI_36/XLXI_5/U0/native_mem_module/mem_module/ : Warning: CONV_INTEGER: There is an 'U'|'X'|'W'|'Z'|'-' in an arithmetic operand, and it has been converted to 0.
at 404 ns(1), Instance /bloque_convol_bloque_convol_sch_tb/UUT/XLXI_36/XLXI_5/U0/native_mem_module/mem_module/ : Warning: CONV_INTEGER: There is an 'U'|'X'|'W'|'Z'|'-' in an arithmetic operand, and it has been converted to 0.
at 414 ns(1), Instance /bloque_convol_bloque_convol_sch_tb/UUT/XLXI_36/XLXI_5/U0/native_mem_module/mem_module/ : Warning: CONV_INTEGER: There is an 'U'|'X'|'W'|'Z'|'-' in an arithmetic operand, and it has been converted to 0.
at 424 ns(1), Instance /bloque_convol_bloque_convol_sch_tb/UUT/XLXI_36/XLXI_5/U0/native_mem_module/mem_module/ : Warning: CONV_INTEGER: There is an 'U'|'X'|'W'|'Z'|'-' in an arithmetic operand, and it has been converted to 0.
at 434 ns(1), Instance /bloque_convol_bloque_convol_sch_tb/UUT/XLXI_36/XLXI_5/U0/native_mem_module/mem_module/ : Warning: CONV_INTEGER: There is an 'U'|'X'|'W'|'Z'|'-' in an arithmetic operand, and it has been converted to 0.
at 444 ns(1), Instance /bloque_convol_bloque_convol_sch_tb/UUT/XLXI_36/XLXI_5/U0/native_mem_module/mem_module/ : Warning: CONV_INTEGER: There is an 'U'|'X'|'W'|'Z'|'-' in an arithmetic operand, and it has been converted to 0.
at 454 ns(1), Instance /bloque_convol_bloque_convol_sch_tb/UUT/XLXI_36/XLXI_5/U0/native_mem_module/mem_module/ : Warning: CONV_INTEGER: There is an 'U'|'X'|'W'|'Z'|'-' in an arithmetic operand, and it has been converted to 0.
at 464 ns(1), Instance /bloque_convol_bloque_convol_sch_tb/UUT/XLXI_36/XLXI_5/U0/native_mem_module/mem_module/ : Warning: CONV_INTEGER: There is an 'U'|'X'|'W'|'Z'|'-' in an arithmetic operand, and it has been converted to 0.
at 474 ns(1), Instance /bloque_convol_bloque_convol_sch_tb/UUT/XLXI_36/XLXI_5/U0/native_mem_module/mem_module/ : Warning: CONV_INTEGER: There is an 'U'|'X'|'W'|'Z'|'-' in an arithmetic operand, and it has been converted to 0.
at 484 ns(1), Instance /bloque_convol_bloque_convol_sch_tb/UUT/XLXI_36/XLXI_5/U0/native_mem_module/mem_module/ : Warning: CONV_INTEGER: There is an 'U'|'X'|'W'|'Z'|'-' in an arithmetic operand, and it has been converted to 0.
at 494 ns(1), Instance /bloque_convol_bloque_convol_sch_tb/UUT/XLXI_36/XLXI_5/U0/native_mem_module/mem_module/ : Warning: CONV_INTEGER: There is an 'U'|'X'|'W'|'Z'|'-' in an arithmetic operand, and it has been converted to 0.
at 504 ns(1), Instance /bloque_convol_bloque_convol_sch_tb/UUT/XLXI_36/XLXI_5/U0/native_mem_module/mem_module/ : Warning: CONV_INTEGER: There is an 'U'|'X'|'W'|'Z'|'-' in an arithmetic operand, and it has been converted to 0.
at 514 ns(1), Instance /bloque_convol_bloque_convol_sch_tb/UUT/XLXI_36/XLXI_5/U0/native_mem_module/mem_module/ : Warning: CONV_INTEGER: There is an 'U'|'X'|'W'|'Z'|'-' in an arithmetic operand, and it has been converted to 0.
at 524 ns(1), Instance /bloque_convol_bloque_convol_sch_tb/UUT/XLXI_36/XLXI_5/U0/native_mem_module/mem_module/ : Warning: CONV_INTEGER: There is an 'U'|'X'|'W'|'Z'|'-' in an arithmetic operand, and it has been converted to 0.
at 534 ns(1), Instance /bloque_convol_bloque_convol_sch_tb/UUT/XLXI_36/XLXI_5/U0/native_mem_module/mem_module/ : Warning: CONV_INTEGER: There is an 'U'|'X'|'W'|'Z'|'-' in an arithmetic operand, and it has been converted to 0.
at 544 ns(1), Instance /bloque_convol_bloque_convol_sch_tb/UUT/XLXI_36/XLXI_5/U0/native_mem_module/mem_module/ : Warning: CONV_INTEGER: There is an 'U'|'X'|'W'|'Z'|'-' in an arithmetic operand, and it has been converted to 0.
at 554 ns(1), Instance /bloque_convol_bloque_convol_sch_tb/UUT/XLXI_36/XLXI_5/U0/native_mem_module/mem_module/ : Warning: CONV_INTEGER: There is an 'U'|'X'|'W'|'Z'|'-' in an arithmetic operand, and it has been converted to 0.
at 564 ns(1), Instance /bloque_convol_bloque_convol_sch_tb/UUT/XLXI_36/XLXI_5/U0/native_mem_module/mem_module/ : Warning: CONV_INTEGER: There is an 'U'|'X'|'W'|'Z'|'-' in an arithmetic operand, and it has been converted to 0.
at 574 ns(1), Instance /bloque_convol_bloque_convol_sch_tb/UUT/XLXI_36/XLXI_5/U0/native_mem_module/mem_module/ : Warning: CONV_INTEGER: There is an 'U'|'X'|'W'|'Z'|'-' in an arithmetic operand, and it has been converted to 0.
at 584 ns(1), Instance /bloque_convol_bloque_convol_sch_tb/UUT/XLXI_36/XLXI_5/U0/native_mem_module/mem_module/ : Warning: CONV_INTEGER: There is an 'U'|'X'|'W'|'Z'|'-' in an arithmetic operand, and it has been converted to 0.
at 594 ns(1), Instance /bloque_convol_bloque_convol_sch_tb/UUT/XLXI_36/XLXI_5/U0/native_mem_module/mem_module/ : Warning: CONV_INTEGER: There is an 'U'|'X'|'W'|'Z'|'-' in an arithmetic operand, and it has been converted to 0.
at 604 ns(1), Instance /bloque_convol_bloque_convol_sch_tb/UUT/XLXI_36/XLXI_5/U0/native_mem_module/mem_module/ : Warning: CONV_INTEGER: There is an 'U'|'X'|'W'|'Z'|'-' in an arithmetic operand, and it has been converted to 0.
at 614 ns(1), Instance /bloque_convol_bloque_convol_sch_tb/UUT/XLXI_36/XLXI_5/U0/native_mem_module/mem_module/ : Warning: CONV_INTEGER: There is an 'U'|'X'|'W'|'Z'|'-' in an arithmetic operand, and it has been converted to 0.
at 624 ns(1), Instance /bloque_convol_bloque_convol_sch_tb/UUT/XLXI_36/XLXI_5/U0/native_mem_module/mem_module/ : Warning: CONV_INTEGER: There is an 'U'|'X'|'W'|'Z'|'-' in an arithmetic operand, and it has been converted to 0.
at 634 ns(1), Instance /bloque_convol_bloque_convol_sch_tb/UUT/XLXI_36/XLXI_5/U0/native_mem_module/mem_module/ : Warning: CONV_INTEGER: There is an 'U'|'X'|'W'|'Z'|'-' in an arithmetic operand, and it has been converted to 0.
at 644 ns(1), Instance /bloque_convol_bloque_convol_sch_tb/UUT/XLXI_36/XLXI_5/U0/native_mem_module/mem_module/ : Warning: CONV_INTEGER: There is an 'U'|'X'|'W'|'Z'|'-' in an arithmetic operand, and it has been converted to 0.
at 654 ns(1), Instance /bloque_convol_bloque_convol_sch_tb/UUT/XLXI_36/XLXI_5/U0/native_mem_module/mem_module/ : Warning: CONV_INTEGER: There is an 'U'|'X'|'W'|'Z'|'-' in an arithmetic operand, and it has been converted to 0.
at 664 ns(1), Instance /bloque_convol_bloque_convol_sch_tb/UUT/XLXI_36/XLXI_5/U0/native_mem_module/mem_module/ : Warning: CONV_INTEGER: There is an 'U'|'X'|'W'|'Z'|'-' in an arithmetic operand, and it has been converted to 0.
at 674 ns(1), Instance /bloque_convol_bloque_convol_sch_tb/UUT/XLXI_36/XLXI_5/U0/native_mem_module/mem_module/ : Warning: CONV_INTEGER: There is an 'U'|'X'|'W'|'Z'|'-' in an arithmetic operand, and it has been converted to 0.
at 684 ns(1), Instance /bloque_convol_bloque_convol_sch_tb/UUT/XLXI_36/XLXI_5/U0/native_mem_module/mem_module/ : Warning: CONV_INTEGER: There is an 'U'|'X'|'W'|'Z'|'-' in an arithmetic operand, and it has been converted to 0.
at 694 ns(1), Instance /bloque_convol_bloque_convol_sch_tb/UUT/XLXI_36/XLXI_5/U0/native_mem_module/mem_module/ : Warning: CONV_INTEGER: There is an 'U'|'X'|'W'|'Z'|'-' in an arithmetic operand, and it has been converted to 0.
at 704 ns(1), Instance /bloque_convol_bloque_convol_sch_tb/UUT/XLXI_36/XLXI_5/U0/native_mem_module/mem_module/ : Warning: CONV_INTEGER: There is an 'U'|'X'|'W'|'Z'|'-' in an arithmetic operand, and it has been converted to 0.
at 714 ns(1), Instance /bloque_convol_bloque_convol_sch_tb/UUT/XLXI_36/XLXI_5/U0/native_mem_module/mem_module/ : Warning: CONV_INTEGER: There is an 'U'|'X'|'W'|'Z'|'-' in an arithmetic operand, and it has been converted to 0.
at 724 ns(1), Instance /bloque_convol_bloque_convol_sch_tb/UUT/XLXI_36/XLXI_5/U0/native_mem_module/mem_module/ : Warning: CONV_INTEGER: There is an 'U'|'X'|'W'|'Z'|'-' in an arithmetic operand, and it has been converted to 0.
at 734 ns(1), Instance /bloque_convol_bloque_convol_sch_tb/UUT/XLXI_36/XLXI_5/U0/native_mem_module/mem_module/ : Warning: CONV_INTEGER: There is an 'U'|'X'|'W'|'Z'|'-' in an arithmetic operand, and it has been converted to 0.
at 744 ns(1), Instance /bloque_convol_bloque_convol_sch_tb/UUT/XLXI_36/XLXI_5/U0/native_mem_module/mem_module/ : Warning: CONV_INTEGER: There is an 'U'|'X'|'W'|'Z'|'-' in an arithmetic operand, and it has been converted to 0.
at 754 ns(1), Instance /bloque_convol_bloque_convol_sch_tb/UUT/XLXI_36/XLXI_5/U0/native_mem_module/mem_module/ : Warning: CONV_INTEGER: There is an 'U'|'X'|'W'|'Z'|'-' in an arithmetic operand, and it has been converted to 0.
at 764 ns(1), Instance /bloque_convol_bloque_convol_sch_tb/UUT/XLXI_36/XLXI_5/U0/native_mem_module/mem_module/ : Warning: CONV_INTEGER: There is an 'U'|'X'|'W'|'Z'|'-' in an arithmetic operand, and it has been converted to 0.
at 774 ns(1), Instance /bloque_convol_bloque_convol_sch_tb/UUT/XLXI_36/XLXI_5/U0/native_mem_module/mem_module/ : Warning: CONV_INTEGER: There is an 'U'|'X'|'W'|'Z'|'-' in an arithmetic operand, and it has been converted to 0.
at 784 ns(1), Instance /bloque_convol_bloque_convol_sch_tb/UUT/XLXI_36/XLXI_5/U0/native_mem_module/mem_module/ : Warning: CONV_INTEGER: There is an 'U'|'X'|'W'|'Z'|'-' in an arithmetic operand, and it has been converted to 0.
at 794 ns(1), Instance /bloque_convol_bloque_convol_sch_tb/UUT/XLXI_36/XLXI_5/U0/native_mem_module/mem_module/ : Warning: CONV_INTEGER: There is an 'U'|'X'|'W'|'Z'|'-' in an arithmetic operand, and it has been converted to 0.
at 804 ns(1), Instance /bloque_convol_bloque_convol_sch_tb/UUT/XLXI_36/XLXI_5/U0/native_mem_module/mem_module/ : Warning: CONV_INTEGER: There is an 'U'|'X'|'W'|'Z'|'-' in an arithmetic operand, and it has been converted to 0.
at 814 ns(1), Instance /bloque_convol_bloque_convol_sch_tb/UUT/XLXI_36/XLXI_5/U0/native_mem_module/mem_module/ : Warning: CONV_INTEGER: There is an 'U'|'X'|'W'|'Z'|'-' in an arithmetic operand, and it has been converted to 0.
at 824 ns(1), Instance /bloque_convol_bloque_convol_sch_tb/UUT/XLXI_36/XLXI_5/U0/native_mem_module/mem_module/ : Warning: CONV_INTEGER: There is an 'U'|'X'|'W'|'Z'|'-' in an arithmetic operand, and it has been converted to 0.
at 834 ns(1), Instance /bloque_convol_bloque_convol_sch_tb/UUT/XLXI_36/XLXI_5/U0/native_mem_module/mem_module/ : Warning: CONV_INTEGER: There is an 'U'|'X'|'W'|'Z'|'-' in an arithmetic operand, and it has been converted to 0.
# restart
# run 1.00us
Simulator is doing circuit initialization process.
Finished circuit initialization process.
at 4 ns(1), Instance /bloque_convol_bloque_convol_sch_tb/UUT/XLXI_36/XLXI_5/U0/native_mem_module/mem_module/ : Warning: CONV_INTEGER: There is an 'U'|'X'|'W'|'Z'|'-' in an arithmetic operand, and it has been converted to 0.
at 14 ns(1), Instance /bloque_convol_bloque_convol_sch_tb/UUT/XLXI_36/XLXI_5/U0/native_mem_module/mem_module/ : Warning: CONV_INTEGER: There is an 'U'|'X'|'W'|'Z'|'-' in an arithmetic operand, and it has been converted to 0.
at 24 ns(1), Instance /bloque_convol_bloque_convol_sch_tb/UUT/XLXI_36/XLXI_5/U0/native_mem_module/mem_module/ : Warning: CONV_INTEGER: There is an 'U'|'X'|'W'|'Z'|'-' in an arithmetic operand, and it has been converted to 0.
at 34 ns(1), Instance /bloque_convol_bloque_convol_sch_tb/UUT/XLXI_36/XLXI_5/U0/native_mem_module/mem_module/ : Warning: CONV_INTEGER: There is an 'U'|'X'|'W'|'Z'|'-' in an arithmetic operand, and it has been converted to 0.
at 44 ns(1), Instance /bloque_convol_bloque_convol_sch_tb/UUT/XLXI_36/XLXI_5/U0/native_mem_module/mem_module/ : Warning: CONV_INTEGER: There is an 'U'|'X'|'W'|'Z'|'-' in an arithmetic operand, and it has been converted to 0.
at 54 ns(1), Instance /bloque_convol_bloque_convol_sch_tb/UUT/XLXI_36/XLXI_5/U0/native_mem_module/mem_module/ : Warning: CONV_INTEGER: There is an 'U'|'X'|'W'|'Z'|'-' in an arithmetic operand, and it has been converted to 0.
at 64 ns(1), Instance /bloque_convol_bloque_convol_sch_tb/UUT/XLXI_36/XLXI_5/U0/native_mem_module/mem_module/ : Warning: CONV_INTEGER: There is an 'U'|'X'|'W'|'Z'|'-' in an arithmetic operand, and it has been converted to 0.
at 74 ns(1), Instance /bloque_convol_bloque_convol_sch_tb/UUT/XLXI_36/XLXI_5/U0/native_mem_module/mem_module/ : Warning: CONV_INTEGER: There is an 'U'|'X'|'W'|'Z'|'-' in an arithmetic operand, and it has been converted to 0.
at 84 ns(1), Instance /bloque_convol_bloque_convol_sch_tb/UUT/XLXI_36/XLXI_5/U0/native_mem_module/mem_module/ : Warning: CONV_INTEGER: There is an 'U'|'X'|'W'|'Z'|'-' in an arithmetic operand, and it has been converted to 0.
at 94 ns(1), Instance /bloque_convol_bloque_convol_sch_tb/UUT/XLXI_36/XLXI_5/U0/native_mem_module/mem_module/ : Warning: CONV_INTEGER: There is an 'U'|'X'|'W'|'Z'|'-' in an arithmetic operand, and it has been converted to 0.
at 104 ns(1), Instance /bloque_convol_bloque_convol_sch_tb/UUT/XLXI_36/XLXI_5/U0/native_mem_module/mem_module/ : Warning: CONV_INTEGER: There is an 'U'|'X'|'W'|'Z'|'-' in an arithmetic operand, and it has been converted to 0.
at 114 ns(1), Instance /bloque_convol_bloque_convol_sch_tb/UUT/XLXI_36/XLXI_5/U0/native_mem_module/mem_module/ : Warning: CONV_INTEGER: There is an 'U'|'X'|'W'|'Z'|'-' in an arithmetic operand, and it has been converted to 0.
at 124 ns(1), Instance /bloque_convol_bloque_convol_sch_tb/UUT/XLXI_36/XLXI_5/U0/native_mem_module/mem_module/ : Warning: CONV_INTEGER: There is an 'U'|'X'|'W'|'Z'|'-' in an arithmetic operand, and it has been converted to 0.
at 134 ns(1), Instance /bloque_convol_bloque_convol_sch_tb/UUT/XLXI_36/XLXI_5/U0/native_mem_module/mem_module/ : Warning: CONV_INTEGER: There is an 'U'|'X'|'W'|'Z'|'-' in an arithmetic operand, and it has been converted to 0.
at 144 ns(1), Instance /bloque_convol_bloque_convol_sch_tb/UUT/XLXI_36/XLXI_5/U0/native_mem_module/mem_module/ : Warning: CONV_INTEGER: There is an 'U'|'X'|'W'|'Z'|'-' in an arithmetic operand, and it has been converted to 0.
at 154 ns(1), Instance /bloque_convol_bloque_convol_sch_tb/UUT/XLXI_36/XLXI_5/U0/native_mem_module/mem_module/ : Warning: CONV_INTEGER: There is an 'U'|'X'|'W'|'Z'|'-' in an arithmetic operand, and it has been converted to 0.
at 164 ns(1), Instance /bloque_convol_bloque_convol_sch_tb/UUT/XLXI_36/XLXI_5/U0/native_mem_module/mem_module/ : Warning: CONV_INTEGER: There is an 'U'|'X'|'W'|'Z'|'-' in an arithmetic operand, and it has been converted to 0.
at 174 ns(1), Instance /bloque_convol_bloque_convol_sch_tb/UUT/XLXI_36/XLXI_5/U0/native_mem_module/mem_module/ : Warning: CONV_INTEGER: There is an 'U'|'X'|'W'|'Z'|'-' in an arithmetic operand, and it has been converted to 0.
at 184 ns(1), Instance /bloque_convol_bloque_convol_sch_tb/UUT/XLXI_36/XLXI_5/U0/native_mem_module/mem_module/ : Warning: CONV_INTEGER: There is an 'U'|'X'|'W'|'Z'|'-' in an arithmetic operand, and it has been converted to 0.
at 194 ns(1), Instance /bloque_convol_bloque_convol_sch_tb/UUT/XLXI_36/XLXI_5/U0/native_mem_module/mem_module/ : Warning: CONV_INTEGER: There is an 'U'|'X'|'W'|'Z'|'-' in an arithmetic operand, and it has been converted to 0.
at 204 ns(1), Instance /bloque_convol_bloque_convol_sch_tb/UUT/XLXI_36/XLXI_5/U0/native_mem_module/mem_module/ : Warning: CONV_INTEGER: There is an 'U'|'X'|'W'|'Z'|'-' in an arithmetic operand, and it has been converted to 0.
at 214 ns(1), Instance /bloque_convol_bloque_convol_sch_tb/UUT/XLXI_36/XLXI_5/U0/native_mem_module/mem_module/ : Warning: CONV_INTEGER: There is an 'U'|'X'|'W'|'Z'|'-' in an arithmetic operand, and it has been converted to 0.
at 224 ns(1), Instance /bloque_convol_bloque_convol_sch_tb/UUT/XLXI_36/XLXI_5/U0/native_mem_module/mem_module/ : Warning: CONV_INTEGER: There is an 'U'|'X'|'W'|'Z'|'-' in an arithmetic operand, and it has been converted to 0.
at 234 ns(1), Instance /bloque_convol_bloque_convol_sch_tb/UUT/XLXI_36/XLXI_5/U0/native_mem_module/mem_module/ : Warning: CONV_INTEGER: There is an 'U'|'X'|'W'|'Z'|'-' in an arithmetic operand, and it has been converted to 0.
at 244 ns(1), Instance /bloque_convol_bloque_convol_sch_tb/UUT/XLXI_36/XLXI_5/U0/native_mem_module/mem_module/ : Warning: CONV_INTEGER: There is an 'U'|'X'|'W'|'Z'|'-' in an arithmetic operand, and it has been converted to 0.
at 254 ns(1), Instance /bloque_convol_bloque_convol_sch_tb/UUT/XLXI_36/XLXI_5/U0/native_mem_module/mem_module/ : Warning: CONV_INTEGER: There is an 'U'|'X'|'W'|'Z'|'-' in an arithmetic operand, and it has been converted to 0.
at 264 ns(1), Instance /bloque_convol_bloque_convol_sch_tb/UUT/XLXI_36/XLXI_5/U0/native_mem_module/mem_module/ : Warning: CONV_INTEGER: There is an 'U'|'X'|'W'|'Z'|'-' in an arithmetic operand, and it has been converted to 0.
at 274 ns(1), Instance /bloque_convol_bloque_convol_sch_tb/UUT/XLXI_36/XLXI_5/U0/native_mem_module/mem_module/ : Warning: CONV_INTEGER: There is an 'U'|'X'|'W'|'Z'|'-' in an arithmetic operand, and it has been converted to 0.
at 284 ns(1), Instance /bloque_convol_bloque_convol_sch_tb/UUT/XLXI_36/XLXI_5/U0/native_mem_module/mem_module/ : Warning: CONV_INTEGER: There is an 'U'|'X'|'W'|'Z'|'-' in an arithmetic operand, and it has been converted to 0.
at 294 ns(1), Instance /bloque_convol_bloque_convol_sch_tb/UUT/XLXI_36/XLXI_5/U0/native_mem_module/mem_module/ : Warning: CONV_INTEGER: There is an 'U'|'X'|'W'|'Z'|'-' in an arithmetic operand, and it has been converted to 0.
at 304 ns(1), Instance /bloque_convol_bloque_convol_sch_tb/UUT/XLXI_36/XLXI_5/U0/native_mem_module/mem_module/ : Warning: CONV_INTEGER: There is an 'U'|'X'|'W'|'Z'|'-' in an arithmetic operand, and it has been converted to 0.
at 314 ns(1), Instance /bloque_convol_bloque_convol_sch_tb/UUT/XLXI_36/XLXI_5/U0/native_mem_module/mem_module/ : Warning: CONV_INTEGER: There is an 'U'|'X'|'W'|'Z'|'-' in an arithmetic operand, and it has been converted to 0.
at 324 ns(1), Instance /bloque_convol_bloque_convol_sch_tb/UUT/XLXI_36/XLXI_5/U0/native_mem_module/mem_module/ : Warning: CONV_INTEGER: There is an 'U'|'X'|'W'|'Z'|'-' in an arithmetic operand, and it has been converted to 0.
at 334 ns(1), Instance /bloque_convol_bloque_convol_sch_tb/UUT/XLXI_36/XLXI_5/U0/native_mem_module/mem_module/ : Warning: CONV_INTEGER: There is an 'U'|'X'|'W'|'Z'|'-' in an arithmetic operand, and it has been converted to 0.
at 344 ns(1), Instance /bloque_convol_bloque_convol_sch_tb/UUT/XLXI_36/XLXI_5/U0/native_mem_module/mem_module/ : Warning: CONV_INTEGER: There is an 'U'|'X'|'W'|'Z'|'-' in an arithmetic operand, and it has been converted to 0.
at 354 ns(1), Instance /bloque_convol_bloque_convol_sch_tb/UUT/XLXI_36/XLXI_5/U0/native_mem_module/mem_module/ : Warning: CONV_INTEGER: There is an 'U'|'X'|'W'|'Z'|'-' in an arithmetic operand, and it has been converted to 0.
at 364 ns(1), Instance /bloque_convol_bloque_convol_sch_tb/UUT/XLXI_36/XLXI_5/U0/native_mem_module/mem_module/ : Warning: CONV_INTEGER: There is an 'U'|'X'|'W'|'Z'|'-' in an arithmetic operand, and it has been converted to 0.
at 374 ns(1), Instance /bloque_convol_bloque_convol_sch_tb/UUT/XLXI_36/XLXI_5/U0/native_mem_module/mem_module/ : Warning: CONV_INTEGER: There is an 'U'|'X'|'W'|'Z'|'-' in an arithmetic operand, and it has been converted to 0.
at 384 ns(1), Instance /bloque_convol_bloque_convol_sch_tb/UUT/XLXI_36/XLXI_5/U0/native_mem_module/mem_module/ : Warning: CONV_INTEGER: There is an 'U'|'X'|'W'|'Z'|'-' in an arithmetic operand, and it has been converted to 0.
at 394 ns(1), Instance /bloque_convol_bloque_convol_sch_tb/UUT/XLXI_36/XLXI_5/U0/native_mem_module/mem_module/ : Warning: CONV_INTEGER: There is an 'U'|'X'|'W'|'Z'|'-' in an arithmetic operand, and it has been converted to 0.
at 404 ns(1), Instance /bloque_convol_bloque_convol_sch_tb/UUT/XLXI_36/XLXI_5/U0/native_mem_module/mem_module/ : Warning: CONV_INTEGER: There is an 'U'|'X'|'W'|'Z'|'-' in an arithmetic operand, and it has been converted to 0.
at 414 ns(1), Instance /bloque_convol_bloque_convol_sch_tb/UUT/XLXI_36/XLXI_5/U0/native_mem_module/mem_module/ : Warning: CONV_INTEGER: There is an 'U'|'X'|'W'|'Z'|'-' in an arithmetic operand, and it has been converted to 0.
at 424 ns(1), Instance /bloque_convol_bloque_convol_sch_tb/UUT/XLXI_36/XLXI_5/U0/native_mem_module/mem_module/ : Warning: CONV_INTEGER: There is an 'U'|'X'|'W'|'Z'|'-' in an arithmetic operand, and it has been converted to 0.
at 434 ns(1), Instance /bloque_convol_bloque_convol_sch_tb/UUT/XLXI_36/XLXI_5/U0/native_mem_module/mem_module/ : Warning: CONV_INTEGER: There is an 'U'|'X'|'W'|'Z'|'-' in an arithmetic operand, and it has been converted to 0.
at 444 ns(1), Instance /bloque_convol_bloque_convol_sch_tb/UUT/XLXI_36/XLXI_5/U0/native_mem_module/mem_module/ : Warning: CONV_INTEGER: There is an 'U'|'X'|'W'|'Z'|'-' in an arithmetic operand, and it has been converted to 0.
at 454 ns(1), Instance /bloque_convol_bloque_convol_sch_tb/UUT/XLXI_36/XLXI_5/U0/native_mem_module/mem_module/ : Warning: CONV_INTEGER: There is an 'U'|'X'|'W'|'Z'|'-' in an arithmetic operand, and it has been converted to 0.
at 464 ns(1), Instance /bloque_convol_bloque_convol_sch_tb/UUT/XLXI_36/XLXI_5/U0/native_mem_module/mem_module/ : Warning: CONV_INTEGER: There is an 'U'|'X'|'W'|'Z'|'-' in an arithmetic operand, and it has been converted to 0.
at 474 ns(1), Instance /bloque_convol_bloque_convol_sch_tb/UUT/XLXI_36/XLXI_5/U0/native_mem_module/mem_module/ : Warning: CONV_INTEGER: There is an 'U'|'X'|'W'|'Z'|'-' in an arithmetic operand, and it has been converted to 0.
at 484 ns(1), Instance /bloque_convol_bloque_convol_sch_tb/UUT/XLXI_36/XLXI_5/U0/native_mem_module/mem_module/ : Warning: CONV_INTEGER: There is an 'U'|'X'|'W'|'Z'|'-' in an arithmetic operand, and it has been converted to 0.
at 494 ns(1), Instance /bloque_convol_bloque_convol_sch_tb/UUT/XLXI_36/XLXI_5/U0/native_mem_module/mem_module/ : Warning: CONV_INTEGER: There is an 'U'|'X'|'W'|'Z'|'-' in an arithmetic operand, and it has been converted to 0.
at 504 ns(1), Instance /bloque_convol_bloque_convol_sch_tb/UUT/XLXI_36/XLXI_5/U0/native_mem_module/mem_module/ : Warning: CONV_INTEGER: There is an 'U'|'X'|'W'|'Z'|'-' in an arithmetic operand, and it has been converted to 0.
at 514 ns(1), Instance /bloque_convol_bloque_convol_sch_tb/UUT/XLXI_36/XLXI_5/U0/native_mem_module/mem_module/ : Warning: CONV_INTEGER: There is an 'U'|'X'|'W'|'Z'|'-' in an arithmetic operand, and it has been converted to 0.
at 524 ns(1), Instance /bloque_convol_bloque_convol_sch_tb/UUT/XLXI_36/XLXI_5/U0/native_mem_module/mem_module/ : Warning: CONV_INTEGER: There is an 'U'|'X'|'W'|'Z'|'-' in an arithmetic operand, and it has been converted to 0.
at 534 ns(1), Instance /bloque_convol_bloque_convol_sch_tb/UUT/XLXI_36/XLXI_5/U0/native_mem_module/mem_module/ : Warning: CONV_INTEGER: There is an 'U'|'X'|'W'|'Z'|'-' in an arithmetic operand, and it has been converted to 0.
at 544 ns(1), Instance /bloque_convol_bloque_convol_sch_tb/UUT/XLXI_36/XLXI_5/U0/native_mem_module/mem_module/ : Warning: CONV_INTEGER: There is an 'U'|'X'|'W'|'Z'|'-' in an arithmetic operand, and it has been converted to 0.
at 554 ns(1), Instance /bloque_convol_bloque_convol_sch_tb/UUT/XLXI_36/XLXI_5/U0/native_mem_module/mem_module/ : Warning: CONV_INTEGER: There is an 'U'|'X'|'W'|'Z'|'-' in an arithmetic operand, and it has been converted to 0.
at 564 ns(1), Instance /bloque_convol_bloque_convol_sch_tb/UUT/XLXI_36/XLXI_5/U0/native_mem_module/mem_module/ : Warning: CONV_INTEGER: There is an 'U'|'X'|'W'|'Z'|'-' in an arithmetic operand, and it has been converted to 0.
at 574 ns(1), Instance /bloque_convol_bloque_convol_sch_tb/UUT/XLXI_36/XLXI_5/U0/native_mem_module/mem_module/ : Warning: CONV_INTEGER: There is an 'U'|'X'|'W'|'Z'|'-' in an arithmetic operand, and it has been converted to 0.
at 584 ns(1), Instance /bloque_convol_bloque_convol_sch_tb/UUT/XLXI_36/XLXI_5/U0/native_mem_module/mem_module/ : Warning: CONV_INTEGER: There is an 'U'|'X'|'W'|'Z'|'-' in an arithmetic operand, and it has been converted to 0.
at 594 ns(1), Instance /bloque_convol_bloque_convol_sch_tb/UUT/XLXI_36/XLXI_5/U0/native_mem_module/mem_module/ : Warning: CONV_INTEGER: There is an 'U'|'X'|'W'|'Z'|'-' in an arithmetic operand, and it has been converted to 0.
at 604 ns(1), Instance /bloque_convol_bloque_convol_sch_tb/UUT/XLXI_36/XLXI_5/U0/native_mem_module/mem_module/ : Warning: CONV_INTEGER: There is an 'U'|'X'|'W'|'Z'|'-' in an arithmetic operand, and it has been converted to 0.
at 614 ns(1), Instance /bloque_convol_bloque_convol_sch_tb/UUT/XLXI_36/XLXI_5/U0/native_mem_module/mem_module/ : Warning: CONV_INTEGER: There is an 'U'|'X'|'W'|'Z'|'-' in an arithmetic operand, and it has been converted to 0.
at 624 ns(1), Instance /bloque_convol_bloque_convol_sch_tb/UUT/XLXI_36/XLXI_5/U0/native_mem_module/mem_module/ : Warning: CONV_INTEGER: There is an 'U'|'X'|'W'|'Z'|'-' in an arithmetic operand, and it has been converted to 0.
at 634 ns(1), Instance /bloque_convol_bloque_convol_sch_tb/UUT/XLXI_36/XLXI_5/U0/native_mem_module/mem_module/ : Warning: CONV_INTEGER: There is an 'U'|'X'|'W'|'Z'|'-' in an arithmetic operand, and it has been converted to 0.
at 644 ns(1), Instance /bloque_convol_bloque_convol_sch_tb/UUT/XLXI_36/XLXI_5/U0/native_mem_module/mem_module/ : Warning: CONV_INTEGER: There is an 'U'|'X'|'W'|'Z'|'-' in an arithmetic operand, and it has been converted to 0.
at 654 ns(1), Instance /bloque_convol_bloque_convol_sch_tb/UUT/XLXI_36/XLXI_5/U0/native_mem_module/mem_module/ : Warning: CONV_INTEGER: There is an 'U'|'X'|'W'|'Z'|'-' in an arithmetic operand, and it has been converted to 0.
at 664 ns(1), Instance /bloque_convol_bloque_convol_sch_tb/UUT/XLXI_36/XLXI_5/U0/native_mem_module/mem_module/ : Warning: CONV_INTEGER: There is an 'U'|'X'|'W'|'Z'|'-' in an arithmetic operand, and it has been converted to 0.
at 674 ns(1), Instance /bloque_convol_bloque_convol_sch_tb/UUT/XLXI_36/XLXI_5/U0/native_mem_module/mem_module/ : Warning: CONV_INTEGER: There is an 'U'|'X'|'W'|'Z'|'-' in an arithmetic operand, and it has been converted to 0.
at 684 ns(1), Instance /bloque_convol_bloque_convol_sch_tb/UUT/XLXI_36/XLXI_5/U0/native_mem_module/mem_module/ : Warning: CONV_INTEGER: There is an 'U'|'X'|'W'|'Z'|'-' in an arithmetic operand, and it has been converted to 0.
at 694 ns(1), Instance /bloque_convol_bloque_convol_sch_tb/UUT/XLXI_36/XLXI_5/U0/native_mem_module/mem_module/ : Warning: CONV_INTEGER: There is an 'U'|'X'|'W'|'Z'|'-' in an arithmetic operand, and it has been converted to 0.
at 704 ns(1), Instance /bloque_convol_bloque_convol_sch_tb/UUT/XLXI_36/XLXI_5/U0/native_mem_module/mem_module/ : Warning: CONV_INTEGER: There is an 'U'|'X'|'W'|'Z'|'-' in an arithmetic operand, and it has been converted to 0.
at 714 ns(1), Instance /bloque_convol_bloque_convol_sch_tb/UUT/XLXI_36/XLXI_5/U0/native_mem_module/mem_module/ : Warning: CONV_INTEGER: There is an 'U'|'X'|'W'|'Z'|'-' in an arithmetic operand, and it has been converted to 0.
at 724 ns(1), Instance /bloque_convol_bloque_convol_sch_tb/UUT/XLXI_36/XLXI_5/U0/native_mem_module/mem_module/ : Warning: CONV_INTEGER: There is an 'U'|'X'|'W'|'Z'|'-' in an arithmetic operand, and it has been converted to 0.
at 734 ns(1), Instance /bloque_convol_bloque_convol_sch_tb/UUT/XLXI_36/XLXI_5/U0/native_mem_module/mem_module/ : Warning: CONV_INTEGER: There is an 'U'|'X'|'W'|'Z'|'-' in an arithmetic operand, and it has been converted to 0.
at 744 ns(1), Instance /bloque_convol_bloque_convol_sch_tb/UUT/XLXI_36/XLXI_5/U0/native_mem_module/mem_module/ : Warning: CONV_INTEGER: There is an 'U'|'X'|'W'|'Z'|'-' in an arithmetic operand, and it has been converted to 0.
at 754 ns(1), Instance /bloque_convol_bloque_convol_sch_tb/UUT/XLXI_36/XLXI_5/U0/native_mem_module/mem_module/ : Warning: CONV_INTEGER: There is an 'U'|'X'|'W'|'Z'|'-' in an arithmetic operand, and it has been converted to 0.
at 764 ns(1), Instance /bloque_convol_bloque_convol_sch_tb/UUT/XLXI_36/XLXI_5/U0/native_mem_module/mem_module/ : Warning: CONV_INTEGER: There is an 'U'|'X'|'W'|'Z'|'-' in an arithmetic operand, and it has been converted to 0.
at 774 ns(1), Instance /bloque_convol_bloque_convol_sch_tb/UUT/XLXI_36/XLXI_5/U0/native_mem_module/mem_module/ : Warning: CONV_INTEGER: There is an 'U'|'X'|'W'|'Z'|'-' in an arithmetic operand, and it has been converted to 0.
at 784 ns(1), Instance /bloque_convol_bloque_convol_sch_tb/UUT/XLXI_36/XLXI_5/U0/native_mem_module/mem_module/ : Warning: CONV_INTEGER: There is an 'U'|'X'|'W'|'Z'|'-' in an arithmetic operand, and it has been converted to 0.
at 794 ns(1), Instance /bloque_convol_bloque_convol_sch_tb/UUT/XLXI_36/XLXI_5/U0/native_mem_module/mem_module/ : Warning: CONV_INTEGER: There is an 'U'|'X'|'W'|'Z'|'-' in an arithmetic operand, and it has been converted to 0.
at 804 ns(1), Instance /bloque_convol_bloque_convol_sch_tb/UUT/XLXI_36/XLXI_5/U0/native_mem_module/mem_module/ : Warning: CONV_INTEGER: There is an 'U'|'X'|'W'|'Z'|'-' in an arithmetic operand, and it has been converted to 0.
at 814 ns(1), Instance /bloque_convol_bloque_convol_sch_tb/UUT/XLXI_36/XLXI_5/U0/native_mem_module/mem_module/ : Warning: CONV_INTEGER: There is an 'U'|'X'|'W'|'Z'|'-' in an arithmetic operand, and it has been converted to 0.
at 824 ns(1), Instance /bloque_convol_bloque_convol_sch_tb/UUT/XLXI_36/XLXI_5/U0/native_mem_module/mem_module/ : Warning: CONV_INTEGER: There is an 'U'|'X'|'W'|'Z'|'-' in an arithmetic operand, and it has been converted to 0.
at 834 ns(1), Instance /bloque_convol_bloque_convol_sch_tb/UUT/XLXI_36/XLXI_5/U0/native_mem_module/mem_module/ : Warning: CONV_INTEGER: There is an 'U'|'X'|'W'|'Z'|'-' in an arithmetic operand, and it has been converted to 0.
# run 1.00us
# run 1.00us
# run 1.00us
# run 1.00us
# run 1.00us
# run 1.00us
# run 1.00us
# run 1.00us
# run 1.00us
# run 1.00us
# run 1.00us
# run 1.00us
# run 1.00us
# run 1.00us
# run 1.00us
# run 1.00us
# run 1.00us
# run 1.00us
# run 1.00us
# run 10.00us
# run 10.00us
