Release 14.7 - xst P.20131013 (nt64)
Copyright (c) 1995-2013 Xilinx, Inc.  All rights reserved.
--> Parameter TMPDIR set to xst/projnav.tmp


Total REAL time to Xst completion: 0.00 secs
Total CPU time to Xst completion: 0.14 secs
 
--> Parameter xsthdpdir set to xst


Total REAL time to Xst completion: 0.00 secs
Total CPU time to Xst completion: 0.14 secs
 
--> Reading design: mcs_basico1_top.prj

TABLE OF CONTENTS
  1) Synthesis Options Summary
  2) HDL Parsing
  3) HDL Elaboration
  4) HDL Synthesis
       4.1) HDL Synthesis Report
  5) Advanced HDL Synthesis
       5.1) Advanced HDL Synthesis Report
  6) Low Level Synthesis
  7) Partition Report
  8) Design Summary
       8.1) Primitive and Black Box Usage
       8.2) Device utilization summary
       8.3) Partition Resource Summary
       8.4) Timing Report
            8.4.1) Clock Information
            8.4.2) Asynchronous Control Signals Information
            8.4.3) Timing Summary
            8.4.4) Timing Details
            8.4.5) Cross Clock Domains Report


=========================================================================
*                      Synthesis Options Summary                        *
=========================================================================
---- Source Parameters
Input File Name                    : "mcs_basico1_top.prj"
Ignore Synthesis Constraint File   : NO

---- Target Parameters
Output File Name                   : "mcs_basico1_top"
Output Format                      : NGC
Target Device                      : xc6slx16-3-csg324

---- Source Options
Top Module Name                    : mcs_basico1_top
Automatic FSM Extraction           : YES
FSM Encoding Algorithm             : Auto
Safe Implementation                : No
FSM Style                          : LUT
RAM Extraction                     : Yes
RAM Style                          : Auto
ROM Extraction                     : Yes
Shift Register Extraction          : YES
ROM Style                          : Auto
Resource Sharing                   : YES
Asynchronous To Synchronous        : NO
Shift Register Minimum Size        : 2
Use DSP Block                      : Auto
Automatic Register Balancing       : No

---- Target Options
LUT Combining                      : Auto
Reduce Control Sets                : Auto
Add IO Buffers                     : YES
Global Maximum Fanout              : 100000
Add Generic Clock Buffer(BUFG)     : 16
Register Duplication               : YES
Optimize Instantiated Primitives   : NO
Use Clock Enable                   : Auto
Use Synchronous Set                : Auto
Use Synchronous Reset              : Auto
Pack IO Registers into IOBs        : Auto
Equivalent register Removal        : YES

---- General Options
Optimization Goal                  : Speed
Optimization Effort                : 1
Power Reduction                    : NO
Keep Hierarchy                     : No
Netlist Hierarchy                  : As_Optimized
RTL Output                         : Yes
Global Optimization                : AllClockNets
Read Cores                         : YES
Write Timing Constraints           : NO
Cross Clock Analysis               : NO
Hierarchy Separator                : /
Bus Delimiter                      : <>
Case Specifier                     : Maintain
Slice Utilization Ratio            : 100
BRAM Utilization Ratio             : 100
DSP48 Utilization Ratio            : 100
Auto BRAM Packing                  : NO
Slice Utilization Ratio Delta      : 5

---- Other Options
Cores Search Directories           : {"ipcore_dir"  }

=========================================================================


=========================================================================
*                          HDL Parsing                                  *
=========================================================================
Parsing VHDL file "C:\Users\albertod\Documents\_Doc_\Xilinx\mcs_basico1_rl_2023\ipcore_dir\dcm_100m_5m.vhd" into library work
Parsing entity <dcm_100m_5m>.
Parsing architecture <xilinx> of entity <dcm_100m_5m>.
Parsing VHDL file "C:\Users\albertod\Documents\_Doc_\Xilinx\mcs_basico1_rl_2023\ipcore_dir\cont_16bits.vhd" into library work
Parsing entity <cont_16bits>.
Parsing architecture <cont_16bits_a> of entity <cont_16bits>.
Parsing VHDL file "C:\Users\albertod\Documents\_Doc_\Xilinx\mcs_basico1_rl_2023\ipcore_dir\microblaze_basico1.vhd" into library work
Parsing VHDL file "C:\Users\albertod\Documents\_Doc_\Xilinx\mcs_basico1_rl_2023\Remote_Lab.vhd" into library work
Parsing entity <Remote_Lab>.
Parsing architecture <Behavioral> of entity <remote_lab>.
Parsing entity <Modulo>.
Parsing architecture <Behavioral> of entity <modulo>.
Parsing entity <Division>.
Parsing architecture <Behavioral> of entity <division>.
Parsing entity <Genera_Tono>.
Parsing architecture <behavioral> of entity <genera_tono>.
Parsing VHDL file "C:\Users\albertod\Documents\_Doc_\Xilinx\mcs_basico1_rl_2023\mcs_basico1_top.vhf" into library work
Parsing entity <IFD4_HXILINX_mcs_basico1_top>.
Parsing architecture <Behavioral> of entity <ifd4_hxilinx_mcs_basico1_top>.
Parsing entity <IFD8_HXILINX_mcs_basico1_top>.
Parsing architecture <Behavioral> of entity <ifd8_hxilinx_mcs_basico1_top>.
Parsing entity <OFD8_HXILINX_mcs_basico1_top>.
Parsing architecture <Behavioral> of entity <ofd8_hxilinx_mcs_basico1_top>.
Parsing entity <OFD_HXILINX_mcs_basico1_top>.
Parsing architecture <Behavioral> of entity <ofd_hxilinx_mcs_basico1_top>.
Parsing entity <IFD_HXILINX_mcs_basico1_top>.
Parsing architecture <Behavioral> of entity <ifd_hxilinx_mcs_basico1_top>.
Parsing entity <mcs_basico1_top>.
Parsing architecture <BEHAVIORAL> of entity <mcs_basico1_top>.

=========================================================================
*                            HDL Elaboration                            *
=========================================================================

Elaborating entity <mcs_basico1_top> (architecture <BEHAVIORAL>) from library <work>.
WARNING:HDLCompiler:89 - "C:\Users\albertod\Documents\_Doc_\Xilinx\mcs_basico1_rl_2023\mcs_basico1_top.vhf" Line 288: <microblaze_basico1> remains a black-box since it has no binding entity.

Elaborating entity <OFD8_HXILINX_mcs_basico1_top> (architecture <Behavioral>) from library <work>.

Elaborating entity <OFD_HXILINX_mcs_basico1_top> (architecture <Behavioral>) with generics from library <work>.

Elaborating entity <IFD4_HXILINX_mcs_basico1_top> (architecture <Behavioral>) from library <work>.

Elaborating entity <IFD_HXILINX_mcs_basico1_top> (architecture <Behavioral>) with generics from library <work>.

Elaborating entity <dcm_100m_5m> (architecture <xilinx>) from library <work>.

Elaborating entity <cont_16bits> (architecture <cont_16bits_a>) from library <work>.

Elaborating entity <IFD8_HXILINX_mcs_basico1_top> (architecture <Behavioral>) from library <work>.
WARNING:HDLCompiler:1127 - "C:\Users\albertod\Documents\_Doc_\Xilinx\mcs_basico1_rl_2023\mcs_basico1_top.vhf" Line 702: Assignment to boton_der ignored, since the identifier is never used
WARNING:HDLCompiler:1127 - "C:\Users\albertod\Documents\_Doc_\Xilinx\mcs_basico1_rl_2023\mcs_basico1_top.vhf" Line 703: Assignment to boton_aba ignored, since the identifier is never used
WARNING:HDLCompiler:1127 - "C:\Users\albertod\Documents\_Doc_\Xilinx\mcs_basico1_rl_2023\mcs_basico1_top.vhf" Line 704: Assignment to boton_izq ignored, since the identifier is never used
WARNING:HDLCompiler:1127 - "C:\Users\albertod\Documents\_Doc_\Xilinx\mcs_basico1_rl_2023\mcs_basico1_top.vhf" Line 705: Assignment to boton_arr ignored, since the identifier is never used

Elaborating entity <Remote_Lab> (architecture <Behavioral>) from library <work>.

Elaborating entity <Modulo> (architecture <Behavioral>) from library <work>.

Elaborating entity <Division> (architecture <Behavioral>) from library <work>.

Elaborating entity <Genera_Tono> (architecture <behavioral>) from library <work>.
WARNING:HDLCompiler:634 - "C:\Users\albertod\Documents\_Doc_\Xilinx\mcs_basico1_rl_2023\mcs_basico1_top.vhf" Line 264: Net <fila[4]> does not have a driver.
WARNING:HDLCompiler:634 - "C:\Users\albertod\Documents\_Doc_\Xilinx\mcs_basico1_rl_2023\mcs_basico1_top.vhf" Line 270: Net <seg0[7]> does not have a driver.
WARNING:HDLCompiler:634 - "C:\Users\albertod\Documents\_Doc_\Xilinx\mcs_basico1_rl_2023\mcs_basico1_top.vhf" Line 271: Net <seg1[7]> does not have a driver.
WARNING:HDLCompiler:634 - "C:\Users\albertod\Documents\_Doc_\Xilinx\mcs_basico1_rl_2023\mcs_basico1_top.vhf" Line 272: Net <seg2[7]> does not have a driver.
WARNING:HDLCompiler:634 - "C:\Users\albertod\Documents\_Doc_\Xilinx\mcs_basico1_rl_2023\mcs_basico1_top.vhf" Line 273: Net <seg3[7]> does not have a driver.
WARNING:HDLCompiler:634 - "C:\Users\albertod\Documents\_Doc_\Xilinx\mcs_basico1_rl_2023\mcs_basico1_top.vhf" Line 286: Net <XLXI_138_CLK_openSignal> does not have a driver.
WARNING:HDLCompiler:634 - "C:\Users\albertod\Documents\_Doc_\Xilinx\mcs_basico1_rl_2023\mcs_basico1_top.vhf" Line 287: Net <XLXI_138_KEYCLEARB_openSignal> does not have a driver.
WARNING:Xst:2972 - "C:\Users\albertod\Documents\_Doc_\Xilinx\mcs_basico1_rl_2023\mcs_basico1_top.vhf" line 576. All outputs of instance <XLXI_279_1> of block <IFD_HXILINX_mcs_basico1_top> are unconnected in block <mcs_basico1_top>. Underlying logic will be removed.
WARNING:Xst:2972 - "C:\Users\albertod\Documents\_Doc_\Xilinx\mcs_basico1_rl_2023\mcs_basico1_top.vhf" line 581. All outputs of instance <XLXI_279_2> of block <IFD_HXILINX_mcs_basico1_top> are unconnected in block <mcs_basico1_top>. Underlying logic will be removed.
WARNING:Xst:2972 - "C:\Users\albertod\Documents\_Doc_\Xilinx\mcs_basico1_rl_2023\mcs_basico1_top.vhf" line 586. All outputs of instance <XLXI_279_3> of block <IFD_HXILINX_mcs_basico1_top> are unconnected in block <mcs_basico1_top>. Underlying logic will be removed.
WARNING:Xst:2972 - "C:\Users\albertod\Documents\_Doc_\Xilinx\mcs_basico1_rl_2023\mcs_basico1_top.vhf" line 591. All outputs of instance <XLXI_279_4> of block <IFD_HXILINX_mcs_basico1_top> are unconnected in block <mcs_basico1_top>. Underlying logic will be removed.

=========================================================================
*                           HDL Synthesis                               *
=========================================================================

Synthesizing Unit <mcs_basico1_top>.
    Related source file is "C:\Users\albertod\Documents\_Doc_\Xilinx\mcs_basico1_rl_2023\mcs_basico1_top.vhf".
    Set property "IOSTANDARD = DEFAULT" for instance <XLXI_30>.
    Set property "IBUF_DELAY_VALUE = 0" for instance <XLXI_30>.
    Set property "IFD_DELAY_VALUE = AUTO" for instance <XLXI_30>.
    Set property "HU_SET = XLXI_35_9" for instance <XLXI_35>.
    Set property "IOSTANDARD = DEFAULT" for instance <XLXI_114_1>.
    Set property "SLEW = SLOW" for instance <XLXI_114_1>.
    Set property "DRIVE = 12" for instance <XLXI_114_1>.
    Set property "IOSTANDARD = DEFAULT" for instance <XLXI_114_2>.
    Set property "SLEW = SLOW" for instance <XLXI_114_2>.
    Set property "DRIVE = 12" for instance <XLXI_114_2>.
    Set property "IOSTANDARD = DEFAULT" for instance <XLXI_114_3>.
    Set property "SLEW = SLOW" for instance <XLXI_114_3>.
    Set property "DRIVE = 12" for instance <XLXI_114_3>.
    Set property "IOSTANDARD = DEFAULT" for instance <XLXI_114_4>.
    Set property "SLEW = SLOW" for instance <XLXI_114_4>.
    Set property "DRIVE = 12" for instance <XLXI_114_4>.
    Set property "INIT = 0" for instance <XLXI_142>.
    Set property "SRTYPE = SYNC" for instance <XLXI_142>.
    Set property "DDR_ALIGNMENT = NONE" for instance <XLXI_142>.
    Set property "HU_SET = XLXI_165_8" for instance <XLXI_165>.
    Set property "HU_SET = XLXI_180_10" for instance <XLXI_180>.
    Set property "HU_SET = XLXI_279_1_3" for instance <XLXI_279_1>.
    Set property "HU_SET = XLXI_279_2_2" for instance <XLXI_279_2>.
    Set property "HU_SET = XLXI_279_3_1" for instance <XLXI_279_3>.
    Set property "HU_SET = XLXI_279_4_0" for instance <XLXI_279_4>.
    Set property "HU_SET = XLXI_288_1_7" for instance <XLXI_288_1>.
    Set property "HU_SET = XLXI_288_2_6" for instance <XLXI_288_2>.
    Set property "HU_SET = XLXI_288_3_5" for instance <XLXI_288_3>.
    Set property "HU_SET = XLXI_288_4_4" for instance <XLXI_288_4>.
    Set property "HU_SET = XLXI_387_11" for instance <XLXI_387>.
INFO:Xst:3210 - "C:\Users\albertod\Documents\_Doc_\Xilinx\mcs_basico1_rl_2023\mcs_basico1_top.vhf" line 532: Output port <CFGCLK> of the instance <XLXI_138> is unconnected or connected to loadless signal.
INFO:Xst:3210 - "C:\Users\albertod\Documents\_Doc_\Xilinx\mcs_basico1_rl_2023\mcs_basico1_top.vhf" line 532: Output port <CFGMCLK> of the instance <XLXI_138> is unconnected or connected to loadless signal.
INFO:Xst:3210 - "C:\Users\albertod\Documents\_Doc_\Xilinx\mcs_basico1_rl_2023\mcs_basico1_top.vhf" line 532: Output port <EOS> of the instance <XLXI_138> is unconnected or connected to loadless signal.
INFO:Xst:3210 - "C:\Users\albertod\Documents\_Doc_\Xilinx\mcs_basico1_rl_2023\mcs_basico1_top.vhf" line 576: Output port <Q> of the instance <XLXI_279_1> is unconnected or connected to loadless signal.
INFO:Xst:3210 - "C:\Users\albertod\Documents\_Doc_\Xilinx\mcs_basico1_rl_2023\mcs_basico1_top.vhf" line 581: Output port <Q> of the instance <XLXI_279_2> is unconnected or connected to loadless signal.
INFO:Xst:3210 - "C:\Users\albertod\Documents\_Doc_\Xilinx\mcs_basico1_rl_2023\mcs_basico1_top.vhf" line 586: Output port <Q> of the instance <XLXI_279_3> is unconnected or connected to loadless signal.
INFO:Xst:3210 - "C:\Users\albertod\Documents\_Doc_\Xilinx\mcs_basico1_rl_2023\mcs_basico1_top.vhf" line 591: Output port <Q> of the instance <XLXI_279_4> is unconnected or connected to loadless signal.
WARNING:Xst:653 - Signal <fila> is used but never assigned. This sourceless signal will be automatically connected to value GND.
WARNING:Xst:653 - Signal <seg0> is used but never assigned. This sourceless signal will be automatically connected to value GND.
WARNING:Xst:653 - Signal <seg1> is used but never assigned. This sourceless signal will be automatically connected to value GND.
WARNING:Xst:653 - Signal <seg2> is used but never assigned. This sourceless signal will be automatically connected to value GND.
WARNING:Xst:653 - Signal <seg3> is used but never assigned. This sourceless signal will be automatically connected to value GND.
WARNING:Xst:653 - Signal <XLXI_138_CLK_openSignal> is used but never assigned. This sourceless signal will be automatically connected to value GND.
WARNING:Xst:653 - Signal <XLXI_138_KEYCLEARB_openSignal> is used but never assigned. This sourceless signal will be automatically connected to value GND.
    Summary:
	no macro.
Unit <mcs_basico1_top> synthesized.

Synthesizing Unit <OFD8_HXILINX_mcs_basico1_top>.
    Related source file is "C:\Users\albertod\Documents\_Doc_\Xilinx\mcs_basico1_rl_2023\mcs_basico1_top.vhf".
    Set property "IOB = TRUE" for signal <Q>.
    Found 8-bit register for signal <Q>.
    Summary:
	inferred   8 D-type flip-flop(s).
Unit <OFD8_HXILINX_mcs_basico1_top> synthesized.

Synthesizing Unit <OFD_HXILINX_mcs_basico1_top>.
    Related source file is "C:\Users\albertod\Documents\_Doc_\Xilinx\mcs_basico1_rl_2023\mcs_basico1_top.vhf".
        INIT = '0'
    Set property "IOB = TRUE" for signal <Q>.
    Found 1-bit register for signal <q_tmp>.
    Summary:
	inferred   1 D-type flip-flop(s).
Unit <OFD_HXILINX_mcs_basico1_top> synthesized.

Synthesizing Unit <IFD4_HXILINX_mcs_basico1_top>.
    Related source file is "C:\Users\albertod\Documents\_Doc_\Xilinx\mcs_basico1_rl_2023\mcs_basico1_top.vhf".
    Set property "IOB = TRUE" for signal <Q0>.
    Set property "IOB = TRUE" for signal <Q1>.
    Set property "IOB = TRUE" for signal <Q2>.
    Set property "IOB = TRUE" for signal <Q3>.
    Found 1-bit register for signal <Q2>.
    Found 1-bit register for signal <Q1>.
    Found 1-bit register for signal <Q0>.
    Found 1-bit register for signal <Q3>.
    Summary:
	inferred   4 D-type flip-flop(s).
Unit <IFD4_HXILINX_mcs_basico1_top> synthesized.

Synthesizing Unit <dcm_100m_5m>.
    Related source file is "C:\Users\albertod\Documents\_Doc_\Xilinx\mcs_basico1_rl_2023\ipcore_dir\dcm_100m_5m.vhd".
    Summary:
	no macro.
Unit <dcm_100m_5m> synthesized.

Synthesizing Unit <IFD8_HXILINX_mcs_basico1_top>.
    Related source file is "C:\Users\albertod\Documents\_Doc_\Xilinx\mcs_basico1_rl_2023\mcs_basico1_top.vhf".
    Set property "IOB = TRUE" for signal <Q>.
    Found 8-bit register for signal <Q>.
    Summary:
	inferred   8 D-type flip-flop(s).
Unit <IFD8_HXILINX_mcs_basico1_top> synthesized.

Synthesizing Unit <Remote_Lab>.
    Related source file is "C:\Users\albertod\Documents\_Doc_\Xilinx\mcs_basico1_rl_2023\Remote_Lab.vhd".
    Found 8-bit register for signal <regEppAdr>.
    Found 8-bit register for signal <regsw>.
    Found 8-bit register for signal <regbtn>.
    Found 17-bit register for signal <cnt>.
    Found 17-bit adder for signal <cnt[16]_GND_19_o_add_9_OUT> created at line 173.
    Found 4x4-bit Read Only RAM for signal <an>
    Found 8-bit 7-to-1 multiplexer for signal <_n0115> created at line 203.
    Found 1-bit tristate buffer for signal <EppDB<7>> created at line 200
    Found 1-bit tristate buffer for signal <EppDB<6>> created at line 200
    Found 1-bit tristate buffer for signal <EppDB<5>> created at line 200
    Found 1-bit tristate buffer for signal <EppDB<4>> created at line 200
    Found 1-bit tristate buffer for signal <EppDB<3>> created at line 200
    Found 1-bit tristate buffer for signal <EppDB<2>> created at line 200
    Found 1-bit tristate buffer for signal <EppDB<1>> created at line 200
    Found 1-bit tristate buffer for signal <EppDB<0>> created at line 200
    Summary:
	inferred   1 RAM(s).
	inferred   1 Adder/Subtractor(s).
	inferred  41 D-type flip-flop(s).
	inferred   2 Multiplexer(s).
	inferred   8 Tristate(s).
Unit <Remote_Lab> synthesized.

Synthesizing Unit <Modulo>.
    Related source file is "C:\Users\albertod\Documents\_Doc_\Xilinx\mcs_basico1_rl_2023\Remote_Lab.vhd".
    Found 1-bit register for signal <led_reg1>.
    Found 1-bit register for signal <led_reg2>.
    Found 1-bit register for signal <guardaDivision>.
    Found 22-bit register for signal <tiempo_on>.
    Found 22-bit register for signal <periodo>.
    Found 4-bit register for signal <tono>.
    Found 22-bit register for signal <counter>.
    Found 22-bit adder for signal <counter[21]_GND_20_o_add_0_OUT> created at line 293.
    Summary:
	inferred   1 Adder/Subtractor(s).
	inferred  73 D-type flip-flop(s).
Unit <Modulo> synthesized.

Synthesizing Unit <Division>.
    Related source file is "C:\Users\albertod\Documents\_Doc_\Xilinx\mcs_basico1_rl_2023\Remote_Lab.vhd".
    Summary:
	inferred  36 Multiplexer(s).
Unit <Division> synthesized.

Synthesizing Unit <Genera_Tono>.
    Related source file is "C:\Users\albertod\Documents\_Doc_\Xilinx\mcs_basico1_rl_2023\Remote_Lab.vhd".
WARNING:Xst:647 - Input <Periodo<3:3>> is never used. This port will be preserved and left unconnected if it belongs to a top-level block or it belongs to a sub-block and the hierarchy of this sub-block is preserved.
    Summary:
	no macro.
Unit <Genera_Tono> synthesized.

=========================================================================
HDL Synthesis Report

Macro Statistics
# RAMs                                                 : 1
 4x4-bit single-port Read Only RAM                     : 1
# Adders/Subtractors                                   : 9
 17-bit adder                                          : 1
 22-bit adder                                          : 8
# Registers                                            : 71
 1-bit register                                        : 33
 17-bit register                                       : 1
 22-bit register                                       : 24
 4-bit register                                        : 8
 8-bit register                                        : 5
# Multiplexers                                         : 290
 4-bit 2-to-1 multiplexer                              : 288
 8-bit 2-to-1 multiplexer                              : 1
 8-bit 7-to-1 multiplexer                              : 1
# Tristates                                            : 8
 1-bit tristate buffer                                 : 8

=========================================================================

=========================================================================
*                       Advanced HDL Synthesis                          *
=========================================================================

Reading core <ipcore_dir/microblaze_basico1.ngc>.
Reading core <ipcore_dir/cont_16bits.ngc>.
Reading Secure Unit <blk00000001>.
Loading core <microblaze_basico1> for timing and area information for instance <mcs_0>.
Loading core <cont_16bits> for timing and area information for instance <XLXI_309>.
WARNING:Xst:1290 - Hierarchical block <XLXI_180> is unconnected in block <mcs_basico1_top>.
   It will be removed from the design.

Synthesizing (advanced) Unit <Modulo>.
The following registers are absorbed into counter <counter>: 1 register on signal <counter>.
Unit <Modulo> synthesized (advanced).

Synthesizing (advanced) Unit <Remote_Lab>.
The following registers are absorbed into counter <cnt>: 1 register on signal <cnt>.
INFO:Xst:3218 - HDL ADVISOR - The RAM <Mram_an> will be implemented on LUTs either because you have described an asynchronous read or because of currently unsupported block RAM features. If you have described an asynchronous read, making it synchronous would allow you to take advantage of available block RAM resources, for optimized device usage and improved timings. Please refer to your documentation for coding guidelines.
    -----------------------------------------------------------------------
    | ram_type           | Distributed                         |          |
    -----------------------------------------------------------------------
    | Port A                                                              |
    |     aspect ratio   | 4-word x 4-bit                      |          |
    |     weA            | connected to signal <GND>           | high     |
    |     addrA          | connected to signal <cnt>           |          |
    |     diA            | connected to signal <GND>           |          |
    |     doA            | connected to signal <an>            |          |
    -----------------------------------------------------------------------
Unit <Remote_Lab> synthesized (advanced).

=========================================================================
Advanced HDL Synthesis Report

Macro Statistics
# RAMs                                                 : 1
 4x4-bit single-port distributed Read Only RAM         : 1
# Counters                                             : 9
 17-bit up counter                                     : 1
 22-bit up counter                                     : 8
# Registers                                            : 457
 Flip-Flops                                            : 457
# Multiplexers                                         : 297
 1-bit 7-to-1 multiplexer                              : 8
 4-bit 2-to-1 multiplexer                              : 288
 8-bit 2-to-1 multiplexer                              : 1

=========================================================================

=========================================================================
*                         Low Level Synthesis                           *
=========================================================================
WARNING:Xst:2973 - All outputs of instance <XLXI_180> of block <IFD4_HXILINX_mcs_basico1_top> are unconnected in block <mcs_basico1_top>. Underlying logic will be removed.

Optimizing unit <IFD8_HXILINX_mcs_basico1_top> ...

Optimizing unit <OFD8_HXILINX_mcs_basico1_top> ...

Optimizing unit <OFD_HXILINX_mcs_basico1_top> ...

Optimizing unit <mcs_basico1_top> ...

Optimizing unit <Modulo> ...

Optimizing unit <Division> ...
WARNING:Xst:1710 - FF/Latch <Q_0> (without init value) has a constant value of 0 in block <XLXI_35>. This FF/Latch will be trimmed during the optimization process.
WARNING:Xst:1710 - FF/Latch <Q_1> (without init value) has a constant value of 0 in block <XLXI_35>. This FF/Latch will be trimmed during the optimization process.
WARNING:Xst:1710 - FF/Latch <Q_2> (without init value) has a constant value of 0 in block <XLXI_35>. This FF/Latch will be trimmed during the optimization process.
WARNING:Xst:1710 - FF/Latch <Q_3> (without init value) has a constant value of 0 in block <XLXI_35>. This FF/Latch will be trimmed during the optimization process.
WARNING:Xst:1710 - FF/Latch <Q_4> (without init value) has a constant value of 0 in block <XLXI_35>. This FF/Latch will be trimmed during the optimization process.
WARNING:Xst:1710 - FF/Latch <Q_5> (without init value) has a constant value of 0 in block <XLXI_35>. This FF/Latch will be trimmed during the optimization process.
WARNING:Xst:1710 - FF/Latch <Q_6> (without init value) has a constant value of 0 in block <XLXI_35>. This FF/Latch will be trimmed during the optimization process.
WARNING:Xst:1710 - FF/Latch <Q_7> (without init value) has a constant value of 0 in block <XLXI_35>. This FF/Latch will be trimmed during the optimization process.
WARNING:Xst:1293 - FF/Latch <q_tmp> has a constant value of 0 in block <XLXI_288_4>. This FF/Latch will be trimmed during the optimization process.
WARNING:Xst:1293 - FF/Latch <q_tmp> has a constant value of 0 in block <XLXI_288_3>. This FF/Latch will be trimmed during the optimization process.
WARNING:Xst:1293 - FF/Latch <q_tmp> has a constant value of 0 in block <XLXI_288_2>. This FF/Latch will be trimmed during the optimization process.
WARNING:Xst:1293 - FF/Latch <q_tmp> has a constant value of 0 in block <XLXI_288_1>. This FF/Latch will be trimmed during the optimization process.
WARNING:Xst:1293 - FF/Latch <q_tmp> has a constant value of 0 in block <XLXI_165>. This FF/Latch will be trimmed during the optimization process.

Mapping all equations...
Building and optimizing final netlist ...
Found area constraint ratio of 100 (+ 5) on block mcs_basico1_top, actual ratio is 19.
INFO:Xst:2260 - The FF/Latch <U0/ilmb/POR_FF_I> in Unit <mcs_0> is equivalent to the following FF/Latch : <U0/dlmb/POR_FF_I> 
INFO:Xst:2260 - The FF/Latch <U0/iomodule_0/IOModule_Core_I1/intr_ctrl_I1/cipr_rd_dff_all[31].fdr_i> in Unit <mcs_0> is equivalent to the following 31 FFs/Latches : <U0/iomodule_0/IOModule_Core_I1/intr_ctrl_I1/cipr_rd_dff_all[30].fdr_i> <U0/iomodule_0/IOModule_Core_I1/intr_ctrl_I1/cipr_rd_dff_all[29].fdr_i> <U0/iomodule_0/IOModule_Core_I1/intr_ctrl_I1/cipr_rd_dff_all[28].fdr_i> <U0/iomodule_0/IOModule_Core_I1/intr_ctrl_I1/cipr_rd_dff_all[27].fdr_i> <U0/iomodule_0/IOModule_Core_I1/intr_ctrl_I1/cipr_rd_dff_all[26].fdr_i> <U0/iomodule_0/IOModule_Core_I1/intr_ctrl_I1/cipr_rd_dff_all[25].fdr_i> <U0/iomodule_0/IOModule_Core_I1/intr_ctrl_I1/cipr_rd_dff_all[24].fdr_i> <U0/iomodule_0/IOModule_Core_I1/intr_ctrl_I1/cipr_rd_dff_all[23].fdr_i> <U0/iomodule_0/IOModule_Core_I1/intr_ctrl_I1/cipr_rd_dff_all[22].fdr_i> <U0/iomodule_0/IOModule_Core_I1/intr_ctrl_I1/cipr_rd_dff_all[21].fdr_i> <U0/iomodule_0/IOModule_Core_I1/intr_ctrl_I1/cipr_rd_dff_all[20].fdr_i>
   <U0/iomodule_0/IOModule_Core_I1/intr_ctrl_I1/cipr_rd_dff_all[19].fdr_i> <U0/iomodule_0/IOModule_Core_I1/intr_ctrl_I1/cipr_rd_dff_all[18].fdr_i> <U0/iomodule_0/IOModule_Core_I1/intr_ctrl_I1/cipr_rd_dff_all[17].fdr_i> <U0/iomodule_0/IOModule_Core_I1/intr_ctrl_I1/cipr_rd_dff_all[16].fdr_i> <U0/iomodule_0/IOModule_Core_I1/intr_ctrl_I1/cipr_rd_dff_all[15].fdr_i> <U0/iomodule_0/IOModule_Core_I1/intr_ctrl_I1/cipr_rd_dff_all[14].fdr_i> <U0/iomodule_0/IOModule_Core_I1/intr_ctrl_I1/cipr_rd_dff_all[13].fdr_i> <U0/iomodule_0/IOModule_Core_I1/intr_ctrl_I1/cipr_rd_dff_all[12].fdr_i> <U0/iomodule_0/IOModule_Core_I1/intr_ctrl_I1/cipr_rd_dff_all[11].fdr_i> <U0/iomodule_0/IOModule_Core_I1/intr_ctrl_I1/cipr_rd_dff_all[10].fdr_i> <U0/iomodule_0/IOModule_Core_I1/intr_ctrl_I1/cipr_rd_dff_all[9].fdr_i> <U0/iomodule_0/IOModule_Core_I1/intr_ctrl_I1/cipr_rd_dff_all[8].fdr_i> <U0/iomodule_0/IOModule_Core_I1/intr_ctrl_I1/cipr_rd_dff_all[7].fdr_i> <U0/iomodule_0/IOModule_Core_I1/intr_ctrl_I1/cipr_rd_dff_all[6].fdr_i>
   <U0/iomodule_0/IOModule_Core_I1/intr_ctrl_I1/cipr_rd_dff_all[5].fdr_i> <U0/iomodule_0/IOModule_Core_I1/intr_ctrl_I1/cipr_rd_dff_all[4].fdr_i> <U0/iomodule_0/IOModule_Core_I1/intr_ctrl_I1/cipr_rd_dff_all[3].fdr_i> <U0/iomodule_0/IOModule_Core_I1/intr_ctrl_I1/cipr_rd_dff_all[2].fdr_i> <U0/iomodule_0/IOModule_Core_I1/intr_ctrl_I1/cipr_rd_dff_all[1].fdr_i> <U0/iomodule_0/IOModule_Core_I1/intr_ctrl_I1/cipr_rd_dff_all[0].fdr_i> 
INFO:Xst:2260 - The FF/Latch <U0/ilmb/POR_FF_I> in Unit <mcs_0> is equivalent to the following FF/Latch : <U0/dlmb/POR_FF_I> 
INFO:Xst:2260 - The FF/Latch <U0/iomodule_0/IOModule_Core_I1/intr_ctrl_I1/cipr_rd_dff_all[31].fdr_i> in Unit <mcs_0> is equivalent to the following 31 FFs/Latches : <U0/iomodule_0/IOModule_Core_I1/intr_ctrl_I1/cipr_rd_dff_all[30].fdr_i> <U0/iomodule_0/IOModule_Core_I1/intr_ctrl_I1/cipr_rd_dff_all[29].fdr_i> <U0/iomodule_0/IOModule_Core_I1/intr_ctrl_I1/cipr_rd_dff_all[28].fdr_i> <U0/iomodule_0/IOModule_Core_I1/intr_ctrl_I1/cipr_rd_dff_all[27].fdr_i> <U0/iomodule_0/IOModule_Core_I1/intr_ctrl_I1/cipr_rd_dff_all[26].fdr_i> <U0/iomodule_0/IOModule_Core_I1/intr_ctrl_I1/cipr_rd_dff_all[25].fdr_i> <U0/iomodule_0/IOModule_Core_I1/intr_ctrl_I1/cipr_rd_dff_all[24].fdr_i> <U0/iomodule_0/IOModule_Core_I1/intr_ctrl_I1/cipr_rd_dff_all[23].fdr_i> <U0/iomodule_0/IOModule_Core_I1/intr_ctrl_I1/cipr_rd_dff_all[22].fdr_i> <U0/iomodule_0/IOModule_Core_I1/intr_ctrl_I1/cipr_rd_dff_all[21].fdr_i> <U0/iomodule_0/IOModule_Core_I1/intr_ctrl_I1/cipr_rd_dff_all[20].fdr_i>
   <U0/iomodule_0/IOModule_Core_I1/intr_ctrl_I1/cipr_rd_dff_all[19].fdr_i> <U0/iomodule_0/IOModule_Core_I1/intr_ctrl_I1/cipr_rd_dff_all[18].fdr_i> <U0/iomodule_0/IOModule_Core_I1/intr_ctrl_I1/cipr_rd_dff_all[17].fdr_i> <U0/iomodule_0/IOModule_Core_I1/intr_ctrl_I1/cipr_rd_dff_all[16].fdr_i> <U0/iomodule_0/IOModule_Core_I1/intr_ctrl_I1/cipr_rd_dff_all[15].fdr_i> <U0/iomodule_0/IOModule_Core_I1/intr_ctrl_I1/cipr_rd_dff_all[14].fdr_i> <U0/iomodule_0/IOModule_Core_I1/intr_ctrl_I1/cipr_rd_dff_all[13].fdr_i> <U0/iomodule_0/IOModule_Core_I1/intr_ctrl_I1/cipr_rd_dff_all[12].fdr_i> <U0/iomodule_0/IOModule_Core_I1/intr_ctrl_I1/cipr_rd_dff_all[11].fdr_i> <U0/iomodule_0/IOModule_Core_I1/intr_ctrl_I1/cipr_rd_dff_all[10].fdr_i> <U0/iomodule_0/IOModule_Core_I1/intr_ctrl_I1/cipr_rd_dff_all[9].fdr_i> <U0/iomodule_0/IOModule_Core_I1/intr_ctrl_I1/cipr_rd_dff_all[8].fdr_i> <U0/iomodule_0/IOModule_Core_I1/intr_ctrl_I1/cipr_rd_dff_all[7].fdr_i> <U0/iomodule_0/IOModule_Core_I1/intr_ctrl_I1/cipr_rd_dff_all[6].fdr_i>
   <U0/iomodule_0/IOModule_Core_I1/intr_ctrl_I1/cipr_rd_dff_all[5].fdr_i> <U0/iomodule_0/IOModule_Core_I1/intr_ctrl_I1/cipr_rd_dff_all[4].fdr_i> <U0/iomodule_0/IOModule_Core_I1/intr_ctrl_I1/cipr_rd_dff_all[3].fdr_i> <U0/iomodule_0/IOModule_Core_I1/intr_ctrl_I1/cipr_rd_dff_all[2].fdr_i> <U0/iomodule_0/IOModule_Core_I1/intr_ctrl_I1/cipr_rd_dff_all[1].fdr_i> <U0/iomodule_0/IOModule_Core_I1/intr_ctrl_I1/cipr_rd_dff_all[0].fdr_i> 

Final Macro Processing ...

=========================================================================
Final Register Report

Macro Statistics
# Registers                                            : 633
 Flip-Flops                                            : 633

=========================================================================

=========================================================================
*                           Partition Report                            *
=========================================================================

Partition Implementation Status
-------------------------------

  No Partitions were found in this design.

-------------------------------

=========================================================================
*                            Design Summary                             *
=========================================================================

Top Level Output File Name         : mcs_basico1_top.ngc

Primitive and Black Box Usage:
------------------------------
# BELS                             : 2260
#      GND                         : 9
#      INV                         : 29
#      LUT1                        : 202
#      LUT2                        : 75
#      LUT3                        : 118
#      LUT4                        : 267
#      LUT5                        : 169
#      LUT6                        : 652
#      LUT6_2                      : 90
#      MULT_AND                    : 3
#      MUXCY                       : 199
#      MUXCY_L                     : 76
#      MUXF5                       : 66
#      MUXF6                       : 1
#      MUXF7                       : 40
#      VCC                         : 3
#      XORCY                       : 261
# FlipFlops/Latches                : 1051
#      FD                          : 142
#      FDE                         : 458
#      FDR                         : 297
#      FDRE                        : 126
#      FDS                         : 9
#      FDSE                        : 18
#      ODDR2                       : 1
# RAMS                             : 96
#      RAM32X1D                    : 64
#      RAMB16BWER                  : 32
# Shift Registers                  : 51
#      SRL16E                      : 51
# Clock Buffers                    : 7
#      BUFG                        : 7
# IO Buffers                       : 62
#      IBUF                        : 13
#      IBUFG                       : 1
#      IOBUF                       : 8
#      OBUF                        : 36
#      OBUFT                       : 4
# DCMs                             : 1
#      DCM_SP                      : 1
# Others                           : 1
#      STARTUP_SPARTAN6            : 1

Device utilization summary:
---------------------------

Selected Device : 6slx16csg324-3 


Slice Logic Utilization: 
 Number of Slice Registers:            1043  out of  18224     5%  
 Number of Slice LUTs:                 1781  out of   9112    19%  
    Number used as Logic:              1602  out of   9112    17%  
    Number used as Memory:              179  out of   2176     8%  
       Number used as RAM:              128
       Number used as SRL:               51

Slice Logic Distribution: 
 Number of LUT Flip Flop pairs used:   2366
   Number with an unused Flip Flop:    1323  out of   2366    55%  
   Number with an unused LUT:           585  out of   2366    24%  
   Number of fully used LUT-FF pairs:   458  out of   2366    19%  
   Number of unique control sets:        71

IO Utilization: 
 Number of IOs:                          70
 Number of bonded IOBs:                  62  out of    232    26%  
    IOB Flip Flops/Latches:               8

Specific Feature Utilization:
 Number of Block RAM/FIFO:               32  out of     32   100%  
    Number using Block RAM only:         32
 Number of BUFG/BUFGCTRLs:                7  out of     16    43%  

---------------------------
Partition Resource Summary:
---------------------------

  No Partitions were found in this design.

---------------------------


=========================================================================
Timing Report

NOTE: THESE TIMING NUMBERS ARE ONLY A SYNTHESIS ESTIMATE.
      FOR ACCURATE TIMING INFORMATION PLEASE REFER TO THE TRACE REPORT
      GENERATED AFTER PLACE-and-ROUTE.

Clock Information:
------------------
-----------------------------------+------------------------+-------+
Clock Signal                       | Clock buffer(FF name)  | Load  |
-----------------------------------+------------------------+-------+
XLXI_309/blk00000001/Q<7>          | BUFG                   | 10    |
ck_100MHz_pad                      | DCM_SP:CLK2X           | 1149  |
EppDSTB                            | IBUF+BUFG              | 16    |
EppASTB                            | IBUF+BUFG              | 8     |
ck_100MHz_pad                      | DCM_SP:CLKFX           | 16    |
-----------------------------------+------------------------+-------+

Asynchronous Control Signals Information:
----------------------------------------
No asynchronous control signals found in this design

Timing Summary:
---------------
Speed Grade: -3

   Minimum period: 14.613ns (Maximum Frequency: 68.434MHz)
   Minimum input arrival time before clock: 3.990ns
   Maximum output required time after clock: 7.055ns
   Maximum combinational path delay: 7.600ns

Timing Details:
---------------
All values displayed in nanoseconds (ns)

=========================================================================
Timing constraint: Default period analysis for Clock 'ck_100MHz_pad'
  Clock period: 14.613ns (frequency: 68.434MHz)
  Total number of paths / destination ports: 230116 / 4110
-------------------------------------------------------------------------
Delay:               7.306ns (Levels of Logic = 5)
  Source:            mcs_0/U0/microblaze_I/MicroBlaze_Core_I/Area.Decode_I/PreFetch_Buffer_I/Using_FPGA.Buffer_DFFs[1].FDS_I (FF)
  Destination:       mcs_0/U0/microblaze_I/MicroBlaze_Core_I/Area.Data_Flow_I/Operand_Select_I/Using_FPGA.OpSelect_Bits[15].Operand_Select_Bit_I/Op2_DFF (FF)
  Source Clock:      ck_100MHz_pad rising 2.0X
  Destination Clock: ck_100MHz_pad rising 2.0X

  Data Path: mcs_0/U0/microblaze_I/MicroBlaze_Core_I/Area.Decode_I/PreFetch_Buffer_I/Using_FPGA.Buffer_DFFs[1].FDS_I to mcs_0/U0/microblaze_I/MicroBlaze_Core_I/Area.Data_Flow_I/Operand_Select_I/Using_FPGA.OpSelect_Bits[15].Operand_Select_Bit_I/Op2_DFF
                                Gate     Net
    Cell:in->out      fanout   Delay   Delay  Logical Name (Net Name)
    ----------------------------------------  ------------
     FDS:C->Q             49   0.447   1.533  U0/microblaze_I/MicroBlaze_Core_I/Area.Decode_I/PreFetch_Buffer_I/Using_FPGA.Buffer_DFFs[1].FDS_I (U0/microblaze_I/MicroBlaze_Core_I/Area.buffer_Addr<1>)
     SRL16E:A2->Q         15   0.203   1.210  U0/microblaze_I/MicroBlaze_Core_I/Area.Decode_I/PreFetch_Buffer_I/Using_FPGA.PreFetch_Buffers[3].SRL16E_I/Use_unisim.MB_SRL16E_I1 (U0/microblaze_I/MicroBlaze_Core_I/Area.Decode_I/instr_OF<3>)
     LUT3:I0->O           17   0.205   1.028  U0/microblaze_I/MicroBlaze_Core_I/Area.Decode_I/PWR_12_o_instr_OF[0]_equal_114_o<0>11 (U0/microblaze_I/MicroBlaze_Core_I/Area.Decode_I/PWR_12_o_instr_OF[0]_equal_114_o<0>1)
     LUT5:I4->O           15   0.205   0.982  U0/microblaze_I/MicroBlaze_Core_I/Area.Decode_I/PWR_12_o_take_Intr_Now_Early_AND_179_o1_1 (U0/microblaze_I/MicroBlaze_Core_I/Area.Decode_I/PWR_12_o_take_Intr_Now_Early_AND_179_o1)
     LUT3:I2->O           15   0.205   0.982  U0/microblaze_I/MicroBlaze_Core_I/Area.Data_Flow_I/Operand_Select_I/Using_FPGA.OpSelect_Bits[10].Operand_Select_Bit_I/Mmux_op2_I111 (U0/microblaze_I/MicroBlaze_Core_I/Area.Data_Flow_I/Operand_Select_I/Using_FPGA.OpSelect_Bits[10].Operand_Select_Bit_I/Mmux_op2_I11)
     LUT6:I5->O            1   0.205   0.000  U0/microblaze_I/MicroBlaze_Core_I/Area.Data_Flow_I/Operand_Select_I/Using_FPGA.OpSelect_Bits[9].Operand_Select_Bit_I/Mmux_op2_I13 (U0/microblaze_I/MicroBlaze_Core_I/Area.Data_Flow_I/Operand_Select_I/Using_FPGA.OpSelect_Bits[9].Operand_Select_Bit_I/op2_I)
     FDE:D                     0.102          U0/microblaze_I/MicroBlaze_Core_I/Area.Data_Flow_I/Operand_Select_I/Using_FPGA.OpSelect_Bits[9].Operand_Select_Bit_I/Op2_DFF
    ----------------------------------------
    Total                      7.306ns (1.572ns logic, 5.734ns route)
                                       (21.5% logic, 78.5% route)

=========================================================================
Timing constraint: Default OFFSET IN BEFORE for Clock 'EppDSTB'
  Total number of paths / destination ports: 32 / 32
-------------------------------------------------------------------------
Offset:              3.990ns (Levels of Logic = 3)
  Source:            EppWRITE (PAD)
  Destination:       XLXI_865/regbtn_7 (FF)
  Destination Clock: EppDSTB rising

  Data Path: EppWRITE to XLXI_865/regbtn_7
                                Gate     Net
    Cell:in->out      fanout   Delay   Delay  Logical Name (Net Name)
    ----------------------------------------  ------------
     IBUF:I->O             2   1.222   0.617  EppWRITE_IBUF (EppWRITE_IBUF)
     LUT4:I3->O            2   0.205   0.617  XLXI_865/_n0123_inv_SW0 (N2)
     LUT6:I5->O            8   0.205   0.802  XLXI_865/_n0123_inv (XLXI_865/_n0123_inv)
     FDE:CE                    0.322          XLXI_865/regsw_0
    ----------------------------------------
    Total                      3.990ns (1.954ns logic, 2.036ns route)
                                       (49.0% logic, 51.0% route)

=========================================================================
Timing constraint: Default OFFSET IN BEFORE for Clock 'EppASTB'
  Total number of paths / destination ports: 16 / 16
-------------------------------------------------------------------------
Offset:              3.370ns (Levels of Logic = 2)
  Source:            EppWRITE (PAD)
  Destination:       XLXI_865/regEppAdr_7 (FF)
  Destination Clock: EppASTB rising

  Data Path: EppWRITE to XLXI_865/regEppAdr_7
                                Gate     Net
    Cell:in->out      fanout   Delay   Delay  Logical Name (Net Name)
    ----------------------------------------  ------------
     IBUF:I->O             2   1.222   0.616  EppWRITE_IBUF (EppWRITE_IBUF)
     INV:I->O             16   0.206   1.004  XLXI_865/EppWRITE_inv1_INV_0 (XLXI_865/EppWRITE_inv)
     FDE:CE                    0.322          XLXI_865/regEppAdr_0
    ----------------------------------------
    Total                      3.370ns (1.750ns logic, 1.620ns route)
                                       (51.9% logic, 48.1% route)

=========================================================================
Timing constraint: Default OFFSET IN BEFORE for Clock 'XLXI_309/blk00000001/Q<7>'
  Total number of paths / destination ports: 8 / 8
-------------------------------------------------------------------------
Offset:              1.903ns (Levels of Logic = 2)
  Source:            sw_pad<0> (PAD)
  Destination:       XLXI_387/Q_0 (FF)
  Destination Clock: XLXI_309/blk00000001/Q<7> rising

  Data Path: sw_pad<0> to XLXI_387/Q_0
                                Gate     Net
    Cell:in->out      fanout   Delay   Delay  Logical Name (Net Name)
    ----------------------------------------  ------------
     IBUF:I->O             1   1.222   0.579  sw_pad_0_IBUF (sw_pad_0_IBUF)
     begin scope: 'XLXI_387:D<0>'
     FD:D                      0.102          Q_0
    ----------------------------------------
    Total                      1.903ns (1.324ns logic, 0.579ns route)
                                       (69.6% logic, 30.4% route)

=========================================================================
Timing constraint: Default OFFSET IN BEFORE for Clock 'ck_100MHz_pad'
  Total number of paths / destination ports: 1 / 1
-------------------------------------------------------------------------
Offset:              2.109ns (Levels of Logic = 3)
  Source:            uart_rx_pad (PAD)
  Destination:       mcs_0/U0/iomodule_0/IOModule_Core_I1/Using_UART_RX.UART_RX_I1/rx_1 (FF)
  Destination Clock: ck_100MHz_pad rising 2.0X

  Data Path: uart_rx_pad to mcs_0/U0/iomodule_0/IOModule_Core_I1/Using_UART_RX.UART_RX_I1/rx_1
                                Gate     Net
    Cell:in->out      fanout   Delay   Delay  Logical Name (Net Name)
    ----------------------------------------  ------------
     IBUF:I->O             1   1.222   0.580  uart_rx_pad_IBUF (uart_rx_pad_IBUF)
     begin scope: 'mcs_0:uart_rx'
     LUT2:I1->O            1   0.205   0.000  U0/iomodule_0/IOModule_Core_I1/Using_UART_RX.UART_RX_I1/Mmux_RX_PWR_86_o_MUX_4561_o11 (U0/iomodule_0/IOModule_Core_I1/Using_UART_RX.UART_RX_I1/RX_PWR_86_o_MUX_4561_o)
     FD:D                      0.102          U0/iomodule_0/IOModule_Core_I1/Using_UART_RX.UART_RX_I1/rx_1
    ----------------------------------------
    Total                      2.109ns (1.529ns logic, 0.580ns route)
                                       (72.5% logic, 27.5% route)

=========================================================================
Timing constraint: Default OFFSET OUT AFTER for Clock 'ck_100MHz_pad'
  Total number of paths / destination ports: 49 / 21
-------------------------------------------------------------------------
Offset:              6.479ns (Levels of Logic = 4)
  Source:            XLXI_865/U8/tono_3 (FF)
  Destination:       DB<7> (PAD)
  Source Clock:      ck_100MHz_pad rising 2.0X

  Data Path: XLXI_865/U8/tono_3 to DB<7>
                                Gate     Net
    Cell:in->out      fanout   Delay   Delay  Logical Name (Net Name)
    ----------------------------------------  ------------
     FDR:C->Q              3   0.447   0.879  XLXI_865/U8/tono_3 (XLXI_865/U8/tono_3)
     LUT6:I3->O            1   0.205   0.580  XLXI_865/Mmux_busEppInternal81 (XLXI_865/Mmux_busEppInternal8)
     LUT6:I5->O            1   0.205   0.808  XLXI_865/Mmux_busEppInternal82 (XLXI_865/Mmux_busEppInternal81)
     LUT4:I1->O            1   0.205   0.579  XLXI_865/Mmux_busEppInternal83 (XLXI_865/busEppInternal<7>)
     IOBUF:I->IO               2.571          DB_7_IOBUF (DB<7>)
    ----------------------------------------
    Total                      6.479ns (3.633ns logic, 2.846ns route)
                                       (56.1% logic, 43.9% route)

=========================================================================
Timing constraint: Default OFFSET OUT AFTER for Clock 'EppASTB'
  Total number of paths / destination ports: 89 / 8
-------------------------------------------------------------------------
Offset:              7.055ns (Levels of Logic = 4)
  Source:            XLXI_865/regEppAdr_0 (FF)
  Destination:       DB<7> (PAD)
  Source Clock:      EppASTB rising

  Data Path: XLXI_865/regEppAdr_0 to DB<7>
                                Gate     Net
    Cell:in->out      fanout   Delay   Delay  Logical Name (Net Name)
    ----------------------------------------  ------------
     FDE:C->Q             20   0.447   1.457  XLXI_865/regEppAdr_0 (XLXI_865/regEppAdr_0)
     LUT6:I0->O            1   0.203   0.580  XLXI_865/Mmux_busEppInternal41 (XLXI_865/Mmux_busEppInternal4)
     LUT6:I5->O            1   0.205   0.808  XLXI_865/Mmux_busEppInternal42 (XLXI_865/Mmux_busEppInternal41)
     LUT4:I1->O            1   0.205   0.579  XLXI_865/Mmux_busEppInternal43 (XLXI_865/busEppInternal<3>)
     IOBUF:I->IO               2.571          DB_3_IOBUF (DB<3>)
    ----------------------------------------
    Total                      7.055ns (3.631ns logic, 3.424ns route)
                                       (51.5% logic, 48.5% route)

=========================================================================
Timing constraint: Default OFFSET OUT AFTER for Clock 'EppDSTB'
  Total number of paths / destination ports: 18 / 10
-------------------------------------------------------------------------
Offset:              6.424ns (Levels of Logic = 4)
  Source:            XLXI_865/regbtn_7 (FF)
  Destination:       DB<7> (PAD)
  Source Clock:      EppDSTB rising

  Data Path: XLXI_865/regbtn_7 to DB<7>
                                Gate     Net
    Cell:in->out      fanout   Delay   Delay  Logical Name (Net Name)
    ----------------------------------------  ------------
     FDE:C->Q              1   0.447   0.827  XLXI_865/regbtn_7 (XLXI_865/regbtn_7)
     LUT6:I2->O            1   0.203   0.580  XLXI_865/Mmux_busEppInternal81 (XLXI_865/Mmux_busEppInternal8)
     LUT6:I5->O            1   0.205   0.808  XLXI_865/Mmux_busEppInternal82 (XLXI_865/Mmux_busEppInternal81)
     LUT4:I1->O            1   0.205   0.579  XLXI_865/Mmux_busEppInternal83 (XLXI_865/busEppInternal<7>)
     IOBUF:I->IO               2.571          DB_7_IOBUF (DB<7>)
    ----------------------------------------
    Total                      6.424ns (3.631ns logic, 2.793ns route)
                                       (56.5% logic, 43.5% route)

=========================================================================
Timing constraint: Default path analysis
  Total number of paths / destination ports: 22 / 11
-------------------------------------------------------------------------
Delay:               7.600ns (Levels of Logic = 5)
  Source:            EppASTB (PAD)
  Destination:       DB<0> (PAD)

  Data Path: EppASTB to DB<0>
                                Gate     Net
    Cell:in->out      fanout   Delay   Delay  Logical Name (Net Name)
    ----------------------------------------  ------------
     IBUF:I->O            11   1.222   1.227  EppASTB_IBUF (EppASTB_IBUF)
     LUT5:I0->O            1   0.203   0.580  XLXI_865/Mmux_busEppInternal12 (XLXI_865/Mmux_busEppInternal11)
     LUT6:I5->O            1   0.205   0.808  XLXI_865/Mmux_busEppInternal13 (XLXI_865/Mmux_busEppInternal12)
     LUT5:I2->O            1   0.205   0.579  XLXI_865/Mmux_busEppInternal14 (XLXI_865/busEppInternal<0>)
     IOBUF:I->IO               2.571          DB_0_IOBUF (DB<0>)
    ----------------------------------------
    Total                      7.600ns (4.406ns logic, 3.194ns route)
                                       (58.0% logic, 42.0% route)

=========================================================================

Cross Clock Domains Report:
--------------------------

Clock to Setup on destination clock EppDSTB
---------------+---------+---------+---------+---------+
               | Src:Rise| Src:Fall| Src:Rise| Src:Fall|
Source Clock   |Dest:Rise|Dest:Rise|Dest:Fall|Dest:Fall|
---------------+---------+---------+---------+---------+
EppASTB        |    3.494|         |         |         |
---------------+---------+---------+---------+---------+

Clock to Setup on destination clock ck_100MHz_pad
-------------------------+---------+---------+---------+---------+
                         | Src:Rise| Src:Fall| Src:Rise| Src:Fall|
Source Clock             |Dest:Rise|Dest:Rise|Dest:Fall|Dest:Fall|
-------------------------+---------+---------+---------+---------+
EppDSTB                  |    1.371|         |         |         |
XLXI_309/blk00000001/Q<7>|    1.436|         |         |         |
ck_100MHz_pad            |    7.306|         |         |         |
-------------------------+---------+---------+---------+---------+

=========================================================================


Total REAL time to Xst completion: 13.00 secs
Total CPU time to Xst completion: 13.31 secs
 
--> 

Total memory usage is 4521904 kilobytes

Number of errors   :    0 (   0 filtered)
Number of warnings :   39 (   0 filtered)
Number of infos    :   12 (   0 filtered)

