Command line:
   convol_top_rl_2022_isim_beh.exe
     -simmode  gui
     -simrunnum  0
     -socket  50033

Sat Nov 02 08:46:06 2024


 Elaboration Time: 0.109375 sec

 Current Memory Usage: 5180.82 Meg

 Total Signals          : 3814
 Total Nets             : 4656
 Total Signal Drivers   : 1452
 Total Blocks           : 904
 Total Primitive Blocks : 773
 Total Processes        : 1265
 Total Traceable Variables  : 1510
 Total Scalar Nets and Variables : 13202
Total Line Count : 4727
Total Line Count : 4727

 Total Simulation Time: 0.171875 sec

 Current Memory Usage: 4708.96 Meg

Sat Nov 02 08:50:53 2024

