Command line:
   bloque_convol_bloque_convol_sch_tb_isim_beh.exe
     -simmode  gui
     -simrunnum  0
     -socket  50359

Mon Nov 04 11:04:01 2024


 Elaboration Time: 0.078125 sec

 Current Memory Usage: 5163.88 Meg

 Total Signals          : 2268
 Total Nets             : 2409
 Total Signal Drivers   : 724
 Total Blocks           : 515
 Total Primitive Blocks : 451
 Total Processes        : 658
 Total Traceable Variables  : 894
 Total Scalar Nets and Variables : 5498
Total Line Count : 2259

 Total Simulation Time: 0.140625 sec

 Current Memory Usage: 4692.02 Meg

Mon Nov 04 12:18:46 2024

