Release 14.7 - xst P.20131013 (nt64)
Copyright (c) 1995-2013 Xilinx, Inc.  All rights reserved.
--> Parameter TMPDIR set to xst/projnav.tmp


Total REAL time to Xst completion: 0.00 secs
Total CPU time to Xst completion: 0.16 secs
 
--> Parameter xsthdpdir set to xst


Total REAL time to Xst completion: 0.00 secs
Total CPU time to Xst completion: 0.16 secs
 
--> Reading design: mcs_basico3_top.prj

TABLE OF CONTENTS
  1) Synthesis Options Summary
  2) HDL Parsing
  3) HDL Elaboration
  4) HDL Synthesis
       4.1) HDL Synthesis Report
  5) Advanced HDL Synthesis
       5.1) Advanced HDL Synthesis Report
  6) Low Level Synthesis
  7) Partition Report
  8) Design Summary
       8.1) Primitive and Black Box Usage
       8.2) Device utilization summary
       8.3) Partition Resource Summary
       8.4) Timing Report
            8.4.1) Clock Information
            8.4.2) Asynchronous Control Signals Information
            8.4.3) Timing Summary
            8.4.4) Timing Details
            8.4.5) Cross Clock Domains Report


=========================================================================
*                      Synthesis Options Summary                        *
=========================================================================
---- Source Parameters
Input File Name                    : "mcs_basico3_top.prj"
Ignore Synthesis Constraint File   : NO

---- Target Parameters
Output File Name                   : "mcs_basico3_top"
Output Format                      : NGC
Target Device                      : xc6slx16-3-csg324

---- Source Options
Top Module Name                    : mcs_basico3_top
Automatic FSM Extraction           : YES
FSM Encoding Algorithm             : Auto
Safe Implementation                : No
FSM Style                          : LUT
RAM Extraction                     : Yes
RAM Style                          : Auto
ROM Extraction                     : Yes
Shift Register Extraction          : YES
ROM Style                          : Auto
Resource Sharing                   : YES
Asynchronous To Synchronous        : NO
Shift Register Minimum Size        : 2
Use DSP Block                      : Auto
Automatic Register Balancing       : No

---- Target Options
LUT Combining                      : Auto
Reduce Control Sets                : Auto
Add IO Buffers                     : YES
Global Maximum Fanout              : 100000
Add Generic Clock Buffer(BUFG)     : 16
Register Duplication               : YES
Optimize Instantiated Primitives   : NO
Use Clock Enable                   : Auto
Use Synchronous Set                : Auto
Use Synchronous Reset              : Auto
Pack IO Registers into IOBs        : Auto
Equivalent register Removal        : YES

---- General Options
Optimization Goal                  : Speed
Optimization Effort                : 1
Power Reduction                    : NO
Keep Hierarchy                     : No
Netlist Hierarchy                  : As_Optimized
RTL Output                         : Yes
Global Optimization                : AllClockNets
Read Cores                         : YES
Write Timing Constraints           : NO
Cross Clock Analysis               : NO
Hierarchy Separator                : /
Bus Delimiter                      : <>
Case Specifier                     : Maintain
Slice Utilization Ratio            : 100
BRAM Utilization Ratio             : 100
DSP48 Utilization Ratio            : 100
Auto BRAM Packing                  : NO
Slice Utilization Ratio Delta      : 5

---- Other Options
Cores Search Directories           : {"ipcore_dir"  }

=========================================================================


=========================================================================
*                          HDL Parsing                                  *
=========================================================================
Parsing VHDL file "C:\Users\Usuario_UMA\Downloads\mcs_basico3_rl_2023\ipcore_dir\microcontrolador_mcs.vhd" into library work
Parsing VHDL file "C:\Users\Usuario_UMA\Downloads\mcs_basico3_rl_2023\ipcore_dir\cont_16bits.vhd" into library work
Parsing entity <cont_16bits>.
Parsing architecture <cont_16bits_a> of entity <cont_16bits>.
Parsing VHDL file "C:\Users\Usuario_UMA\Downloads\mcs_basico3_rl_2023\ipcore_dir\dcm_100m_5m.vhd" into library work
Parsing entity <dcm_100m_5m>.
Parsing architecture <xilinx> of entity <dcm_100m_5m>.
Parsing VHDL file "C:\Users\Usuario_UMA\Downloads\mcs_basico3_rl_2023\ipcore_dir\bIpSumRes.vhd" into library work
Parsing entity <bIpSumRes>.
Parsing architecture <bIpSumRes_a> of entity <bipsumres>.
Parsing VHDL file "C:\Users\Usuario_UMA\Downloads\mcs_basico3_rl_2023\ipcore_dir\bIpDividir.vhd" into library work
Parsing VHDL file "C:\Users\Usuario_UMA\Downloads\mcs_basico3_rl_2023\fsm_potencia.vhd" into library work
Parsing entity <fsm_calcpotencia>.
Parsing architecture <fsm_calcpotencia_arch> of entity <fsm_calcpotencia>.
Parsing VHDL file "C:\Users\Usuario_UMA\Downloads\mcs_basico3_rl_2023\bcd_7seg_neg.vhd" into library work
Parsing entity <bcd_7seg_neg>.
Parsing architecture <Behavioral> of entity <bcd_7seg_neg>.
Parsing VHDL file "C:\Users\Usuario_UMA\Downloads\mcs_basico3_rl_2023\Remote_Lab.vhd" into library work
Parsing entity <Remote_Lab>.
Parsing architecture <Behavioral> of entity <remote_lab>.
Parsing entity <Modulo>.
Parsing architecture <Behavioral> of entity <modulo>.
Parsing entity <Division>.
Parsing architecture <Behavioral> of entity <division>.
Parsing entity <Genera_Tono>.
Parsing architecture <behavioral> of entity <genera_tono>.
Parsing VHDL file "C:\Users\Usuario_UMA\Downloads\mcs_basico3_rl_2023\iobus_salida.vhf" into library work
Parsing entity <FD8CE_HXILINX_iobus_salida>.
Parsing architecture <Behavioral> of entity <fd8ce_hxilinx_iobus_salida>.
Parsing entity <COMP16_HXILINX_iobus_salida>.
Parsing architecture <COMP16_HXILINX_iobus_salida_V> of entity <comp16_hxilinx_iobus_salida>.
Parsing entity <iobus_salida>.
Parsing architecture <BEHAVIORAL> of entity <iobus_salida>.
Parsing VHDL file "C:\Users\Usuario_UMA\Downloads\mcs_basico3_rl_2023\displays_7seg_nexys3_RemLab.vhf" into library work
Parsing entity <displays_7seg_nexys3_RemLab>.
Parsing architecture <BEHAVIORAL> of entity <displays_7seg_nexys3_remlab>.
Parsing VHDL file "C:\Users\Usuario_UMA\Downloads\mcs_basico3_rl_2023\calc_potencia.vhf" into library work
Parsing entity <M4_1E_HXILINX_calc_potencia>.
Parsing architecture <M4_1E_HXILINX_calc_potencia_V> of entity <m4_1e_hxilinx_calc_potencia>.
Parsing entity <M2_1_HXILINX_calc_potencia>.
Parsing architecture <M2_1_HXILINX_calc_potencia_V> of entity <m2_1_hxilinx_calc_potencia>.
Parsing entity <calc_potencia>.
Parsing architecture <BEHAVIORAL> of entity <calc_potencia>.
Parsing VHDL file "C:\Users\Usuario_UMA\Downloads\mcs_basico3_rl_2023\mcs_basico3_top.vhf" into library work
Parsing entity <FD8CE_HXILINX_mcs_basico3_top>.
Parsing architecture <Behavioral> of entity <fd8ce_hxilinx_mcs_basico3_top>.
Parsing entity <IFD4_HXILINX_mcs_basico3_top>.
Parsing architecture <Behavioral> of entity <ifd4_hxilinx_mcs_basico3_top>.
Parsing entity <IFD8_HXILINX_mcs_basico3_top>.
Parsing architecture <Behavioral> of entity <ifd8_hxilinx_mcs_basico3_top>.
Parsing entity <OFD8_HXILINX_mcs_basico3_top>.
Parsing architecture <Behavioral> of entity <ofd8_hxilinx_mcs_basico3_top>.
Parsing entity <M4_1E_HXILINX_mcs_basico3_top>.
Parsing architecture <M4_1E_HXILINX_mcs_basico3_top_V> of entity <m4_1e_hxilinx_mcs_basico3_top>.
Parsing entity <OFD_HXILINX_mcs_basico3_top>.
Parsing architecture <Behavioral> of entity <ofd_hxilinx_mcs_basico3_top>.
Parsing entity <M2_1_HXILINX_mcs_basico3_top>.
Parsing architecture <M2_1_HXILINX_mcs_basico3_top_V> of entity <m2_1_hxilinx_mcs_basico3_top>.
Parsing entity <IFD_HXILINX_mcs_basico3_top>.
Parsing architecture <Behavioral> of entity <ifd_hxilinx_mcs_basico3_top>.
Parsing entity <COMP16_HXILINX_mcs_basico3_top>.
Parsing architecture <COMP16_HXILINX_mcs_basico3_top_V> of entity <comp16_hxilinx_mcs_basico3_top>.
Parsing entity <calc_potencia_MUSER_mcs_basico3_top>.
Parsing architecture <BEHAVIORAL> of entity <calc_potencia_muser_mcs_basico3_top>.
Parsing entity <displays_7seg_nexys3_RemLab_MUSER_mcs_basico3_top>.
Parsing architecture <BEHAVIORAL> of entity <displays_7seg_nexys3_remlab_muser_mcs_basico3_top>.
Parsing entity <iobus_salida_MUSER_mcs_basico3_top>.
Parsing architecture <BEHAVIORAL> of entity <iobus_salida_muser_mcs_basico3_top>.
Parsing entity <mcs_basico3_top>.
Parsing architecture <BEHAVIORAL> of entity <mcs_basico3_top>.

=========================================================================
*                            HDL Elaboration                            *
=========================================================================

Elaborating entity <mcs_basico3_top> (architecture <BEHAVIORAL>) from library <work>.
WARNING:HDLCompiler:89 - "C:\Users\Usuario_UMA\Downloads\mcs_basico3_rl_2023\mcs_basico3_top.vhf" Line 1944: <microcontrolador_mcs> remains a black-box since it has no binding entity.

Elaborating entity <OFD8_HXILINX_mcs_basico3_top> (architecture <Behavioral>) from library <work>.

Elaborating entity <OFD_HXILINX_mcs_basico3_top> (architecture <Behavioral>) with generics from library <work>.

Elaborating entity <IFD4_HXILINX_mcs_basico3_top> (architecture <Behavioral>) from library <work>.

Elaborating entity <iobus_salida_MUSER_mcs_basico3_top> (architecture <BEHAVIORAL>) from library <work>.

Elaborating entity <FD8CE_HXILINX_mcs_basico3_top> (architecture <Behavioral>) from library <work>.

Elaborating entity <COMP16_HXILINX_mcs_basico3_top> (architecture <COMP16_HXILINX_mcs_basico3_top_V>) from library <work>.

Elaborating entity <IFD_HXILINX_mcs_basico3_top> (architecture <Behavioral>) with generics from library <work>.

Elaborating entity <IFD8_HXILINX_mcs_basico3_top> (architecture <Behavioral>) from library <work>.

Elaborating entity <Remote_Lab> (architecture <Behavioral>) from library <work>.

Elaborating entity <Modulo> (architecture <Behavioral>) from library <work>.

Elaborating entity <Division> (architecture <Behavioral>) from library <work>.

Elaborating entity <Genera_Tono> (architecture <behavioral>) from library <work>.

Elaborating entity <dcm_100m_5m> (architecture <xilinx>) from library <work>.

Elaborating entity <cont_16bits> (architecture <cont_16bits_a>) from library <work>.

Elaborating entity <displays_7seg_nexys3_RemLab_MUSER_mcs_basico3_top> (architecture <BEHAVIORAL>) from library <work>.

Elaborating entity <bcd_7seg_neg> (architecture <Behavioral>) from library <work>.

Elaborating entity <calc_potencia_MUSER_mcs_basico3_top> (architecture <BEHAVIORAL>) from library <work>.

Elaborating entity <M2_1_HXILINX_mcs_basico3_top> (architecture <M2_1_HXILINX_mcs_basico3_top_V>) from library <work>.
INFO:HDLCompiler:679 - "C:\Users\Usuario_UMA\Downloads\mcs_basico3_rl_2023\mcs_basico3_top.vhf" Line 262. Case statement is complete. others clause is never selected

Elaborating entity <bIpSumRes> (architecture <bIpSumRes_a>) from library <work>.
WARNING:HDLCompiler:89 - "C:\Users\Usuario_UMA\Downloads\mcs_basico3_rl_2023\mcs_basico3_top.vhf" Line 416: <bipdividir> remains a black-box since it has no binding entity.

Elaborating entity <M4_1E_HXILINX_mcs_basico3_top> (architecture <M4_1E_HXILINX_mcs_basico3_top_V>) from library <work>.
INFO:HDLCompiler:679 - "C:\Users\Usuario_UMA\Downloads\mcs_basico3_rl_2023\mcs_basico3_top.vhf" Line 198. Case statement is complete. others clause is never selected

Elaborating entity <fsm_calcpotencia> (architecture <fsm_calcpotencia_arch>) from library <work>.
INFO:HDLCompiler:679 - "C:\Users\Usuario_UMA\Downloads\mcs_basico3_rl_2023\fsm_potencia.vhd" Line 144. Case statement is complete. others clause is never selected
WARNING:HDLCompiler:634 - "C:\Users\Usuario_UMA\Downloads\mcs_basico3_rl_2023\mcs_basico3_top.vhf" Line 1902: Net <fila[4]> does not have a driver.
WARNING:HDLCompiler:634 - "C:\Users\Usuario_UMA\Downloads\mcs_basico3_rl_2023\mcs_basico3_top.vhf" Line 1905: Net <io_address[31]> does not have a driver.
WARNING:HDLCompiler:634 - "C:\Users\Usuario_UMA\Downloads\mcs_basico3_rl_2023\mcs_basico3_top.vhf" Line 1906: Net <io_addr_strobe> does not have a driver.
WARNING:HDLCompiler:634 - "C:\Users\Usuario_UMA\Downloads\mcs_basico3_rl_2023\mcs_basico3_top.vhf" Line 1907: Net <io_byte_enable[3]> does not have a driver.
WARNING:HDLCompiler:634 - "C:\Users\Usuario_UMA\Downloads\mcs_basico3_rl_2023\mcs_basico3_top.vhf" Line 1910: Net <io_read_strobe> does not have a driver.
WARNING:HDLCompiler:634 - "C:\Users\Usuario_UMA\Downloads\mcs_basico3_rl_2023\mcs_basico3_top.vhf" Line 1911: Net <io_write_data[31]> does not have a driver.
WARNING:HDLCompiler:634 - "C:\Users\Usuario_UMA\Downloads\mcs_basico3_rl_2023\mcs_basico3_top.vhf" Line 1912: Net <io_write_strobe> does not have a driver.
WARNING:HDLCompiler:634 - "C:\Users\Usuario_UMA\Downloads\mcs_basico3_rl_2023\mcs_basico3_top.vhf" Line 1942: Net <XLXI_138_CLK_openSignal> does not have a driver.
WARNING:HDLCompiler:634 - "C:\Users\Usuario_UMA\Downloads\mcs_basico3_rl_2023\mcs_basico3_top.vhf" Line 1943: Net <XLXI_138_KEYCLEARB_openSignal> does not have a driver.
WARNING:Xst:2972 - "C:\Users\Usuario_UMA\Downloads\mcs_basico3_rl_2023\mcs_basico3_top.vhf" line 2313. All outputs of instance <XLXI_279_1> of block <IFD_HXILINX_mcs_basico3_top> are unconnected in block <mcs_basico3_top>. Underlying logic will be removed.
WARNING:Xst:2972 - "C:\Users\Usuario_UMA\Downloads\mcs_basico3_rl_2023\mcs_basico3_top.vhf" line 2318. All outputs of instance <XLXI_279_2> of block <IFD_HXILINX_mcs_basico3_top> are unconnected in block <mcs_basico3_top>. Underlying logic will be removed.
WARNING:Xst:2972 - "C:\Users\Usuario_UMA\Downloads\mcs_basico3_rl_2023\mcs_basico3_top.vhf" line 2323. All outputs of instance <XLXI_279_3> of block <IFD_HXILINX_mcs_basico3_top> are unconnected in block <mcs_basico3_top>. Underlying logic will be removed.
WARNING:Xst:2972 - "C:\Users\Usuario_UMA\Downloads\mcs_basico3_rl_2023\mcs_basico3_top.vhf" line 2328. All outputs of instance <XLXI_279_4> of block <IFD_HXILINX_mcs_basico3_top> are unconnected in block <mcs_basico3_top>. Underlying logic will be removed.

=========================================================================
*                           HDL Synthesis                               *
=========================================================================

Synthesizing Unit <mcs_basico3_top>.
    Related source file is "C:\Users\Usuario_UMA\Downloads\mcs_basico3_rl_2023\mcs_basico3_top.vhf".
    Set property "IOSTANDARD = DEFAULT" for instance <XLXI_30>.
    Set property "IBUF_DELAY_VALUE = 0" for instance <XLXI_30>.
    Set property "IFD_DELAY_VALUE = AUTO" for instance <XLXI_30>.
    Set property "HU_SET = XLXI_35_174" for instance <XLXI_35>.
    Set property "IOSTANDARD = DEFAULT" for instance <XLXI_114_1>.
    Set property "SLEW = SLOW" for instance <XLXI_114_1>.
    Set property "DRIVE = 12" for instance <XLXI_114_1>.
    Set property "IOSTANDARD = DEFAULT" for instance <XLXI_114_2>.
    Set property "SLEW = SLOW" for instance <XLXI_114_2>.
    Set property "DRIVE = 12" for instance <XLXI_114_2>.
    Set property "IOSTANDARD = DEFAULT" for instance <XLXI_114_3>.
    Set property "SLEW = SLOW" for instance <XLXI_114_3>.
    Set property "DRIVE = 12" for instance <XLXI_114_3>.
    Set property "IOSTANDARD = DEFAULT" for instance <XLXI_114_4>.
    Set property "SLEW = SLOW" for instance <XLXI_114_4>.
    Set property "DRIVE = 12" for instance <XLXI_114_4>.
    Set property "INIT = 0" for instance <XLXI_142>.
    Set property "SRTYPE = SYNC" for instance <XLXI_142>.
    Set property "DDR_ALIGNMENT = NONE" for instance <XLXI_142>.
    Set property "HU_SET = XLXI_165_173" for instance <XLXI_165>.
    Set property "HU_SET = XLXI_180_175" for instance <XLXI_180>.
    Set property "HU_SET = XLXI_279_1_168" for instance <XLXI_279_1>.
    Set property "HU_SET = XLXI_279_2_167" for instance <XLXI_279_2>.
    Set property "HU_SET = XLXI_279_3_166" for instance <XLXI_279_3>.
    Set property "HU_SET = XLXI_279_4_165" for instance <XLXI_279_4>.
    Set property "HU_SET = XLXI_288_1_172" for instance <XLXI_288_1>.
    Set property "HU_SET = XLXI_288_2_171" for instance <XLXI_288_2>.
    Set property "HU_SET = XLXI_288_3_170" for instance <XLXI_288_3>.
    Set property "HU_SET = XLXI_288_4_169" for instance <XLXI_288_4>.
    Set property "HU_SET = XLXI_387_176" for instance <XLXI_387>.
INFO:Xst:3210 - "C:\Users\Usuario_UMA\Downloads\mcs_basico3_rl_2023\mcs_basico3_top.vhf" line 2164: Output port <fit1_toggle> of the instance <mcs_0> is unconnected or connected to loadless signal.
INFO:Xst:3210 - "C:\Users\Usuario_UMA\Downloads\mcs_basico3_rl_2023\mcs_basico3_top.vhf" line 2164: Output port <fit1_interrupt> of the instance <mcs_0> is unconnected or connected to loadless signal.
INFO:Xst:3210 - "C:\Users\Usuario_UMA\Downloads\mcs_basico3_rl_2023\mcs_basico3_top.vhf" line 2164: Output port <intc_irq> of the instance <mcs_0> is unconnected or connected to loadless signal.
INFO:Xst:3210 - "C:\Users\Usuario_UMA\Downloads\mcs_basico3_rl_2023\mcs_basico3_top.vhf" line 2256: Output port <CFGCLK> of the instance <XLXI_138> is unconnected or connected to loadless signal.
INFO:Xst:3210 - "C:\Users\Usuario_UMA\Downloads\mcs_basico3_rl_2023\mcs_basico3_top.vhf" line 2256: Output port <CFGMCLK> of the instance <XLXI_138> is unconnected or connected to loadless signal.
INFO:Xst:3210 - "C:\Users\Usuario_UMA\Downloads\mcs_basico3_rl_2023\mcs_basico3_top.vhf" line 2256: Output port <EOS> of the instance <XLXI_138> is unconnected or connected to loadless signal.
INFO:Xst:3210 - "C:\Users\Usuario_UMA\Downloads\mcs_basico3_rl_2023\mcs_basico3_top.vhf" line 2294: Output port <dato_escrito> of the instance <XLXI_183> is unconnected or connected to loadless signal.
INFO:Xst:3210 - "C:\Users\Usuario_UMA\Downloads\mcs_basico3_rl_2023\mcs_basico3_top.vhf" line 2294: Output port <io_read_data> of the instance <XLXI_183> is unconnected or connected to loadless signal.
INFO:Xst:3210 - "C:\Users\Usuario_UMA\Downloads\mcs_basico3_rl_2023\mcs_basico3_top.vhf" line 2294: Output port <io_ready> of the instance <XLXI_183> is unconnected or connected to loadless signal.
INFO:Xst:3210 - "C:\Users\Usuario_UMA\Downloads\mcs_basico3_rl_2023\mcs_basico3_top.vhf" line 2313: Output port <Q> of the instance <XLXI_279_1> is unconnected or connected to loadless signal.
INFO:Xst:3210 - "C:\Users\Usuario_UMA\Downloads\mcs_basico3_rl_2023\mcs_basico3_top.vhf" line 2318: Output port <Q> of the instance <XLXI_279_2> is unconnected or connected to loadless signal.
INFO:Xst:3210 - "C:\Users\Usuario_UMA\Downloads\mcs_basico3_rl_2023\mcs_basico3_top.vhf" line 2323: Output port <Q> of the instance <XLXI_279_3> is unconnected or connected to loadless signal.
INFO:Xst:3210 - "C:\Users\Usuario_UMA\Downloads\mcs_basico3_rl_2023\mcs_basico3_top.vhf" line 2328: Output port <Q> of the instance <XLXI_279_4> is unconnected or connected to loadless signal.
INFO:Xst:3210 - "C:\Users\Usuario_UMA\Downloads\mcs_basico3_rl_2023\mcs_basico3_top.vhf" line 2452: Output port <anodo> of the instance <XLXI_873> is unconnected or connected to loadless signal.
INFO:Xst:3210 - "C:\Users\Usuario_UMA\Downloads\mcs_basico3_rl_2023\mcs_basico3_top.vhf" line 2479: Output port <G> of the instance <XLXI_885> is unconnected or connected to loadless signal.
WARNING:Xst:653 - Signal <fila> is used but never assigned. This sourceless signal will be automatically connected to value GND.
WARNING:Xst:653 - Signal <io_address> is used but never assigned. This sourceless signal will be automatically connected to value GND.
WARNING:Xst:653 - Signal <io_byte_enable> is used but never assigned. This sourceless signal will be automatically connected to value GND.
WARNING:Xst:653 - Signal <io_write_data> is used but never assigned. This sourceless signal will be automatically connected to value GND.
WARNING:Xst:653 - Signal <io_addr_strobe> is used but never assigned. This sourceless signal will be automatically connected to value GND.
WARNING:Xst:653 - Signal <io_read_strobe> is used but never assigned. This sourceless signal will be automatically connected to value GND.
WARNING:Xst:653 - Signal <io_write_strobe> is used but never assigned. This sourceless signal will be automatically connected to value GND.
WARNING:Xst:653 - Signal <XLXI_138_CLK_openSignal> is used but never assigned. This sourceless signal will be automatically connected to value GND.
WARNING:Xst:653 - Signal <XLXI_138_KEYCLEARB_openSignal> is used but never assigned. This sourceless signal will be automatically connected to value GND.
    Summary:
	no macro.
Unit <mcs_basico3_top> synthesized.

Synthesizing Unit <OFD8_HXILINX_mcs_basico3_top>.
    Related source file is "C:\Users\Usuario_UMA\Downloads\mcs_basico3_rl_2023\mcs_basico3_top.vhf".
    Set property "IOB = TRUE" for signal <Q>.
    Found 8-bit register for signal <Q>.
    Summary:
	inferred   8 D-type flip-flop(s).
Unit <OFD8_HXILINX_mcs_basico3_top> synthesized.

Synthesizing Unit <OFD_HXILINX_mcs_basico3_top>.
    Related source file is "C:\Users\Usuario_UMA\Downloads\mcs_basico3_rl_2023\mcs_basico3_top.vhf".
        INIT = '0'
    Set property "IOB = TRUE" for signal <Q>.
    Found 1-bit register for signal <q_tmp>.
    Summary:
	inferred   1 D-type flip-flop(s).
Unit <OFD_HXILINX_mcs_basico3_top> synthesized.

Synthesizing Unit <IFD4_HXILINX_mcs_basico3_top>.
    Related source file is "C:\Users\Usuario_UMA\Downloads\mcs_basico3_rl_2023\mcs_basico3_top.vhf".
    Set property "IOB = TRUE" for signal <Q0>.
    Set property "IOB = TRUE" for signal <Q1>.
    Set property "IOB = TRUE" for signal <Q2>.
    Set property "IOB = TRUE" for signal <Q3>.
    Found 1-bit register for signal <Q2>.
    Found 1-bit register for signal <Q1>.
    Found 1-bit register for signal <Q0>.
    Found 1-bit register for signal <Q3>.
    Summary:
	inferred   4 D-type flip-flop(s).
Unit <IFD4_HXILINX_mcs_basico3_top> synthesized.

Synthesizing Unit <iobus_salida_MUSER_mcs_basico3_top>.
    Related source file is "C:\Users\Usuario_UMA\Downloads\mcs_basico3_rl_2023\mcs_basico3_top.vhf".
    Set property "HU_SET = XLXI_5_159" for instance <XLXI_5>.
    Set property "HU_SET = XLXI_52_162" for instance <XLXI_52>.
    Set property "HU_SET = XLXI_54_160" for instance <XLXI_54>.
    Set property "HU_SET = XLXI_56_161" for instance <XLXI_56>.
    Set property "HU_SET = XLXI_82_163" for instance <XLXI_82>.
    Set property "HU_SET = XLXI_88_164" for instance <XLXI_88>.
WARNING:Xst:647 - Input <io_address<31:16>> is never used. This port will be preserved and left unconnected if it belongs to a top-level block or it belongs to a sub-block and the hierarchy of this sub-block is preserved.
    Summary:
	no macro.
Unit <iobus_salida_MUSER_mcs_basico3_top> synthesized.

Synthesizing Unit <FD8CE_HXILINX_mcs_basico3_top>.
    Related source file is "C:\Users\Usuario_UMA\Downloads\mcs_basico3_rl_2023\mcs_basico3_top.vhf".
    Found 8-bit register for signal <Q>.
    Summary:
	inferred   8 D-type flip-flop(s).
Unit <FD8CE_HXILINX_mcs_basico3_top> synthesized.

Synthesizing Unit <COMP16_HXILINX_mcs_basico3_top>.
    Related source file is "C:\Users\Usuario_UMA\Downloads\mcs_basico3_rl_2023\mcs_basico3_top.vhf".
    Summary:
	no macro.
Unit <COMP16_HXILINX_mcs_basico3_top> synthesized.

Synthesizing Unit <IFD8_HXILINX_mcs_basico3_top>.
    Related source file is "C:\Users\Usuario_UMA\Downloads\mcs_basico3_rl_2023\mcs_basico3_top.vhf".
    Set property "IOB = TRUE" for signal <Q>.
    Found 8-bit register for signal <Q>.
    Summary:
	inferred   8 D-type flip-flop(s).
Unit <IFD8_HXILINX_mcs_basico3_top> synthesized.

Synthesizing Unit <Remote_Lab>.
    Related source file is "C:\Users\Usuario_UMA\Downloads\mcs_basico3_rl_2023\Remote_Lab.vhd".
    Found 8-bit register for signal <regEppAdr>.
    Found 8-bit register for signal <regsw>.
    Found 8-bit register for signal <regbtn>.
    Found 17-bit register for signal <cnt>.
    Found 17-bit adder for signal <cnt[16]_GND_16_o_add_9_OUT> created at line 173.
    Found 4x4-bit Read Only RAM for signal <an>
    Found 8-bit 4-to-1 multiplexer for signal <seg_int> created at line 179.
    Found 8-bit 12-to-1 multiplexer for signal <_n0115> created at line 203.
    Found 1-bit tristate buffer for signal <EppDB<7>> created at line 200
    Found 1-bit tristate buffer for signal <EppDB<6>> created at line 200
    Found 1-bit tristate buffer for signal <EppDB<5>> created at line 200
    Found 1-bit tristate buffer for signal <EppDB<4>> created at line 200
    Found 1-bit tristate buffer for signal <EppDB<3>> created at line 200
    Found 1-bit tristate buffer for signal <EppDB<2>> created at line 200
    Found 1-bit tristate buffer for signal <EppDB<1>> created at line 200
    Found 1-bit tristate buffer for signal <EppDB<0>> created at line 200
    Summary:
	inferred   1 RAM(s).
	inferred   1 Adder/Subtractor(s).
	inferred  41 D-type flip-flop(s).
	inferred   3 Multiplexer(s).
	inferred   8 Tristate(s).
Unit <Remote_Lab> synthesized.

Synthesizing Unit <Modulo>.
    Related source file is "C:\Users\Usuario_UMA\Downloads\mcs_basico3_rl_2023\Remote_Lab.vhd".
    Found 1-bit register for signal <led_reg1>.
    Found 1-bit register for signal <led_reg2>.
    Found 1-bit register for signal <guardaDivision>.
    Found 22-bit register for signal <tiempo_on>.
    Found 22-bit register for signal <periodo>.
    Found 4-bit register for signal <tono>.
    Found 22-bit register for signal <counter>.
    Found 22-bit adder for signal <counter[21]_GND_17_o_add_0_OUT> created at line 293.
    Summary:
	inferred   1 Adder/Subtractor(s).
	inferred  73 D-type flip-flop(s).
Unit <Modulo> synthesized.

Synthesizing Unit <Division>.
    Related source file is "C:\Users\Usuario_UMA\Downloads\mcs_basico3_rl_2023\Remote_Lab.vhd".
    Summary:
	inferred  36 Multiplexer(s).
Unit <Division> synthesized.

Synthesizing Unit <Genera_Tono>.
    Related source file is "C:\Users\Usuario_UMA\Downloads\mcs_basico3_rl_2023\Remote_Lab.vhd".
WARNING:Xst:647 - Input <Periodo<3:3>> is never used. This port will be preserved and left unconnected if it belongs to a top-level block or it belongs to a sub-block and the hierarchy of this sub-block is preserved.
    Summary:
	no macro.
Unit <Genera_Tono> synthesized.

Synthesizing Unit <dcm_100m_5m>.
    Related source file is "C:\Users\Usuario_UMA\Downloads\mcs_basico3_rl_2023\ipcore_dir\dcm_100m_5m.vhd".
    Summary:
	no macro.
Unit <dcm_100m_5m> synthesized.

Synthesizing Unit <displays_7seg_nexys3_RemLab_MUSER_mcs_basico3_top>.
    Related source file is "C:\Users\Usuario_UMA\Downloads\mcs_basico3_rl_2023\mcs_basico3_top.vhf".
INFO:Xst:3210 - "C:\Users\Usuario_UMA\Downloads\mcs_basico3_rl_2023\mcs_basico3_top.vhf" line 1457: Output port <O> of the instance <XLXI_26> is unconnected or connected to loadless signal.
INFO:Xst:3210 - "C:\Users\Usuario_UMA\Downloads\mcs_basico3_rl_2023\mcs_basico3_top.vhf" line 1462: Output port <O> of the instance <XLXI_27> is unconnected or connected to loadless signal.
    Summary:
	no macro.
Unit <displays_7seg_nexys3_RemLab_MUSER_mcs_basico3_top> synthesized.

Synthesizing Unit <bcd_7seg_neg>.
    Related source file is "C:\Users\Usuario_UMA\Downloads\mcs_basico3_rl_2023\bcd_7seg_neg.vhd".
    Found 16x7-bit Read Only RAM for signal <SEGMENTO_NEG>
    Summary:
	inferred   1 RAM(s).
Unit <bcd_7seg_neg> synthesized.

Synthesizing Unit <calc_potencia_MUSER_mcs_basico3_top>.
    Related source file is "C:\Users\Usuario_UMA\Downloads\mcs_basico3_rl_2023\mcs_basico3_top.vhf".
    Set property "HU_SET = XLXI_37_0_137" for instance <XLXI_37_0>.
    Set property "HU_SET = XLXI_37_1_136" for instance <XLXI_37_1>.
    Set property "HU_SET = XLXI_37_2_135" for instance <XLXI_37_2>.
    Set property "HU_SET = XLXI_37_3_134" for instance <XLXI_37_3>.
    Set property "HU_SET = XLXI_37_4_133" for instance <XLXI_37_4>.
    Set property "HU_SET = XLXI_37_5_132" for instance <XLXI_37_5>.
    Set property "HU_SET = XLXI_37_6_131" for instance <XLXI_37_6>.
    Set property "HU_SET = XLXI_37_7_130" for instance <XLXI_37_7>.
    Set property "HU_SET = XLXI_76_0_145" for instance <XLXI_76_0>.
    Set property "HU_SET = XLXI_76_1_144" for instance <XLXI_76_1>.
    Set property "HU_SET = XLXI_76_2_143" for instance <XLXI_76_2>.
    Set property "HU_SET = XLXI_76_3_142" for instance <XLXI_76_3>.
    Set property "HU_SET = XLXI_76_4_141" for instance <XLXI_76_4>.
    Set property "HU_SET = XLXI_76_5_140" for instance <XLXI_76_5>.
    Set property "HU_SET = XLXI_76_6_139" for instance <XLXI_76_6>.
    Set property "HU_SET = XLXI_76_7_138" for instance <XLXI_76_7>.
    Set property "HU_SET = XLXI_95_0_129" for instance <XLXI_95_0>.
    Set property "HU_SET = XLXI_95_1_128" for instance <XLXI_95_1>.
    Set property "HU_SET = XLXI_95_2_127" for instance <XLXI_95_2>.
    Set property "HU_SET = XLXI_95_3_126" for instance <XLXI_95_3>.
    Set property "HU_SET = XLXI_95_4_125" for instance <XLXI_95_4>.
    Set property "HU_SET = XLXI_95_5_124" for instance <XLXI_95_5>.
    Set property "HU_SET = XLXI_95_6_123" for instance <XLXI_95_6>.
    Set property "HU_SET = XLXI_95_7_122" for instance <XLXI_95_7>.
    Set property "HU_SET = XLXI_95_8_121" for instance <XLXI_95_8>.
    Set property "HU_SET = XLXI_95_9_120" for instance <XLXI_95_9>.
    Set property "HU_SET = XLXI_95_10_119" for instance <XLXI_95_10>.
    Set property "HU_SET = XLXI_95_11_118" for instance <XLXI_95_11>.
    Set property "HU_SET = XLXI_95_12_117" for instance <XLXI_95_12>.
    Set property "HU_SET = XLXI_95_13_116" for instance <XLXI_95_13>.
    Set property "HU_SET = XLXI_95_14_115" for instance <XLXI_95_14>.
    Set property "HU_SET = XLXI_95_15_114" for instance <XLXI_95_15>.
    Set property "HU_SET = XLXI_97_0_158" for instance <XLXI_97_0>.
    Set property "HU_SET = XLXI_97_1_157" for instance <XLXI_97_1>.
    Set property "HU_SET = XLXI_97_2_156" for instance <XLXI_97_2>.
    Set property "HU_SET = XLXI_97_3_155" for instance <XLXI_97_3>.
    Set property "HU_SET = XLXI_97_4_154" for instance <XLXI_97_4>.
    Set property "HU_SET = XLXI_97_5_153" for instance <XLXI_97_5>.
    Set property "HU_SET = XLXI_97_6_152" for instance <XLXI_97_6>.
    Set property "HU_SET = XLXI_97_7_151" for instance <XLXI_97_7>.
    Set property "HU_SET = XLXI_97_8_150" for instance <XLXI_97_8>.
    Set property "HU_SET = XLXI_97_9_149" for instance <XLXI_97_9>.
    Set property "HU_SET = XLXI_97_10_148" for instance <XLXI_97_10>.
    Set property "HU_SET = XLXI_97_11_147" for instance <XLXI_97_11>.
    Set property "HU_SET = XLXI_97_12_146" for instance <XLXI_97_12>.
INFO:Xst:3210 - "C:\Users\Usuario_UMA\Downloads\mcs_basico3_rl_2023\mcs_basico3_top.vhf" line 992: Output port <fractional> of the instance <XLXI_94> is unconnected or connected to loadless signal.
INFO:Xst:3210 - "C:\Users\Usuario_UMA\Downloads\mcs_basico3_rl_2023\mcs_basico3_top.vhf" line 992: Output port <rfd> of the instance <XLXI_94> is unconnected or connected to loadless signal.
    Summary:
	no macro.
Unit <calc_potencia_MUSER_mcs_basico3_top> synthesized.

Synthesizing Unit <M2_1_HXILINX_mcs_basico3_top>.
    Related source file is "C:\Users\Usuario_UMA\Downloads\mcs_basico3_rl_2023\mcs_basico3_top.vhf".
    Summary:
	inferred   1 Multiplexer(s).
Unit <M2_1_HXILINX_mcs_basico3_top> synthesized.

Synthesizing Unit <M4_1E_HXILINX_mcs_basico3_top>.
    Related source file is "C:\Users\Usuario_UMA\Downloads\mcs_basico3_rl_2023\mcs_basico3_top.vhf".
    Found 1-bit 4-to-1 multiplexer for signal <S1_D3_Mux_0_o> created at line 193.
    Summary:
	inferred   2 Multiplexer(s).
Unit <M4_1E_HXILINX_mcs_basico3_top> synthesized.

Synthesizing Unit <fsm_calcpotencia>.
    Related source file is "C:\Users\Usuario_UMA\Downloads\mcs_basico3_rl_2023\fsm_potencia.vhd".
    Set property "enum_encoding = 000 001 010 011 100 101 110 111" for signal <Sreg0>.
    Found 3-bit register for signal <Sreg0>.
    Found 1-bit register for signal <sumador>.
    Found 1-bit register for signal <divisor>.
    Found 1-bit register for signal <ce_calor>.
    Found 1-bit register for signal <ce_calorx100>.
    Found 1-bit register for signal <ce_rango>.
    Found 1-bit register for signal <potencia_p>.
    Found 2-bit register for signal <sel_sum>.
    Found 1-bit register for signal <sum>.
    Found 5-bit register for signal <Sreg0_machine.ciclosd>.
    Found finite state machine <FSM_0> for signal <Sreg0>.
    -----------------------------------------------------------------------
    | States             | 8                                              |
    | Transitions        | 10                                             |
    | Inputs             | 2                                              |
    | Outputs            | 12                                             |
    | Clock              | ck (rising_edge)                               |
    | Reset              | reset (positive)                               |
    | Reset type         | asynchronous                                   |
    | Reset State        | s1                                             |
    | Power Up State     | s1                                             |
    | Encoding           | auto                                           |
    | Implementation     | LUT                                            |
    -----------------------------------------------------------------------
    Found 5-bit adder for signal <Sreg0_machine.ciclosd[4]_GND_40_o_add_3_OUT> created at line 133.
    Summary:
	inferred   1 Adder/Subtractor(s).
	inferred  14 D-type flip-flop(s).
	inferred   1 Multiplexer(s).
	inferred   1 Finite State Machine(s).
Unit <fsm_calcpotencia> synthesized.

=========================================================================
HDL Synthesis Report

Macro Statistics
# RAMs                                                 : 5
 16x7-bit single-port Read Only RAM                    : 4
 4x4-bit single-port Read Only RAM                     : 1
# Adders/Subtractors                                   : 10
 17-bit adder                                          : 1
 22-bit adder                                          : 8
 5-bit adder                                           : 1
# Registers                                            : 85
 1-bit register                                        : 40
 17-bit register                                       : 1
 2-bit register                                        : 1
 22-bit register                                       : 24
 4-bit register                                        : 8
 5-bit register                                        : 1
 8-bit register                                        : 10
# Multiplexers                                         : 366
 1-bit 2-to-1 multiplexer                              : 45
 1-bit 4-to-1 multiplexer                              : 29
 4-bit 2-to-1 multiplexer                              : 288
 5-bit 2-to-1 multiplexer                              : 1
 8-bit 12-to-1 multiplexer                             : 1
 8-bit 2-to-1 multiplexer                              : 1
 8-bit 4-to-1 multiplexer                              : 1
# Tristates                                            : 8
 1-bit tristate buffer                                 : 8
# FSMs                                                 : 1

=========================================================================

=========================================================================
*                       Advanced HDL Synthesis                          *
=========================================================================

Reading core <ipcore_dir/microcontrolador_mcs.ngc>.
Reading core <ipcore_dir/cont_16bits.ngc>.
Reading Secure Unit <blk00000001>.
Reading core <ipcore_dir/bIpDividir.ngc>.
Reading core <ipcore_dir/bIpSumRes.ngc>.
Reading Secure Unit <blk00000001>.
Loading core <microcontrolador_mcs> for timing and area information for instance <mcs_0>.
Loading core <cont_16bits> for timing and area information for instance <XLXI_867>.
Loading core <bIpDividir> for timing and area information for instance <XLXI_94>.
Loading core <bIpSumRes> for timing and area information for instance <XLXI_93>.
WARNING:Xst:1290 - Hierarchical block <XLXI_82> is unconnected in block <XLXI_183>.
   It will be removed from the design.
WARNING:Xst:1290 - Hierarchical block <XLXI_5> is unconnected in block <XLXI_183>.
   It will be removed from the design.
WARNING:Xst:1290 - Hierarchical block <XLXI_52> is unconnected in block <XLXI_183>.
   It will be removed from the design.
WARNING:Xst:1290 - Hierarchical block <XLXI_54> is unconnected in block <XLXI_183>.
   It will be removed from the design.
WARNING:Xst:1290 - Hierarchical block <XLXI_56> is unconnected in block <XLXI_183>.
   It will be removed from the design.

Synthesizing (advanced) Unit <Modulo>.
The following registers are absorbed into counter <counter>: 1 register on signal <counter>.
Unit <Modulo> synthesized (advanced).

Synthesizing (advanced) Unit <Remote_Lab>.
The following registers are absorbed into counter <cnt>: 1 register on signal <cnt>.
INFO:Xst:3218 - HDL ADVISOR - The RAM <Mram_an> will be implemented on LUTs either because you have described an asynchronous read or because of currently unsupported block RAM features. If you have described an asynchronous read, making it synchronous would allow you to take advantage of available block RAM resources, for optimized device usage and improved timings. Please refer to your documentation for coding guidelines.
    -----------------------------------------------------------------------
    | ram_type           | Distributed                         |          |
    -----------------------------------------------------------------------
    | Port A                                                              |
    |     aspect ratio   | 4-word x 4-bit                      |          |
    |     weA            | connected to signal <GND>           | high     |
    |     addrA          | connected to signal <cnt>           |          |
    |     diA            | connected to signal <GND>           |          |
    |     doA            | connected to signal <an>            |          |
    -----------------------------------------------------------------------
Unit <Remote_Lab> synthesized (advanced).

Synthesizing (advanced) Unit <bcd_7seg_neg>.
INFO:Xst:3218 - HDL ADVISOR - The RAM <Mram_SEGMENTO_NEG> will be implemented on LUTs either because you have described an asynchronous read or because of currently unsupported block RAM features. If you have described an asynchronous read, making it synchronous would allow you to take advantage of available block RAM resources, for optimized device usage and improved timings. Please refer to your documentation for coding guidelines.
    -----------------------------------------------------------------------
    | ram_type           | Distributed                         |          |
    -----------------------------------------------------------------------
    | Port A                                                              |
    |     aspect ratio   | 16-word x 7-bit                     |          |
    |     weA            | connected to signal <GND>           | high     |
    |     addrA          | connected to signal <BCD>           |          |
    |     diA            | connected to signal <GND>           |          |
    |     doA            | connected to signal <SEGMENTO_NEG>  |          |
    -----------------------------------------------------------------------
Unit <bcd_7seg_neg> synthesized (advanced).

Synthesizing (advanced) Unit <fsm_calcpotencia>.
The following registers are absorbed into counter <Sreg0_machine.ciclosd>: 1 register on signal <Sreg0_machine.ciclosd>.
Unit <fsm_calcpotencia> synthesized (advanced).

=========================================================================
Advanced HDL Synthesis Report

Macro Statistics
# RAMs                                                 : 5
 16x7-bit single-port distributed Read Only RAM        : 4
 4x4-bit single-port distributed Read Only RAM         : 1
# Counters                                             : 10
 17-bit up counter                                     : 1
 22-bit up counter                                     : 8
 5-bit up counter                                      : 1
# Registers                                            : 579
 Flip-Flops                                            : 579
# Multiplexers                                         : 356
 1-bit 12-to-1 multiplexer                             : 8
 1-bit 2-to-1 multiplexer                              : 29
 1-bit 4-to-1 multiplexer                              : 29
 4-bit 2-to-1 multiplexer                              : 288
 8-bit 2-to-1 multiplexer                              : 1
 8-bit 4-to-1 multiplexer                              : 1
# FSMs                                                 : 1

=========================================================================

=========================================================================
*                         Low Level Synthesis                           *
=========================================================================
Analyzing FSM <MFsm> for best encoding.
Optimizing FSM <XLXI_876/XLXI_98/FSM_0> on signal <Sreg0[1:3]> with user encoding.
-------------------
 State | Encoding
-------------------
 s1    | 000
 s2    | 001
 s3    | 010
 s4    | 011
 s5    | 100
 s6    | 101
 s7    | 110
 s8    | 111
-------------------

Optimizing unit <IFD8_HXILINX_mcs_basico3_top> ...

Optimizing unit <IFD4_HXILINX_mcs_basico3_top> ...

Optimizing unit <iobus_salida_MUSER_mcs_basico3_top> ...

Optimizing unit <FD8CE_HXILINX_mcs_basico3_top> ...

Optimizing unit <OFD8_HXILINX_mcs_basico3_top> ...

Optimizing unit <OFD_HXILINX_mcs_basico3_top> ...

Optimizing unit <mcs_basico3_top> ...

Optimizing unit <Modulo> ...

Optimizing unit <Division> ...

Optimizing unit <COMP16_HXILINX_mcs_basico3_top> ...

Optimizing unit <calc_potencia_MUSER_mcs_basico3_top> ...

Optimizing unit <M2_1_HXILINX_mcs_basico3_top> ...

Optimizing unit <M4_1E_HXILINX_mcs_basico3_top> ...

Optimizing unit <displays_7seg_nexys3_RemLab_MUSER_mcs_basico3_top> ...
WARNING:Xst:1710 - FF/Latch <Q_0> (without init value) has a constant value of 0 in block <XLXI_35>. This FF/Latch will be trimmed during the optimization process.
WARNING:Xst:1710 - FF/Latch <Q_1> (without init value) has a constant value of 0 in block <XLXI_35>. This FF/Latch will be trimmed during the optimization process.
WARNING:Xst:1710 - FF/Latch <Q_2> (without init value) has a constant value of 0 in block <XLXI_35>. This FF/Latch will be trimmed during the optimization process.
WARNING:Xst:1710 - FF/Latch <Q_3> (without init value) has a constant value of 0 in block <XLXI_35>. This FF/Latch will be trimmed during the optimization process.
WARNING:Xst:1710 - FF/Latch <Q_4> (without init value) has a constant value of 0 in block <XLXI_35>. This FF/Latch will be trimmed during the optimization process.
WARNING:Xst:1710 - FF/Latch <Q_5> (without init value) has a constant value of 0 in block <XLXI_35>. This FF/Latch will be trimmed during the optimization process.
WARNING:Xst:1710 - FF/Latch <Q_6> (without init value) has a constant value of 0 in block <XLXI_35>. This FF/Latch will be trimmed during the optimization process.
WARNING:Xst:1710 - FF/Latch <Q_7> (without init value) has a constant value of 0 in block <XLXI_35>. This FF/Latch will be trimmed during the optimization process.
WARNING:Xst:1293 - FF/Latch <q_tmp> has a constant value of 0 in block <XLXI_288_4>. This FF/Latch will be trimmed during the optimization process.
WARNING:Xst:1293 - FF/Latch <q_tmp> has a constant value of 0 in block <XLXI_288_3>. This FF/Latch will be trimmed during the optimization process.
WARNING:Xst:1293 - FF/Latch <q_tmp> has a constant value of 0 in block <XLXI_288_2>. This FF/Latch will be trimmed during the optimization process.
WARNING:Xst:1293 - FF/Latch <q_tmp> has a constant value of 0 in block <XLXI_288_1>. This FF/Latch will be trimmed during the optimization process.
WARNING:Xst:1293 - FF/Latch <q_tmp> has a constant value of 0 in block <XLXI_165>. This FF/Latch will be trimmed during the optimization process.
WARNING:Xst:1290 - Hierarchical block <XLXI_183/XLXI_56> is unconnected in block <mcs_basico3_top>.
   It will be removed from the design.
WARNING:Xst:1290 - Hierarchical block <XLXI_183/XLXI_54> is unconnected in block <mcs_basico3_top>.
   It will be removed from the design.
WARNING:Xst:1290 - Hierarchical block <XLXI_183/XLXI_52> is unconnected in block <mcs_basico3_top>.
   It will be removed from the design.
WARNING:Xst:1290 - Hierarchical block <XLXI_183/XLXI_5> is unconnected in block <mcs_basico3_top>.
   It will be removed from the design.
WARNING:Xst:1290 - Hierarchical block <XLXI_183/XLXI_82> is unconnected in block <mcs_basico3_top>.
   It will be removed from the design.
WARNING:Xst:1293 - FF/Latch <XLXI_183/XLXI_86> has a constant value of 0 in block <mcs_basico3_top>. This FF/Latch will be trimmed during the optimization process.
WARNING:Xst:1293 - FF/Latch <XLXI_183/XLXI_86> has a constant value of 0 in block <mcs_basico3_top>. This FF/Latch will be trimmed during the optimization process.
WARNING:Xst:1293 - FF/Latch <XLXI_183/XLXI_86> has a constant value of 0 in block <mcs_basico3_top>. This FF/Latch will be trimmed during the optimization process.

Mapping all equations...
WARNING:Xst:1293 - FF/Latch <XLXI_183/XLXI_86> has a constant value of 0 in block <mcs_basico3_top>. This FF/Latch will be trimmed during the optimization process.
WARNING:Xst:1293 - FF/Latch <XLXI_183/XLXI_86> has a constant value of 0 in block <mcs_basico3_top>. This FF/Latch will be trimmed during the optimization process.
WARNING:Xst:1293 - FF/Latch <XLXI_183/XLXI_86> has a constant value of 0 in block <mcs_basico3_top>. This FF/Latch will be trimmed during the optimization process.
Building and optimizing final netlist ...
Found area constraint ratio of 100 (+ 5) on block mcs_basico3_top, actual ratio is 26.
INFO:Xst:2260 - The FF/Latch <XLXI_876/XLXI_87> in Unit <mcs_basico3_top> is equivalent to the following FF/Latch : <XLXI_876/XLXI_84_7> 
INFO:Xst:2260 - The FF/Latch <U0/microblaze_I/MicroBlaze_Core_I/Area.Decode_I/write_Addr_I_2> in Unit <mcs_0> is equivalent to the following FF/Latch : <U0/microblaze_I/MicroBlaze_Core_I/Area.Decode_I/write_Addr_I_2_1> 
INFO:Xst:2260 - The FF/Latch <U0/ilmb/POR_FF_I> in Unit <mcs_0> is equivalent to the following FF/Latch : <U0/dlmb/POR_FF_I> 
INFO:Xst:2260 - The FF/Latch <U0/iomodule_0/IOModule_Core_I1/intr_ctrl_I1/cipr_rd_dff_all[31].fdr_i> in Unit <mcs_0> is equivalent to the following 25 FFs/Latches : <U0/iomodule_0/IOModule_Core_I1/intr_ctrl_I1/cipr_rd_dff_all[30].fdr_i> <U0/iomodule_0/IOModule_Core_I1/intr_ctrl_I1/cipr_rd_dff_all[29].fdr_i> <U0/iomodule_0/IOModule_Core_I1/intr_ctrl_I1/cipr_rd_dff_all[28].fdr_i> <U0/iomodule_0/IOModule_Core_I1/intr_ctrl_I1/cipr_rd_dff_all[27].fdr_i> <U0/iomodule_0/IOModule_Core_I1/intr_ctrl_I1/cipr_rd_dff_all[26].fdr_i> <U0/iomodule_0/IOModule_Core_I1/intr_ctrl_I1/cipr_rd_dff_all[25].fdr_i> <U0/iomodule_0/IOModule_Core_I1/intr_ctrl_I1/cipr_rd_dff_all[24].fdr_i> <U0/iomodule_0/IOModule_Core_I1/intr_ctrl_I1/cipr_rd_dff_all[23].fdr_i> <U0/iomodule_0/IOModule_Core_I1/intr_ctrl_I1/cipr_rd_dff_all[22].fdr_i> <U0/iomodule_0/IOModule_Core_I1/intr_ctrl_I1/cipr_rd_dff_all[21].fdr_i> <U0/iomodule_0/IOModule_Core_I1/intr_ctrl_I1/cipr_rd_dff_all[15].fdr_i>
   <U0/iomodule_0/IOModule_Core_I1/intr_ctrl_I1/cipr_rd_dff_all[14].fdr_i> <U0/iomodule_0/IOModule_Core_I1/intr_ctrl_I1/cipr_rd_dff_all[13].fdr_i> <U0/iomodule_0/IOModule_Core_I1/intr_ctrl_I1/cipr_rd_dff_all[12].fdr_i> <U0/iomodule_0/IOModule_Core_I1/intr_ctrl_I1/cipr_rd_dff_all[11].fdr_i> <U0/iomodule_0/IOModule_Core_I1/intr_ctrl_I1/cipr_rd_dff_all[10].fdr_i> <U0/iomodule_0/IOModule_Core_I1/intr_ctrl_I1/cipr_rd_dff_all[9].fdr_i> <U0/iomodule_0/IOModule_Core_I1/intr_ctrl_I1/cipr_rd_dff_all[8].fdr_i> <U0/iomodule_0/IOModule_Core_I1/intr_ctrl_I1/cipr_rd_dff_all[6].fdr_i> <U0/iomodule_0/IOModule_Core_I1/intr_ctrl_I1/cipr_rd_dff_all[5].fdr_i> <U0/iomodule_0/IOModule_Core_I1/intr_ctrl_I1/cipr_rd_dff_all[4].fdr_i> <U0/iomodule_0/IOModule_Core_I1/intr_ctrl_I1/cipr_rd_dff_all[3].fdr_i> <U0/iomodule_0/IOModule_Core_I1/intr_ctrl_I1/cipr_rd_dff_all[2].fdr_i> <U0/iomodule_0/IOModule_Core_I1/intr_ctrl_I1/cipr_rd_dff_all[1].fdr_i> <U0/iomodule_0/IOModule_Core_I1/intr_ctrl_I1/cipr_rd_dff_all[0].fdr_i> 
INFO:Xst:2260 - The FF/Latch <U0/microblaze_I/MicroBlaze_Core_I/Area.Decode_I/write_Addr_I_3> in Unit <mcs_0> is equivalent to the following FF/Latch : <U0/microblaze_I/MicroBlaze_Core_I/Area.Decode_I/write_Addr_I_3_1> 
INFO:Xst:2260 - The FF/Latch <U0/microblaze_I/MicroBlaze_Core_I/Area.Decode_I/write_Addr_I_1> in Unit <mcs_0> is equivalent to the following FF/Latch : <U0/microblaze_I/MicroBlaze_Core_I/Area.Decode_I/write_Addr_I_1_1> 
INFO:Xst:2260 - The FF/Latch <U0/microblaze_I/MicroBlaze_Core_I/Area.Decode_I/write_Addr_I_2> in Unit <mcs_0> is equivalent to the following FF/Latch : <U0/microblaze_I/MicroBlaze_Core_I/Area.Decode_I/write_Addr_I_2_1> 
INFO:Xst:2260 - The FF/Latch <U0/ilmb/POR_FF_I> in Unit <mcs_0> is equivalent to the following FF/Latch : <U0/dlmb/POR_FF_I> 
INFO:Xst:2260 - The FF/Latch <U0/iomodule_0/IOModule_Core_I1/intr_ctrl_I1/cipr_rd_dff_all[31].fdr_i> in Unit <mcs_0> is equivalent to the following 25 FFs/Latches : <U0/iomodule_0/IOModule_Core_I1/intr_ctrl_I1/cipr_rd_dff_all[30].fdr_i> <U0/iomodule_0/IOModule_Core_I1/intr_ctrl_I1/cipr_rd_dff_all[29].fdr_i> <U0/iomodule_0/IOModule_Core_I1/intr_ctrl_I1/cipr_rd_dff_all[28].fdr_i> <U0/iomodule_0/IOModule_Core_I1/intr_ctrl_I1/cipr_rd_dff_all[27].fdr_i> <U0/iomodule_0/IOModule_Core_I1/intr_ctrl_I1/cipr_rd_dff_all[26].fdr_i> <U0/iomodule_0/IOModule_Core_I1/intr_ctrl_I1/cipr_rd_dff_all[25].fdr_i> <U0/iomodule_0/IOModule_Core_I1/intr_ctrl_I1/cipr_rd_dff_all[24].fdr_i> <U0/iomodule_0/IOModule_Core_I1/intr_ctrl_I1/cipr_rd_dff_all[23].fdr_i> <U0/iomodule_0/IOModule_Core_I1/intr_ctrl_I1/cipr_rd_dff_all[22].fdr_i> <U0/iomodule_0/IOModule_Core_I1/intr_ctrl_I1/cipr_rd_dff_all[21].fdr_i> <U0/iomodule_0/IOModule_Core_I1/intr_ctrl_I1/cipr_rd_dff_all[15].fdr_i>
   <U0/iomodule_0/IOModule_Core_I1/intr_ctrl_I1/cipr_rd_dff_all[14].fdr_i> <U0/iomodule_0/IOModule_Core_I1/intr_ctrl_I1/cipr_rd_dff_all[13].fdr_i> <U0/iomodule_0/IOModule_Core_I1/intr_ctrl_I1/cipr_rd_dff_all[12].fdr_i> <U0/iomodule_0/IOModule_Core_I1/intr_ctrl_I1/cipr_rd_dff_all[11].fdr_i> <U0/iomodule_0/IOModule_Core_I1/intr_ctrl_I1/cipr_rd_dff_all[10].fdr_i> <U0/iomodule_0/IOModule_Core_I1/intr_ctrl_I1/cipr_rd_dff_all[9].fdr_i> <U0/iomodule_0/IOModule_Core_I1/intr_ctrl_I1/cipr_rd_dff_all[8].fdr_i> <U0/iomodule_0/IOModule_Core_I1/intr_ctrl_I1/cipr_rd_dff_all[6].fdr_i> <U0/iomodule_0/IOModule_Core_I1/intr_ctrl_I1/cipr_rd_dff_all[5].fdr_i> <U0/iomodule_0/IOModule_Core_I1/intr_ctrl_I1/cipr_rd_dff_all[4].fdr_i> <U0/iomodule_0/IOModule_Core_I1/intr_ctrl_I1/cipr_rd_dff_all[3].fdr_i> <U0/iomodule_0/IOModule_Core_I1/intr_ctrl_I1/cipr_rd_dff_all[2].fdr_i> <U0/iomodule_0/IOModule_Core_I1/intr_ctrl_I1/cipr_rd_dff_all[1].fdr_i> <U0/iomodule_0/IOModule_Core_I1/intr_ctrl_I1/cipr_rd_dff_all[0].fdr_i> 
INFO:Xst:2260 - The FF/Latch <U0/microblaze_I/MicroBlaze_Core_I/Area.Decode_I/write_Addr_I_3> in Unit <mcs_0> is equivalent to the following FF/Latch : <U0/microblaze_I/MicroBlaze_Core_I/Area.Decode_I/write_Addr_I_3_1> 
INFO:Xst:2260 - The FF/Latch <U0/microblaze_I/MicroBlaze_Core_I/Area.Decode_I/write_Addr_I_1> in Unit <mcs_0> is equivalent to the following FF/Latch : <U0/microblaze_I/MicroBlaze_Core_I/Area.Decode_I/write_Addr_I_1_1> 
WARNING:Xst:1293 - FF/Latch <XLXI_183/XLXI_86> has a constant value of 0 in block <mcs_basico3_top>. This FF/Latch will be trimmed during the optimization process.
WARNING:Xst:1293 - FF/Latch <XLXI_183/XLXI_86> has a constant value of 0 in block <mcs_basico3_top>. This FF/Latch will be trimmed during the optimization process.
FlipFlop XLXI_876/XLXI_98/sel_sum_0 has been replicated 2 time(s)
FlipFlop XLXI_876/XLXI_98/sel_sum_1 has been replicated 1 time(s)
FlipFlop XLXI_876/XLXI_98/sumador has been replicated 2 time(s)
WARNING:Xst:1293 - FF/Latch <XLXI_183/XLXI_86> has a constant value of 0 in block <mcs_basico3_top>. This FF/Latch will be trimmed during the optimization process.
WARNING:Xst:1293 - FF/Latch <XLXI_183/XLXI_86> has a constant value of 0 in block <mcs_basico3_top>. This FF/Latch will be trimmed during the optimization process.

Final Macro Processing ...

=========================================================================
Final Register Report

Macro Statistics
# Registers                                            : 732
 Flip-Flops                                            : 732

=========================================================================
WARNING:Xst:1293 - FF/Latch <XLXI_183/XLXI_86> has a constant value of 0 in block <mcs_basico3_top>. This FF/Latch will be trimmed during the optimization process.
WARNING:Xst:1293 - FF/Latch <XLXI_183/XLXI_86> has a constant value of 0 in block <mcs_basico3_top>. This FF/Latch will be trimmed during the optimization process.
WARNING:Xst:1293 - FF/Latch <XLXI_183/XLXI_86> has a constant value of 0 in block <mcs_basico3_top>. This FF/Latch will be trimmed during the optimization process.

=========================================================================
*                           Partition Report                            *
=========================================================================

Partition Implementation Status
-------------------------------

  No Partitions were found in this design.

-------------------------------

=========================================================================
*                            Design Summary                             *
=========================================================================

Top Level Output File Name         : mcs_basico3_top.ngc

Primitive and Black Box Usage:
------------------------------
# BELS                             : 3300
#      AND2                        : 5
#      AND3                        : 2
#      BUF                         : 12
#      GND                         : 12
#      INV                         : 112
#      LUT1                        : 204
#      LUT2                        : 159
#      LUT3                        : 327
#      LUT4                        : 282
#      LUT5                        : 221
#      LUT6                        : 723
#      LUT6_2                      : 90
#      MULT_AND                    : 3
#      MUXCY                       : 445
#      MUXCY_L                     : 75
#      MUXF5                       : 66
#      MUXF6                       : 1
#      MUXF7                       : 47
#      OR2                         : 1
#      VCC                         : 5
#      XORCY                       : 508
# FlipFlops/Latches                : 2373
#      FD                          : 217
#      FDC                         : 11
#      FDE                         : 1636
#      FDR                         : 333
#      FDRE                        : 146
#      FDS                         : 9
#      FDSE                        : 20
#      ODDR2                       : 1
# RAMS                             : 80
#      RAM32X1D                    : 64
#      RAMB16BWER                  : 16
# Shift Registers                  : 77
#      SRL16E                      : 58
#      SRLC16E                     : 17
#      SRLC32E                     : 2
# Clock Buffers                    : 7
#      BUFG                        : 7
# IO Buffers                       : 66
#      IBUF                        : 17
#      IBUFG                       : 1
#      IOBUF                       : 8
#      OBUF                        : 36
#      OBUFT                       : 4
# DCMs                             : 1
#      DCM_SP                      : 1
# Logical                          : 2
#      NAND2                       : 2
# DSPs                             : 1
#      DSP48A1                     : 1
# Others                           : 1
#      STARTUP_SPARTAN6            : 1

Device utilization summary:
---------------------------

Selected Device : 6slx16csg324-3 


Slice Logic Utilization: 
 Number of Slice Registers:            2361  out of  18224    12%  
 Number of Slice LUTs:                 2323  out of   9112    25%  
    Number used as Logic:              2118  out of   9112    23%  
    Number used as Memory:              205  out of   2176     9%  
       Number used as RAM:              128
       Number used as SRL:               77

Slice Logic Distribution: 
 Number of LUT Flip Flop pairs used:   3835
   Number with an unused Flip Flop:    1474  out of   3835    38%  
   Number with an unused LUT:          1512  out of   3835    39%  
   Number of fully used LUT-FF pairs:   849  out of   3835    22%  
   Number of unique control sets:       105

IO Utilization: 
 Number of IOs:                          70
 Number of bonded IOBs:                  66  out of    232    28%  
    IOB Flip Flops/Latches:              12

Specific Feature Utilization:
 Number of Block RAM/FIFO:               16  out of     32    50%  
    Number using Block RAM only:         16
 Number of BUFG/BUFGCTRLs:                7  out of     16    43%  
 Number of DSP48A1s:                      1  out of     32     3%  

---------------------------
Partition Resource Summary:
---------------------------

  No Partitions were found in this design.

---------------------------


=========================================================================
Timing Report

NOTE: THESE TIMING NUMBERS ARE ONLY A SYNTHESIS ESTIMATE.
      FOR ACCURATE TIMING INFORMATION PLEASE REFER TO THE TRACE REPORT
      GENERATED AFTER PLACE-and-ROUTE.

Clock Information:
------------------
-----------------------------------+------------------------+-------+
Clock Signal                       | Clock buffer(FF name)  | Load  |
-----------------------------------+------------------------+-------+
XLXI_867/blk00000001/Q<7>          | BUFG                   | 18    |
ck_100MHz_pad                      | DCM_SP:CLK2X           | 2473  |
EppDSTB                            | IBUF+BUFG              | 16    |
EppASTB                            | IBUF+BUFG              | 8     |
ck_100MHz_pad                      | DCM_SP:CLKFX           | 16    |
-----------------------------------+------------------------+-------+

Asynchronous Control Signals Information:
----------------------------------------
No asynchronous control signals found in this design

Timing Summary:
---------------
Speed Grade: -3

   Minimum period: 20.575ns (Maximum Frequency: 48.603MHz)
   Minimum input arrival time before clock: 4.731ns
   Maximum output required time after clock: 8.047ns
   Maximum combinational path delay: 5.749ns

Timing Details:
---------------
All values displayed in nanoseconds (ns)

=========================================================================
Timing constraint: Default period analysis for Clock 'ck_100MHz_pad'
  Clock period: 20.575ns (frequency: 48.603MHz)
  Total number of paths / destination ports: 177249 / 6147
-------------------------------------------------------------------------
Delay:               10.288ns (Levels of Logic = 5)
  Source:            XLXI_876/XLXI_87 (FF)
  Destination:       XLXI_876/XLXI_92_7 (FF)
  Source Clock:      ck_100MHz_pad rising 2.0X
  Destination Clock: ck_100MHz_pad rising 2.0X

  Data Path: XLXI_876/XLXI_87 to XLXI_876/XLXI_92_7
                                Gate     Net
    Cell:in->out      fanout   Delay   Delay  Logical Name (Net Name)
    ----------------------------------------  ------------
     FDE:C->Q             21   0.447   1.114  XLXI_876/XLXI_87 (XLXI_876/s)
     begin scope: 'XLXI_876/XLXI_97_12:D2'
     LUT5:I4->O           42   0.205   1.433  Mmux_O11 (O)
     end scope: 'XLXI_876/XLXI_97_12:O'
     begin scope: 'XLXI_876/XLXI_93:b<12>'
     begin scope: 'XLXI_876/XLXI_93/blk00000001:B<12>'
     SEC:in->out           4   6.304   0.683  sec_inst (sec_net)
     end scope: 'XLXI_876/XLXI_93/blk00000001:S<7>'
     end scope: 'XLXI_876/XLXI_93:s<7>'
     FDE:D                     0.102          XLXI_876/XLXI_84_7
    ----------------------------------------
    Total                     10.288ns (7.058ns logic, 3.230ns route)
                                       (68.6% logic, 31.4% route)

=========================================================================
Timing constraint: Default period analysis for Clock 'XLXI_867/blk00000001/Q<7>'
  Clock period: 1.199ns (frequency: 833.854MHz)
  Total number of paths / destination ports: 4 / 4
-------------------------------------------------------------------------
Delay:               1.199ns (Levels of Logic = 0)
  Source:            XLXI_873/XLXI_32 (FF)
  Destination:       XLXI_873/XLXI_7 (FF)
  Source Clock:      XLXI_867/blk00000001/Q<7> rising
  Destination Clock: XLXI_867/blk00000001/Q<7> rising

  Data Path: XLXI_873/XLXI_32 to XLXI_873/XLXI_7
                                Gate     Net
    Cell:in->out      fanout   Delay   Delay  Logical Name (Net Name)
    ----------------------------------------  ------------
     FDSE:C->Q             3   0.447   0.650  XLXI_873/XLXI_32 (XLXI_873/anodo_DUMMY<3>)
     FD:D                      0.102          XLXI_873/XLXI_7
    ----------------------------------------
    Total                      1.199ns (0.549ns logic, 0.650ns route)
                                       (45.8% logic, 54.2% route)

=========================================================================
Timing constraint: Default OFFSET IN BEFORE for Clock 'EppDSTB'
  Total number of paths / destination ports: 32 / 32
-------------------------------------------------------------------------
Offset:              3.990ns (Levels of Logic = 3)
  Source:            EppWRITE (PAD)
  Destination:       XLXI_865/regbtn_7 (FF)
  Destination Clock: EppDSTB rising

  Data Path: EppWRITE to XLXI_865/regbtn_7
                                Gate     Net
    Cell:in->out      fanout   Delay   Delay  Logical Name (Net Name)
    ----------------------------------------  ------------
     IBUF:I->O             2   1.222   0.617  EppWRITE_IBUF (EppWRITE_IBUF)
     LUT4:I3->O            2   0.205   0.617  XLXI_865/_n0129_inv_SW0 (N2)
     LUT6:I5->O            8   0.205   0.802  XLXI_865/_n0129_inv (XLXI_865/_n0129_inv)
     FDE:CE                    0.322          XLXI_865/regbtn_0
    ----------------------------------------
    Total                      3.990ns (1.954ns logic, 2.036ns route)
                                       (49.0% logic, 51.0% route)

=========================================================================
Timing constraint: Default OFFSET IN BEFORE for Clock 'EppASTB'
  Total number of paths / destination ports: 16 / 16
-------------------------------------------------------------------------
Offset:              3.370ns (Levels of Logic = 2)
  Source:            EppWRITE (PAD)
  Destination:       XLXI_865/regEppAdr_7 (FF)
  Destination Clock: EppASTB rising

  Data Path: EppWRITE to XLXI_865/regEppAdr_7
                                Gate     Net
    Cell:in->out      fanout   Delay   Delay  Logical Name (Net Name)
    ----------------------------------------  ------------
     IBUF:I->O             2   1.222   0.616  EppWRITE_IBUF (EppWRITE_IBUF)
     INV:I->O             16   0.206   1.004  XLXI_865/EppWRITE_inv1_INV_0 (XLXI_865/EppWRITE_inv)
     FDE:CE                    0.322          XLXI_865/regEppAdr_0
    ----------------------------------------
    Total                      3.370ns (1.750ns logic, 1.620ns route)
                                       (51.9% logic, 48.1% route)

=========================================================================
Timing constraint: Default OFFSET IN BEFORE for Clock 'XLXI_867/blk00000001/Q<7>'
  Total number of paths / destination ports: 12 / 12
-------------------------------------------------------------------------
Offset:              1.903ns (Levels of Logic = 2)
  Source:            sw_pad<0> (PAD)
  Destination:       XLXI_387/Q_0 (FF)
  Destination Clock: XLXI_867/blk00000001/Q<7> rising

  Data Path: sw_pad<0> to XLXI_387/Q_0
                                Gate     Net
    Cell:in->out      fanout   Delay   Delay  Logical Name (Net Name)
    ----------------------------------------  ------------
     IBUF:I->O             1   1.222   0.579  sw_pad_0_IBUF (sw_pad_0_IBUF)
     begin scope: 'XLXI_387:D<0>'
     FD:D                      0.102          Q_0
    ----------------------------------------
    Total                      1.903ns (1.324ns logic, 0.579ns route)
                                       (69.6% logic, 30.4% route)

=========================================================================
Timing constraint: Default OFFSET IN BEFORE for Clock 'ck_100MHz_pad'
  Total number of paths / destination ports: 23 / 23
-------------------------------------------------------------------------
Offset:              4.731ns (Levels of Logic = 3)
  Source:            reset_pad (PAD)
  Destination:       XLXI_876/XLXI_98/Sreg0_machine.ciclosd_0 (FF)
  Destination Clock: ck_100MHz_pad rising 2.0X

  Data Path: reset_pad to XLXI_876/XLXI_98/Sreg0_machine.ciclosd_0
                                Gate     Net
    Cell:in->out      fanout   Delay   Delay  Logical Name (Net Name)
    ----------------------------------------  ------------
     IBUF:I->O             2   1.222   0.721  XLXI_30 (reset_i)
     LUT2:I0->O           15   0.203   1.346  XLXI_865/btnInternal<0>1 (n0022<0>)
     LUT6:I0->O            5   0.203   0.714  XLXI_876/XLXI_98/_n0219_inv (XLXI_876/XLXI_98/_n0219_inv)
     FDE:CE                    0.322          XLXI_876/XLXI_98/Sreg0_machine.ciclosd_0
    ----------------------------------------
    Total                      4.731ns (1.950ns logic, 2.781ns route)
                                       (41.2% logic, 58.8% route)

=========================================================================
Timing constraint: Default OFFSET OUT AFTER for Clock 'ck_100MHz_pad'
  Total number of paths / destination ports: 289 / 29
-------------------------------------------------------------------------
Offset:              8.047ns (Levels of Logic = 6)
  Source:            mcs_0/U0/iomodule_0/IOModule_Core_I1/GPO_I3/gpo_io_i_9 (FF)
  Destination:       DB<6> (PAD)
  Source Clock:      ck_100MHz_pad rising 2.0X

  Data Path: mcs_0/U0/iomodule_0/IOModule_Core_I1/GPO_I3/gpo_io_i_9 to DB<6>
                                Gate     Net
    Cell:in->out      fanout   Delay   Delay  Logical Name (Net Name)
    ----------------------------------------  ------------
     FDRE:C->Q             7   0.447   1.021  U0/iomodule_0/IOModule_Core_I1/GPO_I3/gpo_io_i_9 (gpo3<9>)
     end scope: 'mcs_0:gpo3<9>'
     LUT4:I0->O            1   0.203   0.579  XLXI_873/XLXI_38/Mram_SEGMENTO_NEG1 (XLXI_873/XLXI_38/Mram_SEGMENTO_NEG)
     INV:I->O              2   0.568   0.864  XLXI_873/XLXI_51_0 (seg2<0>)
     LUT5:I1->O            1   0.203   0.808  XLXI_865/Mmux_busEppInternal1_SW0 (N18)
     LUT6:I3->O            1   0.205   0.579  XLXI_865/Mmux_busEppInternal1 (XLXI_865/busEppInternal<0>)
     IOBUF:I->IO               2.571          DB_0_IOBUF (DB<0>)
    ----------------------------------------
    Total                      8.047ns (4.197ns logic, 3.850ns route)
                                       (52.2% logic, 47.8% route)

=========================================================================
Timing constraint: Default OFFSET OUT AFTER for Clock 'EppASTB'
  Total number of paths / destination ports: 109 / 8
-------------------------------------------------------------------------
Offset:              6.412ns (Levels of Logic = 4)
  Source:            XLXI_865/regEppAdr_0 (FF)
  Destination:       DB<7> (PAD)
  Source Clock:      EppASTB rising

  Data Path: XLXI_865/regEppAdr_0 to DB<7>
                                Gate     Net
    Cell:in->out      fanout   Delay   Delay  Logical Name (Net Name)
    ----------------------------------------  ------------
     FDE:C->Q             27   0.447   1.585  XLXI_865/regEppAdr_0 (XLXI_865/regEppAdr_0)
     LUT6:I0->O            1   0.203   0.000  XLXI_865/mux_6 (XLXI_865/mux_6)
     MUXF7:I1->O           1   0.140   0.684  XLXI_865/mux_5_f7 (XLXI_865/mux_5_f7)
     LUT6:I4->O            1   0.203   0.579  XLXI_865/Mmux_busEppInternal1 (XLXI_865/busEppInternal<0>)
     IOBUF:I->IO               2.571          DB_0_IOBUF (DB<0>)
    ----------------------------------------
    Total                      6.412ns (3.564ns logic, 2.848ns route)
                                       (55.6% logic, 44.4% route)

=========================================================================
Timing constraint: Default OFFSET OUT AFTER for Clock 'EppDSTB'
  Total number of paths / destination ports: 18 / 10
-------------------------------------------------------------------------
Offset:              5.716ns (Levels of Logic = 4)
  Source:            XLXI_865/regbtn_0 (FF)
  Destination:       DB<0> (PAD)
  Source Clock:      EppDSTB rising

  Data Path: XLXI_865/regbtn_0 to DB<0>
                                Gate     Net
    Cell:in->out      fanout   Delay   Delay  Logical Name (Net Name)
    ----------------------------------------  ------------
     FDE:C->Q              3   0.447   0.898  XLXI_865/regbtn_0 (XLXI_865/regbtn_0)
     LUT6:I2->O            1   0.203   0.000  XLXI_865/mux_7 (XLXI_865/mux_7)
     MUXF7:I0->O           1   0.131   0.684  XLXI_865/mux_5_f7 (XLXI_865/mux_5_f7)
     LUT6:I4->O            1   0.203   0.579  XLXI_865/Mmux_busEppInternal1 (XLXI_865/busEppInternal<0>)
     IOBUF:I->IO               2.571          DB_0_IOBUF (DB<0>)
    ----------------------------------------
    Total                      5.716ns (3.555ns logic, 2.161ns route)
                                       (62.2% logic, 37.8% route)

=========================================================================
Timing constraint: Default path analysis
  Total number of paths / destination ports: 20 / 11
-------------------------------------------------------------------------
Delay:               5.749ns (Levels of Logic = 3)
  Source:            EppASTB (PAD)
  Destination:       DB<7> (PAD)

  Data Path: EppASTB to DB<7>
                                Gate     Net
    Cell:in->out      fanout   Delay   Delay  Logical Name (Net Name)
    ----------------------------------------  ------------
     IBUF:I->O             9   1.222   1.174  EppASTB_IBUF (EppASTB_IBUF)
     LUT6:I1->O            1   0.203   0.579  XLXI_865/Mmux_busEppInternal2 (XLXI_865/busEppInternal<1>)
     IOBUF:I->IO               2.571          DB_1_IOBUF (DB<1>)
    ----------------------------------------
    Total                      5.749ns (3.996ns logic, 1.753ns route)
                                       (69.5% logic, 30.5% route)

=========================================================================

Cross Clock Domains Report:
--------------------------

Clock to Setup on destination clock EppDSTB
---------------+---------+---------+---------+---------+
               | Src:Rise| Src:Fall| Src:Rise| Src:Fall|
Source Clock   |Dest:Rise|Dest:Rise|Dest:Fall|Dest:Fall|
---------------+---------+---------+---------+---------+
EppASTB        |    3.494|         |         |         |
---------------+---------+---------+---------+---------+

Clock to Setup on destination clock XLXI_867/blk00000001/Q<7>
-------------------------+---------+---------+---------+---------+
                         | Src:Rise| Src:Fall| Src:Rise| Src:Fall|
Source Clock             |Dest:Rise|Dest:Rise|Dest:Fall|Dest:Fall|
-------------------------+---------+---------+---------+---------+
XLXI_867/blk00000001/Q<7>|    1.199|         |         |         |
-------------------------+---------+---------+---------+---------+

Clock to Setup on destination clock ck_100MHz_pad
-------------------------+---------+---------+---------+---------+
                         | Src:Rise| Src:Fall| Src:Rise| Src:Fall|
Source Clock             |Dest:Rise|Dest:Rise|Dest:Fall|Dest:Fall|
-------------------------+---------+---------+---------+---------+
EppDSTB                  |    3.888|         |         |         |
XLXI_867/blk00000001/Q<7>|    1.436|         |         |         |
ck_100MHz_pad            |   10.288|         |         |         |
-------------------------+---------+---------+---------+---------+

=========================================================================


Total REAL time to Xst completion: 16.00 secs
Total CPU time to Xst completion: 16.21 secs
 
--> 

Total memory usage is 4540292 kilobytes

Number of errors   :    0 (   0 filtered)
Number of warnings :   62 (   0 filtered)
Number of infos    :   32 (   0 filtered)

