#-----------------------------------------------------------
# Vivado v2022.1 (64-bit)
# SW Build 3526262 on Mon Apr 18 15:48:16 MDT 2022
# IP Build 3524634 on Mon Apr 18 20:55:01 MDT 2022
# Start of session at: Thu Dec 12 09:53:59 2024
# Process ID: 1428
# Current directory: C:/Users/siselec/Downloads/ricardo
# Command line: vivado.exe -gui_launcher_event rodinguilauncherevent14732 C:\Users\siselec\Downloads\ricardo\calc_potencia_calc_potencia_sch_tb_isim_beh.wdb
# Log file: C:/Users/siselec/Downloads/ricardo/vivado.log
# Journal file: C:/Users/siselec/Downloads/ricardo\vivado.jou
# Running On: Lab3504L2-6, OS: Windows, CPU Frequency: 2808 MHz, CPU Physical cores: 6, Host memory: 8243 MB
#-----------------------------------------------------------
start_gui
open_wave_database {C:\Users\siselec\Downloads\ricardo\calc_potencia_calc_potencia_sch_tb_isim_beh.wdb}
WARNING: [Board 49-26] cannot add Board Part xilinx.com:vpk120_es:part0:1.2 available at C:/Xilinx/Vivado/2022.1/data/xhub/boards/XilinxBoardStore/boards/Xilinx/vpk120/es/1.2/board.xml as part xcvp1202-vsva2785-2mp-e-s-es1 specified in board_part file is either invalid or not available
WARNING: [Board 49-26] cannot add Board Part xilinx.com:vpk120_es_revb:part0:1.0 available at C:/Xilinx/Vivado/2022.1/data/xhub/boards/XilinxBoardStore/boards/Xilinx/vpk120_revb/es/1.0/board.xml as part xcvp1202-vsva2785-2mp-e-s-es1 specified in board_part file is either invalid or not available
WARNING: [Board 49-26] cannot add Board Part xilinx.com:zcu208ld:part0:2.0 available at C:/Xilinx/Vivado/2022.1/data/xhub/boards/XilinxBoardStore/boards/Xilinx/zcu208ld/production/2.0/board.xml as part xczu58dr-fsvg1517-2-i specified in board_part file is either invalid or not available
WARNING: [Board 49-26] cannot add Board Part xilinx.com:zcu216ld:part0:2.0 available at C:/Xilinx/Vivado/2022.1/data/xhub/boards/XilinxBoardStore/boards/Xilinx/zcu216ld/production/2.0/board.xml as part xczu59dr-ffvf1760-2-i specified in board_part file is either invalid or not available
WARNING: [Board 49-26] cannot add Board Part xilinx.com:zcu670:part0:2.0 available at C:/Xilinx/Vivado/2022.1/data/xhub/boards/XilinxBoardStore/boards/Xilinx/zcu670/2.0/board.xml as part xczu67dr-fsve1156-2-i specified in board_part file is either invalid or not available
WARNING: [Board 49-26] cannot add Board Part xilinx.com:zcu670ld:part0:1.0 available at C:/Xilinx/Vivado/2022.1/data/xhub/boards/XilinxBoardStore/boards/Xilinx/zcu670ld/1.0/board.xml as part xczu57dr-fsve1156-2-i specified in board_part file is either invalid or not available
INFO: [IP_Flow 19-234] Refreshing IP repositories
INFO: [IP_Flow 19-1704] No user IP repositories specified
INFO: [IP_Flow 19-2313] Loaded Vivado IP repository 'C:/Xilinx/Vivado/2022.1/data/ip'.
current_fileset: Time (s): cpu = 00:00:14 ; elapsed = 00:00:07 . Memory (MB): peak = 1699.215 ; gain = 0.000
ERROR: [Wavedata 42-25] The waveform database 'C:\Users\siselec\Downloads\ricardo\calc_potencia_calc_potencia_sch_tb_isim_beh.wdb' could not be opened for the following reason: The file may be corrupt or of an unsupported older format.  As of version 2014.3 Vivado includes a new, enhanced waveform database. Because the new database is incompatible with the old database, the current version of Vivado cannot open WDB files created in versions prior to 2014.3.
exit
INFO: [Common 17-206] Exiting Vivado at Thu Dec 12 09:55:38 2024...
