13:10:58.840 INFO  - Project 'hw_platform_0' created. You can now create BSPs and application projects targeting this hardware platform. 
20:56:40.671 INFO  - Copied contents of C:\Users\Usuario_UMA\Downloads\mcs_basico3_rl_2023\ipcore_dir\microcontrolador_mcs_sdk.xml into \hw_platform_0\system.xml. 
20:56:40.686 INFO  - Copied contents of C:\Users\Usuario_UMA\Downloads\mcs_basico3_rl_2023\ipcore_dir\microcontrolador_mcs.bmm into \hw_platform_0\system_bd.bmm. 
20:56:40.796 INFO  - Synchronizing projects in the workspace with the hardware platform specification changes. 
20:56:43.655 INFO  - Updating hardware inferred compiler options for hello_world. 
20:56:43.681 INFO  - Clearing existing target manager status. 
20:56:46.093 INFO  - Workspace synchronized with the new hardware specification file. Cleaning dependent projects... 
21:06:13.088 ERROR - Unexpected error while parsing XMD response ?: com.google.gson.JsonSyntaxException: com.google.gson.stream.MalformedJsonException: invalid number or unquoted string near  
21:29:13.858 INFO  - Project hw_platform_0's source hardware specification located at C:\Users\Usuario_UMA\Downloads\mcs_basico3_rl_2023\ipcore_dir\microcontrolador_mcs_sdk.xml is now different from the local copy.
		 The local copy will be replaced with the source specification and your workspace will be updated. 
21:29:38.437 INFO  - Copied contents of C:\Users\Usuario_UMA\Downloads\mcs_basico3_rl_2023\ipcore_dir\microcontrolador_mcs_sdk.xml into \hw_platform_0\system.xml. 
21:29:38.437 INFO  - Copied contents of C:\Users\Usuario_UMA\Downloads\mcs_basico3_rl_2023\ipcore_dir\microcontrolador_mcs.bmm into \hw_platform_0\system_bd.bmm. 
21:29:38.530 INFO  - Synchronizing projects in the workspace with the hardware platform specification changes. 
21:29:50.092 INFO  - Updating hardware inferred compiler options for hello_world. 
21:29:50.124 INFO  - Clearing existing target manager status. 
21:29:52.530 INFO  - Workspace synchronized with the new hardware specification file. Cleaning dependent projects... 
00:41:15.952 ERROR - Unexpected error while parsing XMD response ?: com.google.gson.JsonSyntaxException: com.google.gson.stream.MalformedJsonException: invalid number or unquoted string near  
12:56:55.356 INFO  - The new hardware specification file contains the same information as the current specification file. No changes were done to the workspace. 
10:28:09.782 INFO  - Project hw_platform_0's source hardware specification located at C:\Users\Usuario_UMA\Downloads\mcs_basico3_rl_2023\ipcore_dir\microcontrolador_mcs_sdk.xml is now different from the local copy.
		 The local copy will be replaced with the source specification and your workspace will be updated. 
10:28:13.094 INFO  - Copied contents of C:\Users\Usuario_UMA\Downloads\mcs_basico3_rl_2023\ipcore_dir\microcontrolador_mcs_sdk.xml into \hw_platform_0\system.xml. 
10:28:13.094 INFO  - Copied contents of C:\Users\Usuario_UMA\Downloads\mcs_basico3_rl_2023\ipcore_dir\microcontrolador_mcs.bmm into \hw_platform_0\system_bd.bmm. 
10:28:13.188 INFO  - Synchronizing projects in the workspace with the hardware platform specification changes. 
10:28:25.172 INFO  - Updating hardware inferred compiler options for hello_world. 
10:28:25.204 INFO  - Clearing existing target manager status. 
10:28:27.579 INFO  - Workspace synchronized with the new hardware specification file. Cleaning dependent projects... 
