Command line:
   bCalcSignoMag_isim_beh.exe
     -simmode  gui
     -simrunnum  0
     -socket  50531

Sun Nov 03 10:42:49 2024


 Elaboration Time: 0.03125 sec

 Current Memory Usage: 5150.91 Meg

 Total Signals          : 220
 Total Nets             : 305
 Total Signal Drivers   : 81
 Total Blocks           : 87
 Total Primitive Blocks : 70
 Total Processes        : 75
 Total Traceable Variables  : 234
 Total Scalar Nets and Variables : 1518
Total Line Count : 366
Total Line Count : 366

 Total Simulation Time: 0.0625 sec

 Current Memory Usage: 4993.63 Meg

Sun Nov 03 10:44:29 2024

