INFO:sim:172 - Generating IP...
Applying current project options...
Finished applying current project options.
WARNING:sim - VHDL simulation file type 'Behavioral' is not valid for this core.
   Overriding with simulation file type 'Structural'.
WARNING:sim - A core named 'microcontrolador_mcs' already exists in the project.
   Output products for this core may be overwritten.
Resolving generics for 'microcontrolador_mcs'...
WARNING:sim - VHDL simulation file type 'Behavioral' is not valid for this core.
   Overriding with simulation file type 'Structural'.
WARNING:sim - A core named 'microcontrolador_mcs' already exists in the project.
   Output products for this core may be overwritten.
Applying external generics to 'microcontrolador_mcs'...
Delivering associated files for 'microcontrolador_mcs'...
Generating implementation netlist for 'microcontrolador_mcs'...
INFO:sim - Pre-processing HDL files for 'microcontrolador_mcs'...
Running synthesis for 'microcontrolador_mcs'
Running ngcbuild...
Delivered 3 files into directory
C:/Users/Usuario_UMA/Downloads/mcs_basico3_rl_2023_1207/ipcore_dir/tmp/_cg/micro
controlador_mcs
INFO:sim - Running microblaze_mcs_gen_script.tcl
INFO:sim - Please source the "microblaze_mcs_setup.tcl" script in the Tcl
   Console to complete MicroBlaze MCS core generation
Writing VHO instantiation template for 'microcontrolador_mcs'...
WARNING:sim - VHDL simulation file type 'Behavioral' is not valid for this core.
   Overriding with simulation file type 'Structural'.
Writing VHDL structural simulation model for 'microcontrolador_mcs'...
WARNING:sim - VHDL simulation file type 'Behavioral' is not valid for this core.
   Overriding with simulation file type 'Structural'.
INFO:sim - Running microblaze_mcs_sim_script.tcl
INFO:sim - C_MICROBLAZE_INSTANCE = microcontrolador_mcs
INFO:sim - Netlist filename = ./_cg/microcontrolador_mcs.vhd
INFO:sim - Setting INIT_FILE = "microcontrolador_mcs.lmb_bram_15.mem" for BRAM
   15
INFO:sim - Setting INIT_FILE = "microcontrolador_mcs.lmb_bram_14.mem" for BRAM
   14
INFO:sim - Setting INIT_FILE = "microcontrolador_mcs.lmb_bram_13.mem" for BRAM
   13
INFO:sim - Setting INIT_FILE = "microcontrolador_mcs.lmb_bram_12.mem" for BRAM
   12
INFO:sim - Setting INIT_FILE = "microcontrolador_mcs.lmb_bram_11.mem" for BRAM
   11
INFO:sim - Setting INIT_FILE = "microcontrolador_mcs.lmb_bram_10.mem" for BRAM
   10
INFO:sim - Setting INIT_FILE = "microcontrolador_mcs.lmb_bram_9.mem" for BRAM 9
INFO:sim - Setting INIT_FILE = "microcontrolador_mcs.lmb_bram_8.mem" for BRAM 8
INFO:sim - Setting INIT_FILE = "microcontrolador_mcs.lmb_bram_7.mem" for BRAM 7
INFO:sim - Setting INIT_FILE = "microcontrolador_mcs.lmb_bram_6.mem" for BRAM 6
INFO:sim - Setting INIT_FILE = "microcontrolador_mcs.lmb_bram_5.mem" for BRAM 5
INFO:sim - Setting INIT_FILE = "microcontrolador_mcs.lmb_bram_4.mem" for BRAM 4
INFO:sim - Setting INIT_FILE = "microcontrolador_mcs.lmb_bram_3.mem" for BRAM 3
INFO:sim - Setting INIT_FILE = "microcontrolador_mcs.lmb_bram_2.mem" for BRAM 2
INFO:sim - Setting INIT_FILE = "microcontrolador_mcs.lmb_bram_1.mem" for BRAM 1
INFO:sim - Setting INIT_FILE = "microcontrolador_mcs.lmb_bram_0.mem" for BRAM 0
Generating ASY schematic symbol...
INFO:sim:949 - Finished generation of ASY schematic symbol.
Generating SYM schematic symbol for 'microcontrolador_mcs'...
Regenerating ISE project file for 'microcontrolador_mcs'...
Generating README file...
Generating FLIST file...
INFO:sim:948 - Finished FLIST file generation.
Launching README viewer...
Moving files to output directory...
Finished moving files to output directory
Wrote CGP file for project 'microcontrolador_mcs'.
